::1 - - [20/Feb/2018:10:33:22 +0000] "GET / HTTP/1.1" 200 3190 "-" "Mozilla/5.0 (Windows NT 10.0; Win64; x64) AppleWebKit/537.36 (KHTML, like Gecko) Chrome/64.0.3282.167 Safari/537.36"
::1 - - [20/Feb/2018:10:33:22 +0000] "GET /lib/angular-ui-notification/dist/angular-ui-notification.css HTTP/1.1" 200 1517 "http://localhost:3030/" "Mozilla/5.0 (Windows NT 10.0; Win64; x64) AppleWebKit/537.36 (KHTML, like Gecko) Chrome/64.0.3282.167 Safari/537.36"
::1 - - [20/Feb/2018:10:33:22 +0000] "GET /js/app.js HTTP/1.1" 200 3679 "http://localhost:3030/" "Mozilla/5.0 (Windows NT 10.0; Win64; x64) AppleWebKit/537.36 (KHTML, like Gecko) Chrome/64.0.3282.167 Safari/537.36"
::1 - - [20/Feb/2018:10:33:22 +0000] "GET /lib/angular-ui-notification/dist/angular-ui-notification.js HTTP/1.1" 200 10745 "http://localhost:3030/" "Mozilla/5.0 (Windows NT 10.0; Win64; x64) AppleWebKit/537.36 (KHTML, like Gecko) Chrome/64.0.3282.167 Safari/537.36"
::1 - - [20/Feb/2018:10:33:22 +0000] "GET /lib/angular-storage/dist/angular-storage.min.js HTTP/1.1" 200 2823 "http://localhost:3030/" "Mozilla/5.0 (Windows NT 10.0; Win64; x64) AppleWebKit/537.36 (KHTML, like Gecko) Chrome/64.0.3282.167 Safari/537.36"
::1 - - [20/Feb/2018:10:33:22 +0000] "GET /js/controllers/register-ctrl.js HTTP/1.1" 200 351 "http://localhost:3030/" "Mozilla/5.0 (Windows NT 10.0; Win64; x64) AppleWebKit/537.36 (KHTML, like Gecko) Chrome/64.0.3282.167 Safari/537.36"
::1 - - [20/Feb/2018:10:33:22 +0000] "GET /js/controllers/main-ctrl.js HTTP/1.1" 200 1876 "http://localhost:3030/" "Mozilla/5.0 (Windows NT 10.0; Win64; x64) AppleWebKit/537.36 (KHTML, like Gecko) Chrome/64.0.3282.167 Safari/537.36"
::1 - - [20/Feb/2018:10:33:22 +0000] "GET /js/controllers/login-ctrl.js HTTP/1.1" 200 1670 "http://localhost:3030/" "Mozilla/5.0 (Windows NT 10.0; Win64; x64) AppleWebKit/537.36 (KHTML, like Gecko) Chrome/64.0.3282.167 Safari/537.36"
::1 - - [20/Feb/2018:10:33:22 +0000] "GET /js/controllers/home-ctrl.js HTTP/1.1" 200 1436 "http://localhost:3030/" "Mozilla/5.0 (Windows NT 10.0; Win64; x64) AppleWebKit/537.36 (KHTML, like Gecko) Chrome/64.0.3282.167 Safari/537.36"
::1 - - [20/Feb/2018:10:33:22 +0000] "GET /js/controllers/chat-ctrl.js HTTP/1.1" 200 427 "http://localhost:3030/" "Mozilla/5.0 (Windows NT 10.0; Win64; x64) AppleWebKit/537.36 (KHTML, like Gecko) Chrome/64.0.3282.167 Safari/537.36"
::1 - - [20/Feb/2018:10:33:22 +0000] "GET /js/services/token-service.js HTTP/1.1" 200 602 "http://localhost:3030/" "Mozilla/5.0 (Windows NT 10.0; Win64; x64) AppleWebKit/537.36 (KHTML, like Gecko) Chrome/64.0.3282.167 Safari/537.36"
::1 - - [20/Feb/2018:10:33:22 +0000] "GET /js/services/constant-service.js HTTP/1.1" 200 1283 "http://localhost:3030/" "Mozilla/5.0 (Windows NT 10.0; Win64; x64) AppleWebKit/537.36 (KHTML, like Gecko) Chrome/64.0.3282.167 Safari/537.36"
::1 - - [20/Feb/2018:10:33:22 +0000] "GET /js/services/http-service.js HTTP/1.1" 200 441 "http://localhost:3030/" "Mozilla/5.0 (Windows NT 10.0; Win64; x64) AppleWebKit/537.36 (KHTML, like Gecko) Chrome/64.0.3282.167 Safari/537.36"
::1 - - [20/Feb/2018:10:33:22 +0000] "GET /js/services/api-interceptor-service.js HTTP/1.1" 200 976 "http://localhost:3030/" "Mozilla/5.0 (Windows NT 10.0; Win64; x64) AppleWebKit/537.36 (KHTML, like Gecko) Chrome/64.0.3282.167 Safari/537.36"
::1 - - [20/Feb/2018:10:33:22 +0000] "GET /js/services/check-allowed-states-service.js HTTP/1.1" 200 702 "http://localhost:3030/" "Mozilla/5.0 (Windows NT 10.0; Win64; x64) AppleWebKit/537.36 (KHTML, like Gecko) Chrome/64.0.3282.167 Safari/537.36"
::1 - - [20/Feb/2018:10:33:22 +0000] "GET /lib/angular-ui-router/release/angular-ui-router.min.js HTTP/1.1" 200 110683 "http://localhost:3030/" "Mozilla/5.0 (Windows NT 10.0; Win64; x64) AppleWebKit/537.36 (KHTML, like Gecko) Chrome/64.0.3282.167 Safari/537.36"
::1 - - [20/Feb/2018:10:33:22 +0000] "GET /lib/angular/angular.min.js HTTP/1.1" 200 169920 "http://localhost:3030/" "Mozilla/5.0 (Windows NT 10.0; Win64; x64) AppleWebKit/537.36 (KHTML, like Gecko) Chrome/64.0.3282.167 Safari/537.36"
::1 - - [20/Feb/2018:10:33:22 +0000] "GET /js/services/tabs-service.js HTTP/1.1" 200 742 "http://localhost:3030/" "Mozilla/5.0 (Windows NT 10.0; Win64; x64) AppleWebKit/537.36 (KHTML, like Gecko) Chrome/64.0.3282.167 Safari/537.36"
::1 - - [20/Feb/2018:10:33:22 +0000] "GET /js/services/auth-service.js HTTP/1.1" 200 387 "http://localhost:3030/" "Mozilla/5.0 (Windows NT 10.0; Win64; x64) AppleWebKit/537.36 (KHTML, like Gecko) Chrome/64.0.3282.167 Safari/537.36"
::1 - - [20/Feb/2018:10:33:22 +0000] "GET /js/filters/filter.js HTTP/1.1" 200 200 "http://localhost:3030/" "Mozilla/5.0 (Windows NT 10.0; Win64; x64) AppleWebKit/537.36 (KHTML, like Gecko) Chrome/64.0.3282.167 Safari/537.36"
::1 - - [20/Feb/2018:10:33:25 +0000] "GET /templates/register.html HTTP/1.1" 200 1556 "http://localhost:3030/" "Mozilla/5.0 (Windows NT 10.0; Win64; x64) AppleWebKit/537.36 (KHTML, like Gecko) Chrome/64.0.3282.167 Safari/537.36"
::1 - - [20/Feb/2018:10:33:25 +0000] "GET /templates/login.html HTTP/1.1" 200 661 "http://localhost:3030/" "Mozilla/5.0 (Windows NT 10.0; Win64; x64) AppleWebKit/537.36 (KHTML, like Gecko) Chrome/64.0.3282.167 Safari/537.36"
::1 - - [20/Feb/2018:10:33:26 +0000] "GET /lib/angular-ui-notification/dist/angular-ui-notification.css HTTP/1.1" 304 - "http://localhost:3030/" "Mozilla/5.0 (Windows NT 10.0; Win64; x64) AppleWebKit/537.36 (KHTML, like Gecko) Chrome/64.0.3282.167 Safari/537.36"
::1 - - [20/Feb/2018:10:33:26 +0000] "GET /lib/angular/angular.min.js.map HTTP/1.1" 200 453136 "-" "Mozilla/5.0 (Windows NT 10.0; Win64; x64) AppleWebKit/537.36 (KHTML, like Gecko) Chrome/64.0.3282.167 Safari/537.36"
::ffff:127.0.0.1 - - [20/Feb/2018:10:33:26 +0000] "GET /lib/angular-ui-router/release/angular-ui-router.min.js.map HTTP/1.1" 200 240235 "-" "Mozilla/5.0 (Windows NT 10.0; Win64; x64) AppleWebKit/537.36 (KHTML, like Gecko) Chrome/64.0.3282.167 Safari/537.36"
::1 - - [20/Feb/2018:17:56:34 +0000] "OPTIONS /login HTTP/1.1" 200 4 "-" "Mozilla/5.0 (Windows NT 10.0; Win64; x64) AppleWebKit/537.36 (KHTML, like Gecko) Chrome/64.0.3282.167 Safari/537.36"
::1 - - [20/Feb/2018:17:56:34 +0000] "POST /login HTTP/1.1" 200 46 "http://localhost:4200/" "Mozilla/5.0 (Windows NT 10.0; Win64; x64) AppleWebKit/537.36 (KHTML, like Gecko) Chrome/64.0.3282.167 Safari/537.36"
::1 - - [20/Feb/2018:17:56:53 +0000] "OPTIONS /login HTTP/1.1" 200 4 "-" "Mozilla/5.0 (Windows NT 10.0; Win64; x64) AppleWebKit/537.36 (KHTML, like Gecko) Chrome/64.0.3282.167 Safari/537.36"
::1 - - [20/Feb/2018:17:56:53 +0000] "POST /login HTTP/1.1" 200 207 "http://localhost:4200/" "Mozilla/5.0 (Windows NT 10.0; Win64; x64) AppleWebKit/537.36 (KHTML, like Gecko) Chrome/64.0.3282.167 Safari/537.36"
::1 - - [20/Feb/2018:17:58:19 +0000] "OPTIONS /login HTTP/1.1" 200 4 "-" "Mozilla/5.0 (Windows NT 10.0; Win64; x64) AppleWebKit/537.36 (KHTML, like Gecko) Chrome/64.0.3282.167 Safari/537.36"
::1 - - [20/Feb/2018:17:58:20 +0000] "POST /login HTTP/1.1" 200 207 "http://localhost:4200/" "Mozilla/5.0 (Windows NT 10.0; Win64; x64) AppleWebKit/537.36 (KHTML, like Gecko) Chrome/64.0.3282.167 Safari/537.36"
::1 - - [20/Feb/2018:17:59:43 +0000] "OPTIONS /login HTTP/1.1" 200 4 "-" "Mozilla/5.0 (Windows NT 10.0; Win64; x64) AppleWebKit/537.36 (KHTML, like Gecko) Chrome/64.0.3282.167 Safari/537.36"
::1 - - [20/Feb/2018:17:59:43 +0000] "POST /login HTTP/1.1" 200 207 "http://localhost:4200/" "Mozilla/5.0 (Windows NT 10.0; Win64; x64) AppleWebKit/537.36 (KHTML, like Gecko) Chrome/64.0.3282.167 Safari/537.36"
::1 - - [20/Feb/2018:18:00:20 +0000] "OPTIONS /login HTTP/1.1" 200 4 "-" "Mozilla/5.0 (Windows NT 10.0; Win64; x64) AppleWebKit/537.36 (KHTML, like Gecko) Chrome/64.0.3282.167 Safari/537.36"
::1 - - [20/Feb/2018:18:00:20 +0000] "POST /login HTTP/1.1" 200 207 "http://localhost:4200/" "Mozilla/5.0 (Windows NT 10.0; Win64; x64) AppleWebKit/537.36 (KHTML, like Gecko) Chrome/64.0.3282.167 Safari/537.36"
::1 - - [20/Feb/2018:18:00:39 +0000] "OPTIONS /login HTTP/1.1" 200 4 "-" "Mozilla/5.0 (Windows NT 10.0; Win64; x64) AppleWebKit/537.36 (KHTML, like Gecko) Chrome/64.0.3282.167 Safari/537.36"
::1 - - [20/Feb/2018:18:00:40 +0000] "POST /login HTTP/1.1" 200 207 "http://localhost:4200/" "Mozilla/5.0 (Windows NT 10.0; Win64; x64) AppleWebKit/537.36 (KHTML, like Gecko) Chrome/64.0.3282.167 Safari/537.36"
::1 - - [20/Feb/2018:18:01:01 +0000] "OPTIONS /login HTTP/1.1" 200 4 "-" "Mozilla/5.0 (Windows NT 10.0; Win64; x64) AppleWebKit/537.36 (KHTML, like Gecko) Chrome/64.0.3282.167 Safari/537.36"
::1 - - [20/Feb/2018:18:01:02 +0000] "POST /login HTTP/1.1" 200 207 "http://localhost:4200/" "Mozilla/5.0 (Windows NT 10.0; Win64; x64) AppleWebKit/537.36 (KHTML, like Gecko) Chrome/64.0.3282.167 Safari/537.36"
::1 - - [20/Feb/2018:18:01:34 +0000] "OPTIONS /login HTTP/1.1" 200 4 "-" "Mozilla/5.0 (Windows NT 10.0; Win64; x64) AppleWebKit/537.36 (KHTML, like Gecko) Chrome/64.0.3282.167 Safari/537.36"
::1 - - [20/Feb/2018:18:01:35 +0000] "POST /login HTTP/1.1" 200 207 "http://localhost:4200/" "Mozilla/5.0 (Windows NT 10.0; Win64; x64) AppleWebKit/537.36 (KHTML, like Gecko) Chrome/64.0.3282.167 Safari/537.36"
::1 - - [20/Feb/2018:18:01:53 +0000] "OPTIONS /login HTTP/1.1" 200 4 "-" "Mozilla/5.0 (Windows NT 10.0; Win64; x64) AppleWebKit/537.36 (KHTML, like Gecko) Chrome/64.0.3282.167 Safari/537.36"
::1 - - [20/Feb/2018:18:01:53 +0000] "POST /login HTTP/1.1" 200 207 "http://localhost:4200/" "Mozilla/5.0 (Windows NT 10.0; Win64; x64) AppleWebKit/537.36 (KHTML, like Gecko) Chrome/64.0.3282.167 Safari/537.36"
::1 - - [20/Feb/2018:18:02:20 +0000] "OPTIONS /login HTTP/1.1" 200 4 "-" "Mozilla/5.0 (Windows NT 10.0; Win64; x64) AppleWebKit/537.36 (KHTML, like Gecko) Chrome/64.0.3282.167 Safari/537.36"
::1 - - [20/Feb/2018:18:02:20 +0000] "POST /login HTTP/1.1" 200 207 "http://localhost:4200/" "Mozilla/5.0 (Windows NT 10.0; Win64; x64) AppleWebKit/537.36 (KHTML, like Gecko) Chrome/64.0.3282.167 Safari/537.36"
::1 - - [20/Feb/2018:18:14:18 +0000] "OPTIONS /login HTTP/1.1" 200 4 "-" "Mozilla/5.0 (Windows NT 10.0; Win64; x64) AppleWebKit/537.36 (KHTML, like Gecko) Chrome/64.0.3282.167 Safari/537.36"
::1 - - [20/Feb/2018:18:14:18 +0000] "POST /login HTTP/1.1" 200 207 "http://localhost:4200/" "Mozilla/5.0 (Windows NT 10.0; Win64; x64) AppleWebKit/537.36 (KHTML, like Gecko) Chrome/64.0.3282.167 Safari/537.36"
::1 - - [20/Feb/2018:18:20:46 +0000] "OPTIONS /login HTTP/1.1" 200 4 "-" "Mozilla/5.0 (Windows NT 10.0; Win64; x64) AppleWebKit/537.36 (KHTML, like Gecko) Chrome/64.0.3282.167 Safari/537.36"
::1 - - [20/Feb/2018:18:20:47 +0000] "POST /login HTTP/1.1" 200 207 "http://localhost:4200/" "Mozilla/5.0 (Windows NT 10.0; Win64; x64) AppleWebKit/537.36 (KHTML, like Gecko) Chrome/64.0.3282.167 Safari/537.36"
::1 - - [20/Feb/2018:18:21:20 +0000] "OPTIONS /login HTTP/1.1" 200 4 "-" "Mozilla/5.0 (Windows NT 10.0; Win64; x64) AppleWebKit/537.36 (KHTML, like Gecko) Chrome/64.0.3282.167 Safari/537.36"
::1 - - [20/Feb/2018:18:21:20 +0000] "POST /login HTTP/1.1" 200 207 "http://localhost:4200/" "Mozilla/5.0 (Windows NT 10.0; Win64; x64) AppleWebKit/537.36 (KHTML, like Gecko) Chrome/64.0.3282.167 Safari/537.36"
::1 - - [20/Feb/2018:18:23:19 +0000] "OPTIONS /login HTTP/1.1" 200 4 "-" "Mozilla/5.0 (Windows NT 10.0; Win64; x64) AppleWebKit/537.36 (KHTML, like Gecko) Chrome/64.0.3282.167 Safari/537.36"
::1 - - [20/Feb/2018:18:23:19 +0000] "POST /login HTTP/1.1" 200 53 "http://localhost:4200/" "Mozilla/5.0 (Windows NT 10.0; Win64; x64) AppleWebKit/537.36 (KHTML, like Gecko) Chrome/64.0.3282.167 Safari/537.36"
::1 - - [20/Feb/2018:18:24:34 +0000] "OPTIONS /login HTTP/1.1" 200 4 "-" "Mozilla/5.0 (Windows NT 10.0; Win64; x64) AppleWebKit/537.36 (KHTML, like Gecko) Chrome/64.0.3282.167 Safari/537.36"
::1 - - [20/Feb/2018:18:24:35 +0000] "POST /login HTTP/1.1" 200 207 "http://localhost:4200/" "Mozilla/5.0 (Windows NT 10.0; Win64; x64) AppleWebKit/537.36 (KHTML, like Gecko) Chrome/64.0.3282.167 Safari/537.36"
::1 - - [20/Feb/2018:18:24:41 +0000] "OPTIONS /login HTTP/1.1" 200 4 "-" "Mozilla/5.0 (Windows NT 10.0; Win64; x64) AppleWebKit/537.36 (KHTML, like Gecko) Chrome/64.0.3282.167 Safari/537.36"
::1 - - [20/Feb/2018:18:24:42 +0000] "POST /login HTTP/1.1" 200 207 "http://localhost:4200/" "Mozilla/5.0 (Windows NT 10.0; Win64; x64) AppleWebKit/537.36 (KHTML, like Gecko) Chrome/64.0.3282.167 Safari/537.36"
::1 - - [20/Feb/2018:18:29:24 +0000] "OPTIONS /login HTTP/1.1" 200 4 "-" "Mozilla/5.0 (Windows NT 10.0; Win64; x64) AppleWebKit/537.36 (KHTML, like Gecko) Chrome/64.0.3282.167 Safari/537.36"
::1 - - [20/Feb/2018:18:29:24 +0000] "POST /login HTTP/1.1" 200 207 "http://localhost:4200/" "Mozilla/5.0 (Windows NT 10.0; Win64; x64) AppleWebKit/537.36 (KHTML, like Gecko) Chrome/64.0.3282.167 Safari/537.36"
