::1 - - [26/Feb/2018:04:56:33 +0000] "GET / HTTP/1.1" 304 - "-" "Mozilla/5.0 (Windows NT 10.0; Win64; x64) AppleWebKit/537.36 (KHTML, like Gecko) Chrome/64.0.3282.186 Safari/537.36"
::1 - - [26/Feb/2018:04:56:33 +0000] "GET /js/app.js HTTP/1.1" 304 - "http://localhost:3030/" "Mozilla/5.0 (Windows NT 10.0; Win64; x64) AppleWebKit/537.36 (KHTML, like Gecko) Chrome/64.0.3282.186 Safari/537.36"
::1 - - [26/Feb/2018:04:56:33 +0000] "GET /js/controllers/main-ctrl.js HTTP/1.1" 304 - "http://localhost:3030/" "Mozilla/5.0 (Windows NT 10.0; Win64; x64) AppleWebKit/537.36 (KHTML, like Gecko) Chrome/64.0.3282.186 Safari/537.36"
::1 - - [26/Feb/2018:04:56:33 +0000] "GET /lib/angular-ui-notification/dist/angular-ui-notification.css HTTP/1.1" 304 - "http://localhost:3030/" "Mozilla/5.0 (Windows NT 10.0; Win64; x64) AppleWebKit/537.36 (KHTML, like Gecko) Chrome/64.0.3282.186 Safari/537.36"
::1 - - [26/Feb/2018:04:56:33 +0000] "GET /lib/angular-ui-router/release/angular-ui-router.min.js HTTP/1.1" 304 - "http://localhost:3030/" "Mozilla/5.0 (Windows NT 10.0; Win64; x64) AppleWebKit/537.36 (KHTML, like Gecko) Chrome/64.0.3282.186 Safari/537.36"
::1 - - [26/Feb/2018:04:56:33 +0000] "GET /lib/angular-ui-notification/dist/angular-ui-notification.js HTTP/1.1" 304 - "http://localhost:3030/" "Mozilla/5.0 (Windows NT 10.0; Win64; x64) AppleWebKit/537.36 (KHTML, like Gecko) Chrome/64.0.3282.186 Safari/537.36"
::1 - - [26/Feb/2018:04:56:33 +0000] "GET /js/controllers/home-ctrl.js HTTP/1.1" 304 - "http://localhost:3030/" "Mozilla/5.0 (Windows NT 10.0; Win64; x64) AppleWebKit/537.36 (KHTML, like Gecko) Chrome/64.0.3282.186 Safari/537.36"
::1 - - [26/Feb/2018:04:56:33 +0000] "GET /js/controllers/register-ctrl.js HTTP/1.1" 304 - "http://localhost:3030/" "Mozilla/5.0 (Windows NT 10.0; Win64; x64) AppleWebKit/537.36 (KHTML, like Gecko) Chrome/64.0.3282.186 Safari/537.36"
::1 - - [26/Feb/2018:04:56:33 +0000] "GET /js/controllers/login-ctrl.js HTTP/1.1" 304 - "http://localhost:3030/" "Mozilla/5.0 (Windows NT 10.0; Win64; x64) AppleWebKit/537.36 (KHTML, like Gecko) Chrome/64.0.3282.186 Safari/537.36"
::1 - - [26/Feb/2018:04:56:33 +0000] "GET /lib/angular-storage/dist/angular-storage.min.js HTTP/1.1" 304 - "http://localhost:3030/" "Mozilla/5.0 (Windows NT 10.0; Win64; x64) AppleWebKit/537.36 (KHTML, like Gecko) Chrome/64.0.3282.186 Safari/537.36"
::1 - - [26/Feb/2018:04:56:33 +0000] "GET /js/services/check-allowed-states-service.js HTTP/1.1" 304 - "http://localhost:3030/" "Mozilla/5.0 (Windows NT 10.0; Win64; x64) AppleWebKit/537.36 (KHTML, like Gecko) Chrome/64.0.3282.186 Safari/537.36"
::1 - - [26/Feb/2018:04:56:33 +0000] "GET /js/services/constant-service.js HTTP/1.1" 304 - "http://localhost:3030/" "Mozilla/5.0 (Windows NT 10.0; Win64; x64) AppleWebKit/537.36 (KHTML, like Gecko) Chrome/64.0.3282.186 Safari/537.36"
::1 - - [26/Feb/2018:04:56:33 +0000] "GET /js/services/http-service.js HTTP/1.1" 304 - "http://localhost:3030/" "Mozilla/5.0 (Windows NT 10.0; Win64; x64) AppleWebKit/537.36 (KHTML, like Gecko) Chrome/64.0.3282.186 Safari/537.36"
::1 - - [26/Feb/2018:04:56:33 +0000] "GET /js/services/api-interceptor-service.js HTTP/1.1" 304 - "http://localhost:3030/" "Mozilla/5.0 (Windows NT 10.0; Win64; x64) AppleWebKit/537.36 (KHTML, like Gecko) Chrome/64.0.3282.186 Safari/537.36"
::1 - - [26/Feb/2018:04:56:33 +0000] "GET /js/services/token-service.js HTTP/1.1" 304 - "http://localhost:3030/" "Mozilla/5.0 (Windows NT 10.0; Win64; x64) AppleWebKit/537.36 (KHTML, like Gecko) Chrome/64.0.3282.186 Safari/537.36"
::1 - - [26/Feb/2018:04:56:33 +0000] "GET /js/controllers/chat-ctrl.js HTTP/1.1" 304 - "http://localhost:3030/" "Mozilla/5.0 (Windows NT 10.0; Win64; x64) AppleWebKit/537.36 (KHTML, like Gecko) Chrome/64.0.3282.186 Safari/537.36"
::1 - - [26/Feb/2018:04:56:33 +0000] "GET /lib/angular/angular.min.js HTTP/1.1" 304 - "http://localhost:3030/" "Mozilla/5.0 (Windows NT 10.0; Win64; x64) AppleWebKit/537.36 (KHTML, like Gecko) Chrome/64.0.3282.186 Safari/537.36"
::1 - - [26/Feb/2018:04:56:33 +0000] "GET /js/services/tabs-service.js HTTP/1.1" 304 - "http://localhost:3030/" "Mozilla/5.0 (Windows NT 10.0; Win64; x64) AppleWebKit/537.36 (KHTML, like Gecko) Chrome/64.0.3282.186 Safari/537.36"
::1 - - [26/Feb/2018:04:56:33 +0000] "GET /js/services/auth-service.js HTTP/1.1" 304 - "http://localhost:3030/" "Mozilla/5.0 (Windows NT 10.0; Win64; x64) AppleWebKit/537.36 (KHTML, like Gecko) Chrome/64.0.3282.186 Safari/537.36"
::1 - - [26/Feb/2018:04:56:33 +0000] "GET /js/filters/filter.js HTTP/1.1" 304 - "http://localhost:3030/" "Mozilla/5.0 (Windows NT 10.0; Win64; x64) AppleWebKit/537.36 (KHTML, like Gecko) Chrome/64.0.3282.186 Safari/537.36"
::1 - - [26/Feb/2018:04:56:34 +0000] "GET /templates/mainn.html HTTP/1.1" 304 - "http://localhost:3030/" "Mozilla/5.0 (Windows NT 10.0; Win64; x64) AppleWebKit/537.36 (KHTML, like Gecko) Chrome/64.0.3282.186 Safari/537.36"
::1 - - [26/Feb/2018:04:56:34 +0000] "GET /lib/angular/angular.min.js.map HTTP/1.1" 304 - "-" "Mozilla/5.0 (Windows NT 10.0; Win64; x64) AppleWebKit/537.36 (KHTML, like Gecko) Chrome/64.0.3282.186 Safari/537.36"
::1 - - [26/Feb/2018:04:56:34 +0000] "GET /lib/angular-ui-router/release/angular-ui-router.min.js.map HTTP/1.1" 304 - "-" "Mozilla/5.0 (Windows NT 10.0; Win64; x64) AppleWebKit/537.36 (KHTML, like Gecko) Chrome/64.0.3282.186 Safari/537.36"
::1 - - [26/Feb/2018:04:56:34 +0000] "GET /templates/login.html HTTP/1.1" 304 - "http://localhost:3030/" "Mozilla/5.0 (Windows NT 10.0; Win64; x64) AppleWebKit/537.36 (KHTML, like Gecko) Chrome/64.0.3282.186 Safari/537.36"
::1 - - [26/Feb/2018:04:56:35 +0000] "GET / HTTP/1.1" 304 - "-" "Mozilla/5.0 (Windows NT 10.0; Win64; x64) AppleWebKit/537.36 (KHTML, like Gecko) Chrome/64.0.3282.186 Safari/537.36"
::1 - - [26/Feb/2018:04:56:36 +0000] "GET /lib/angular-ui-notification/dist/angular-ui-notification.css HTTP/1.1" 304 - "http://localhost:3030/" "Mozilla/5.0 (Windows NT 10.0; Win64; x64) AppleWebKit/537.36 (KHTML, like Gecko) Chrome/64.0.3282.186 Safari/537.36"
::1 - - [26/Feb/2018:04:56:36 +0000] "GET /lib/angular/angular.min.js HTTP/1.1" 304 - "http://localhost:3030/" "Mozilla/5.0 (Windows NT 10.0; Win64; x64) AppleWebKit/537.36 (KHTML, like Gecko) Chrome/64.0.3282.186 Safari/537.36"
::1 - - [26/Feb/2018:04:56:36 +0000] "GET /lib/angular-ui-router/release/angular-ui-router.min.js HTTP/1.1" 304 - "http://localhost:3030/" "Mozilla/5.0 (Windows NT 10.0; Win64; x64) AppleWebKit/537.36 (KHTML, like Gecko) Chrome/64.0.3282.186 Safari/537.36"
::1 - - [26/Feb/2018:04:56:36 +0000] "GET /lib/angular-storage/dist/angular-storage.min.js HTTP/1.1" 304 - "http://localhost:3030/" "Mozilla/5.0 (Windows NT 10.0; Win64; x64) AppleWebKit/537.36 (KHTML, like Gecko) Chrome/64.0.3282.186 Safari/537.36"
::1 - - [26/Feb/2018:04:56:36 +0000] "GET /js/app.js HTTP/1.1" 304 - "http://localhost:3030/" "Mozilla/5.0 (Windows NT 10.0; Win64; x64) AppleWebKit/537.36 (KHTML, like Gecko) Chrome/64.0.3282.186 Safari/537.36"
::1 - - [26/Feb/2018:04:56:36 +0000] "GET /lib/angular-ui-notification/dist/angular-ui-notification.js HTTP/1.1" 304 - "http://localhost:3030/" "Mozilla/5.0 (Windows NT 10.0; Win64; x64) AppleWebKit/537.36 (KHTML, like Gecko) Chrome/64.0.3282.186 Safari/537.36"
::1 - - [26/Feb/2018:04:56:36 +0000] "GET /js/controllers/register-ctrl.js HTTP/1.1" 304 - "http://localhost:3030/" "Mozilla/5.0 (Windows NT 10.0; Win64; x64) AppleWebKit/537.36 (KHTML, like Gecko) Chrome/64.0.3282.186 Safari/537.36"
::1 - - [26/Feb/2018:04:56:36 +0000] "GET /js/controllers/login-ctrl.js HTTP/1.1" 304 - "http://localhost:3030/" "Mozilla/5.0 (Windows NT 10.0; Win64; x64) AppleWebKit/537.36 (KHTML, like Gecko) Chrome/64.0.3282.186 Safari/537.36"
::1 - - [26/Feb/2018:04:56:36 +0000] "GET /js/controllers/home-ctrl.js HTTP/1.1" 304 - "http://localhost:3030/" "Mozilla/5.0 (Windows NT 10.0; Win64; x64) AppleWebKit/537.36 (KHTML, like Gecko) Chrome/64.0.3282.186 Safari/537.36"
::1 - - [26/Feb/2018:04:56:36 +0000] "GET /js/controllers/main-ctrl.js HTTP/1.1" 304 - "http://localhost:3030/" "Mozilla/5.0 (Windows NT 10.0; Win64; x64) AppleWebKit/537.36 (KHTML, like Gecko) Chrome/64.0.3282.186 Safari/537.36"
::1 - - [26/Feb/2018:04:56:36 +0000] "GET /js/controllers/chat-ctrl.js HTTP/1.1" 304 - "http://localhost:3030/" "Mozilla/5.0 (Windows NT 10.0; Win64; x64) AppleWebKit/537.36 (KHTML, like Gecko) Chrome/64.0.3282.186 Safari/537.36"
::1 - - [26/Feb/2018:04:56:36 +0000] "GET /js/services/token-service.js HTTP/1.1" 304 - "http://localhost:3030/" "Mozilla/5.0 (Windows NT 10.0; Win64; x64) AppleWebKit/537.36 (KHTML, like Gecko) Chrome/64.0.3282.186 Safari/537.36"
::1 - - [26/Feb/2018:04:56:36 +0000] "GET /js/services/http-service.js HTTP/1.1" 304 - "http://localhost:3030/" "Mozilla/5.0 (Windows NT 10.0; Win64; x64) AppleWebKit/537.36 (KHTML, like Gecko) Chrome/64.0.3282.186 Safari/537.36"
::1 - - [26/Feb/2018:04:56:36 +0000] "GET /js/services/constant-service.js HTTP/1.1" 304 - "http://localhost:3030/" "Mozilla/5.0 (Windows NT 10.0; Win64; x64) AppleWebKit/537.36 (KHTML, like Gecko) Chrome/64.0.3282.186 Safari/537.36"
::1 - - [26/Feb/2018:04:56:36 +0000] "GET /js/services/api-interceptor-service.js HTTP/1.1" 304 - "http://localhost:3030/" "Mozilla/5.0 (Windows NT 10.0; Win64; x64) AppleWebKit/537.36 (KHTML, like Gecko) Chrome/64.0.3282.186 Safari/537.36"
::1 - - [26/Feb/2018:04:56:36 +0000] "GET /js/services/check-allowed-states-service.js HTTP/1.1" 304 - "http://localhost:3030/" "Mozilla/5.0 (Windows NT 10.0; Win64; x64) AppleWebKit/537.36 (KHTML, like Gecko) Chrome/64.0.3282.186 Safari/537.36"
::1 - - [26/Feb/2018:04:56:36 +0000] "GET /js/services/tabs-service.js HTTP/1.1" 304 - "http://localhost:3030/" "Mozilla/5.0 (Windows NT 10.0; Win64; x64) AppleWebKit/537.36 (KHTML, like Gecko) Chrome/64.0.3282.186 Safari/537.36"
::1 - - [26/Feb/2018:04:56:36 +0000] "GET /js/services/auth-service.js HTTP/1.1" 304 - "http://localhost:3030/" "Mozilla/5.0 (Windows NT 10.0; Win64; x64) AppleWebKit/537.36 (KHTML, like Gecko) Chrome/64.0.3282.186 Safari/537.36"
::1 - - [26/Feb/2018:04:56:36 +0000] "GET /js/filters/filter.js HTTP/1.1" 304 - "http://localhost:3030/" "Mozilla/5.0 (Windows NT 10.0; Win64; x64) AppleWebKit/537.36 (KHTML, like Gecko) Chrome/64.0.3282.186 Safari/537.36"
::1 - - [26/Feb/2018:04:56:36 +0000] "GET /templates/mainn.html HTTP/1.1" 304 - "http://localhost:3030/" "Mozilla/5.0 (Windows NT 10.0; Win64; x64) AppleWebKit/537.36 (KHTML, like Gecko) Chrome/64.0.3282.186 Safari/537.36"
::1 - - [26/Feb/2018:04:56:36 +0000] "GET /lib/angular/angular.min.js.map HTTP/1.1" 304 - "-" "Mozilla/5.0 (Windows NT 10.0; Win64; x64) AppleWebKit/537.36 (KHTML, like Gecko) Chrome/64.0.3282.186 Safari/537.36"
::1 - - [26/Feb/2018:04:56:36 +0000] "GET /lib/angular-ui-router/release/angular-ui-router.min.js.map HTTP/1.1" 304 - "-" "Mozilla/5.0 (Windows NT 10.0; Win64; x64) AppleWebKit/537.36 (KHTML, like Gecko) Chrome/64.0.3282.186 Safari/537.36"
::1 - - [26/Feb/2018:04:56:36 +0000] "GET /templates/login.html HTTP/1.1" 304 - "http://localhost:3030/" "Mozilla/5.0 (Windows NT 10.0; Win64; x64) AppleWebKit/537.36 (KHTML, like Gecko) Chrome/64.0.3282.186 Safari/537.36"
::1 - - [26/Feb/2018:18:07:50 +0000] "GET / HTTP/1.1" 200 2453 "-" "Mozilla/5.0 (Windows NT 10.0; Win64; x64) AppleWebKit/537.36 (KHTML, like Gecko) Chrome/64.0.3282.186 Safari/537.36"
::1 - - [26/Feb/2018:18:07:50 +0000] "GET /js/app.js HTTP/1.1" 200 3839 "http://localhost:3030/" "Mozilla/5.0 (Windows NT 10.0; Win64; x64) AppleWebKit/537.36 (KHTML, like Gecko) Chrome/64.0.3282.186 Safari/537.36"
::1 - - [26/Feb/2018:18:07:50 +0000] "GET /lib/angular-ui-notification/dist/angular-ui-notification.css HTTP/1.1" 200 1517 "http://localhost:3030/" "Mozilla/5.0 (Windows NT 10.0; Win64; x64) AppleWebKit/537.36 (KHTML, like Gecko) Chrome/64.0.3282.186 Safari/537.36"
::1 - - [26/Feb/2018:18:07:50 +0000] "GET /lib/angular/angular.min.js HTTP/1.1" 200 169920 "http://localhost:3030/" "Mozilla/5.0 (Windows NT 10.0; Win64; x64) AppleWebKit/537.36 (KHTML, like Gecko) Chrome/64.0.3282.186 Safari/537.36"
::1 - - [26/Feb/2018:18:07:50 +0000] "GET /js/controllers/main-ctrl.js HTTP/1.1" 200 720 "http://localhost:3030/" "Mozilla/5.0 (Windows NT 10.0; Win64; x64) AppleWebKit/537.36 (KHTML, like Gecko) Chrome/64.0.3282.186 Safari/537.36"
::1 - - [26/Feb/2018:18:07:50 +0000] "GET /js/controllers/register-ctrl.js HTTP/1.1" 200 414 "http://localhost:3030/" "Mozilla/5.0 (Windows NT 10.0; Win64; x64) AppleWebKit/537.36 (KHTML, like Gecko) Chrome/64.0.3282.186 Safari/537.36"
::1 - - [26/Feb/2018:18:07:50 +0000] "GET /js/controllers/login-ctrl.js HTTP/1.1" 200 1847 "http://localhost:3030/" "Mozilla/5.0 (Windows NT 10.0; Win64; x64) AppleWebKit/537.36 (KHTML, like Gecko) Chrome/64.0.3282.186 Safari/537.36"
::1 - - [26/Feb/2018:18:07:50 +0000] "GET /js/controllers/home-ctrl.js HTTP/1.1" 200 1467 "http://localhost:3030/" "Mozilla/5.0 (Windows NT 10.0; Win64; x64) AppleWebKit/537.36 (KHTML, like Gecko) Chrome/64.0.3282.186 Safari/537.36"
::1 - - [26/Feb/2018:18:07:50 +0000] "GET /lib/angular-storage/dist/angular-storage.min.js HTTP/1.1" 200 2823 "http://localhost:3030/" "Mozilla/5.0 (Windows NT 10.0; Win64; x64) AppleWebKit/537.36 (KHTML, like Gecko) Chrome/64.0.3282.186 Safari/537.36"
::1 - - [26/Feb/2018:18:07:50 +0000] "GET /js/services/token-service.js HTTP/1.1" 200 615 "http://localhost:3030/" "Mozilla/5.0 (Windows NT 10.0; Win64; x64) AppleWebKit/537.36 (KHTML, like Gecko) Chrome/64.0.3282.186 Safari/537.36"
::1 - - [26/Feb/2018:18:07:50 +0000] "GET /lib/angular-ui-notification/dist/angular-ui-notification.js HTTP/1.1" 200 10745 "http://localhost:3030/" "Mozilla/5.0 (Windows NT 10.0; Win64; x64) AppleWebKit/537.36 (KHTML, like Gecko) Chrome/64.0.3282.186 Safari/537.36"
::1 - - [26/Feb/2018:18:07:50 +0000] "GET /js/services/http-service.js HTTP/1.1" 200 441 "http://localhost:3030/" "Mozilla/5.0 (Windows NT 10.0; Win64; x64) AppleWebKit/537.36 (KHTML, like Gecko) Chrome/64.0.3282.186 Safari/537.36"
::1 - - [26/Feb/2018:18:07:50 +0000] "GET /js/controllers/chat-ctrl.js HTTP/1.1" 200 488 "http://localhost:3030/" "Mozilla/5.0 (Windows NT 10.0; Win64; x64) AppleWebKit/537.36 (KHTML, like Gecko) Chrome/64.0.3282.186 Safari/537.36"
::1 - - [26/Feb/2018:18:07:50 +0000] "GET /js/services/constant-service.js HTTP/1.1" 200 1283 "http://localhost:3030/" "Mozilla/5.0 (Windows NT 10.0; Win64; x64) AppleWebKit/537.36 (KHTML, like Gecko) Chrome/64.0.3282.186 Safari/537.36"
::1 - - [26/Feb/2018:18:07:50 +0000] "GET /js/services/api-interceptor-service.js HTTP/1.1" 200 858 "http://localhost:3030/" "Mozilla/5.0 (Windows NT 10.0; Win64; x64) AppleWebKit/537.36 (KHTML, like Gecko) Chrome/64.0.3282.186 Safari/537.36"
::1 - - [26/Feb/2018:18:07:50 +0000] "GET /js/services/check-allowed-states-service.js HTTP/1.1" 200 571 "http://localhost:3030/" "Mozilla/5.0 (Windows NT 10.0; Win64; x64) AppleWebKit/537.36 (KHTML, like Gecko) Chrome/64.0.3282.186 Safari/537.36"
::1 - - [26/Feb/2018:18:07:50 +0000] "GET /js/services/auth-service.js HTTP/1.1" 200 426 "http://localhost:3030/" "Mozilla/5.0 (Windows NT 10.0; Win64; x64) AppleWebKit/537.36 (KHTML, like Gecko) Chrome/64.0.3282.186 Safari/537.36"
::1 - - [26/Feb/2018:18:07:50 +0000] "GET /js/services/tabs-service.js HTTP/1.1" 200 755 "http://localhost:3030/" "Mozilla/5.0 (Windows NT 10.0; Win64; x64) AppleWebKit/537.36 (KHTML, like Gecko) Chrome/64.0.3282.186 Safari/537.36"
::1 - - [26/Feb/2018:18:07:50 +0000] "GET /js/filters/filter.js HTTP/1.1" 200 200 "http://localhost:3030/" "Mozilla/5.0 (Windows NT 10.0; Win64; x64) AppleWebKit/537.36 (KHTML, like Gecko) Chrome/64.0.3282.186 Safari/537.36"
::1 - - [26/Feb/2018:18:07:51 +0000] "GET /lib/angular-ui-router/release/angular-ui-router.min.js HTTP/1.1" 200 110683 "http://localhost:3030/" "Mozilla/5.0 (Windows NT 10.0; Win64; x64) AppleWebKit/537.36 (KHTML, like Gecko) Chrome/64.0.3282.186 Safari/537.36"
::1 - - [26/Feb/2018:18:07:58 +0000] "GET /lib/angular-ui-router/release/angular-ui-router.min.js.map HTTP/1.1" 200 240235 "-" "Mozilla/5.0 (Windows NT 10.0; Win64; x64) AppleWebKit/537.36 (KHTML, like Gecko) Chrome/64.0.3282.186 Safari/537.36"
::1 - - [26/Feb/2018:18:07:58 +0000] "GET /lib/angular/angular.min.js.map HTTP/1.1" 200 453136 "-" "Mozilla/5.0 (Windows NT 10.0; Win64; x64) AppleWebKit/537.36 (KHTML, like Gecko) Chrome/64.0.3282.186 Safari/537.36"
::1 - - [26/Feb/2018:18:07:58 +0000] "GET /templates/mainn.html HTTP/1.1" 200 785 "http://localhost:3030/" "Mozilla/5.0 (Windows NT 10.0; Win64; x64) AppleWebKit/537.36 (KHTML, like Gecko) Chrome/64.0.3282.186 Safari/537.36"
::1 - - [26/Feb/2018:18:07:58 +0000] "GET /templates/login.html HTTP/1.1" 200 661 "http://localhost:3030/" "Mozilla/5.0 (Windows NT 10.0; Win64; x64) AppleWebKit/537.36 (KHTML, like Gecko) Chrome/64.0.3282.186 Safari/537.36"
::1 - - [26/Feb/2018:18:07:58 +0000] "GET /favicon.ico HTTP/1.1" 404 150 "http://localhost:3030/" "Mozilla/5.0 (Windows NT 10.0; Win64; x64) AppleWebKit/537.36 (KHTML, like Gecko) Chrome/64.0.3282.186 Safari/537.36"
::1 - - [26/Feb/2018:18:08:01 +0000] "GET / HTTP/1.1" 304 - "-" "Mozilla/5.0 (Windows NT 10.0; Win64; x64) AppleWebKit/537.36 (KHTML, like Gecko) Chrome/64.0.3282.186 Safari/537.36"
::1 - - [26/Feb/2018:18:08:01 +0000] "GET /lib/angular-ui-notification/dist/angular-ui-notification.css HTTP/1.1" 304 - "http://localhost:3030/" "Mozilla/5.0 (Windows NT 10.0; Win64; x64) AppleWebKit/537.36 (KHTML, like Gecko) Chrome/64.0.3282.186 Safari/537.36"
::1 - - [26/Feb/2018:18:08:01 +0000] "GET /lib/angular/angular.min.js HTTP/1.1" 304 - "http://localhost:3030/" "Mozilla/5.0 (Windows NT 10.0; Win64; x64) AppleWebKit/537.36 (KHTML, like Gecko) Chrome/64.0.3282.186 Safari/537.36"
::1 - - [26/Feb/2018:18:08:01 +0000] "GET /lib/angular-ui-router/release/angular-ui-router.min.js HTTP/1.1" 304 - "http://localhost:3030/" "Mozilla/5.0 (Windows NT 10.0; Win64; x64) AppleWebKit/537.36 (KHTML, like Gecko) Chrome/64.0.3282.186 Safari/537.36"
::1 - - [26/Feb/2018:18:08:01 +0000] "GET /lib/angular-storage/dist/angular-storage.min.js HTTP/1.1" 304 - "http://localhost:3030/" "Mozilla/5.0 (Windows NT 10.0; Win64; x64) AppleWebKit/537.36 (KHTML, like Gecko) Chrome/64.0.3282.186 Safari/537.36"
::1 - - [26/Feb/2018:18:08:01 +0000] "GET /js/app.js HTTP/1.1" 304 - "http://localhost:3030/" "Mozilla/5.0 (Windows NT 10.0; Win64; x64) AppleWebKit/537.36 (KHTML, like Gecko) Chrome/64.0.3282.186 Safari/537.36"
::1 - - [26/Feb/2018:18:08:01 +0000] "GET /js/controllers/main-ctrl.js HTTP/1.1" 304 - "http://localhost:3030/" "Mozilla/5.0 (Windows NT 10.0; Win64; x64) AppleWebKit/537.36 (KHTML, like Gecko) Chrome/64.0.3282.186 Safari/537.36"
::1 - - [26/Feb/2018:18:08:01 +0000] "GET /js/controllers/register-ctrl.js HTTP/1.1" 304 - "http://localhost:3030/" "Mozilla/5.0 (Windows NT 10.0; Win64; x64) AppleWebKit/537.36 (KHTML, like Gecko) Chrome/64.0.3282.186 Safari/537.36"
::1 - - [26/Feb/2018:18:08:01 +0000] "GET /lib/angular-ui-notification/dist/angular-ui-notification.js HTTP/1.1" 304 - "http://localhost:3030/" "Mozilla/5.0 (Windows NT 10.0; Win64; x64) AppleWebKit/537.36 (KHTML, like Gecko) Chrome/64.0.3282.186 Safari/537.36"
::1 - - [26/Feb/2018:18:08:01 +0000] "GET /js/controllers/login-ctrl.js HTTP/1.1" 304 - "http://localhost:3030/" "Mozilla/5.0 (Windows NT 10.0; Win64; x64) AppleWebKit/537.36 (KHTML, like Gecko) Chrome/64.0.3282.186 Safari/537.36"
::1 - - [26/Feb/2018:18:08:01 +0000] "GET /js/controllers/home-ctrl.js HTTP/1.1" 304 - "http://localhost:3030/" "Mozilla/5.0 (Windows NT 10.0; Win64; x64) AppleWebKit/537.36 (KHTML, like Gecko) Chrome/64.0.3282.186 Safari/537.36"
::1 - - [26/Feb/2018:18:08:01 +0000] "GET /js/controllers/chat-ctrl.js HTTP/1.1" 304 - "http://localhost:3030/" "Mozilla/5.0 (Windows NT 10.0; Win64; x64) AppleWebKit/537.36 (KHTML, like Gecko) Chrome/64.0.3282.186 Safari/537.36"
::1 - - [26/Feb/2018:18:08:01 +0000] "GET /js/services/token-service.js HTTP/1.1" 304 - "http://localhost:3030/" "Mozilla/5.0 (Windows NT 10.0; Win64; x64) AppleWebKit/537.36 (KHTML, like Gecko) Chrome/64.0.3282.186 Safari/537.36"
::1 - - [26/Feb/2018:18:08:01 +0000] "GET /js/services/http-service.js HTTP/1.1" 304 - "http://localhost:3030/" "Mozilla/5.0 (Windows NT 10.0; Win64; x64) AppleWebKit/537.36 (KHTML, like Gecko) Chrome/64.0.3282.186 Safari/537.36"
::1 - - [26/Feb/2018:18:08:01 +0000] "GET /js/services/constant-service.js HTTP/1.1" 304 - "http://localhost:3030/" "Mozilla/5.0 (Windows NT 10.0; Win64; x64) AppleWebKit/537.36 (KHTML, like Gecko) Chrome/64.0.3282.186 Safari/537.36"
::1 - - [26/Feb/2018:18:08:01 +0000] "GET /js/services/api-interceptor-service.js HTTP/1.1" 304 - "http://localhost:3030/" "Mozilla/5.0 (Windows NT 10.0; Win64; x64) AppleWebKit/537.36 (KHTML, like Gecko) Chrome/64.0.3282.186 Safari/537.36"
::1 - - [26/Feb/2018:18:08:01 +0000] "GET /js/services/check-allowed-states-service.js HTTP/1.1" 304 - "http://localhost:3030/" "Mozilla/5.0 (Windows NT 10.0; Win64; x64) AppleWebKit/537.36 (KHTML, like Gecko) Chrome/64.0.3282.186 Safari/537.36"
::1 - - [26/Feb/2018:18:08:01 +0000] "GET /js/services/tabs-service.js HTTP/1.1" 304 - "http://localhost:3030/" "Mozilla/5.0 (Windows NT 10.0; Win64; x64) AppleWebKit/537.36 (KHTML, like Gecko) Chrome/64.0.3282.186 Safari/537.36"
::1 - - [26/Feb/2018:18:08:01 +0000] "GET /js/services/auth-service.js HTTP/1.1" 304 - "http://localhost:3030/" "Mozilla/5.0 (Windows NT 10.0; Win64; x64) AppleWebKit/537.36 (KHTML, like Gecko) Chrome/64.0.3282.186 Safari/537.36"
::1 - - [26/Feb/2018:18:08:01 +0000] "GET /js/filters/filter.js HTTP/1.1" 304 - "http://localhost:3030/" "Mozilla/5.0 (Windows NT 10.0; Win64; x64) AppleWebKit/537.36 (KHTML, like Gecko) Chrome/64.0.3282.186 Safari/537.36"
::1 - - [26/Feb/2018:18:08:01 +0000] "GET /templates/mainn.html HTTP/1.1" 304 - "http://localhost:3030/" "Mozilla/5.0 (Windows NT 10.0; Win64; x64) AppleWebKit/537.36 (KHTML, like Gecko) Chrome/64.0.3282.186 Safari/537.36"
::1 - - [26/Feb/2018:18:08:01 +0000] "GET /lib/angular/angular.min.js.map HTTP/1.1" 304 - "-" "Mozilla/5.0 (Windows NT 10.0; Win64; x64) AppleWebKit/537.36 (KHTML, like Gecko) Chrome/64.0.3282.186 Safari/537.36"
::1 - - [26/Feb/2018:18:08:01 +0000] "GET /lib/angular-ui-router/release/angular-ui-router.min.js.map HTTP/1.1" 304 - "-" "Mozilla/5.0 (Windows NT 10.0; Win64; x64) AppleWebKit/537.36 (KHTML, like Gecko) Chrome/64.0.3282.186 Safari/537.36"
::1 - - [26/Feb/2018:18:08:01 +0000] "GET /templates/login.html HTTP/1.1" 304 - "http://localhost:3030/" "Mozilla/5.0 (Windows NT 10.0; Win64; x64) AppleWebKit/537.36 (KHTML, like Gecko) Chrome/64.0.3282.186 Safari/537.36"
::1 - - [26/Feb/2018:18:09:19 +0000] "GET / HTTP/1.1" 304 - "-" "Mozilla/5.0 (Windows NT 10.0; Win64; x64) AppleWebKit/537.36 (KHTML, like Gecko) Chrome/64.0.3282.186 Safari/537.36"
::1 - - [26/Feb/2018:18:09:19 +0000] "GET /lib/angular-ui-notification/dist/angular-ui-notification.css HTTP/1.1" 304 - "http://localhost:3030/" "Mozilla/5.0 (Windows NT 10.0; Win64; x64) AppleWebKit/537.36 (KHTML, like Gecko) Chrome/64.0.3282.186 Safari/537.36"
::1 - - [26/Feb/2018:18:09:19 +0000] "GET /lib/angular/angular.min.js HTTP/1.1" 304 - "http://localhost:3030/" "Mozilla/5.0 (Windows NT 10.0; Win64; x64) AppleWebKit/537.36 (KHTML, like Gecko) Chrome/64.0.3282.186 Safari/537.36"
::1 - - [26/Feb/2018:18:09:19 +0000] "GET /js/app.js HTTP/1.1" 304 - "http://localhost:3030/" "Mozilla/5.0 (Windows NT 10.0; Win64; x64) AppleWebKit/537.36 (KHTML, like Gecko) Chrome/64.0.3282.186 Safari/537.36"
::1 - - [26/Feb/2018:18:09:19 +0000] "GET /lib/angular-ui-router/release/angular-ui-router.min.js HTTP/1.1" 304 - "http://localhost:3030/" "Mozilla/5.0 (Windows NT 10.0; Win64; x64) AppleWebKit/537.36 (KHTML, like Gecko) Chrome/64.0.3282.186 Safari/537.36"
::1 - - [26/Feb/2018:18:09:19 +0000] "GET /lib/angular-storage/dist/angular-storage.min.js HTTP/1.1" 304 - "http://localhost:3030/" "Mozilla/5.0 (Windows NT 10.0; Win64; x64) AppleWebKit/537.36 (KHTML, like Gecko) Chrome/64.0.3282.186 Safari/537.36"
::1 - - [26/Feb/2018:18:09:19 +0000] "GET /js/controllers/main-ctrl.js HTTP/1.1" 304 - "http://localhost:3030/" "Mozilla/5.0 (Windows NT 10.0; Win64; x64) AppleWebKit/537.36 (KHTML, like Gecko) Chrome/64.0.3282.186 Safari/537.36"
::1 - - [26/Feb/2018:18:09:19 +0000] "GET /js/controllers/register-ctrl.js HTTP/1.1" 304 - "http://localhost:3030/" "Mozilla/5.0 (Windows NT 10.0; Win64; x64) AppleWebKit/537.36 (KHTML, like Gecko) Chrome/64.0.3282.186 Safari/537.36"
::1 - - [26/Feb/2018:18:09:19 +0000] "GET /lib/angular-ui-notification/dist/angular-ui-notification.js HTTP/1.1" 304 - "http://localhost:3030/" "Mozilla/5.0 (Windows NT 10.0; Win64; x64) AppleWebKit/537.36 (KHTML, like Gecko) Chrome/64.0.3282.186 Safari/537.36"
::1 - - [26/Feb/2018:18:09:19 +0000] "GET /js/controllers/login-ctrl.js HTTP/1.1" 304 - "http://localhost:3030/" "Mozilla/5.0 (Windows NT 10.0; Win64; x64) AppleWebKit/537.36 (KHTML, like Gecko) Chrome/64.0.3282.186 Safari/537.36"
::1 - - [26/Feb/2018:18:09:19 +0000] "GET /js/controllers/home-ctrl.js HTTP/1.1" 304 - "http://localhost:3030/" "Mozilla/5.0 (Windows NT 10.0; Win64; x64) AppleWebKit/537.36 (KHTML, like Gecko) Chrome/64.0.3282.186 Safari/537.36"
::1 - - [26/Feb/2018:18:09:19 +0000] "GET /js/controllers/chat-ctrl.js HTTP/1.1" 304 - "http://localhost:3030/" "Mozilla/5.0 (Windows NT 10.0; Win64; x64) AppleWebKit/537.36 (KHTML, like Gecko) Chrome/64.0.3282.186 Safari/537.36"
::1 - - [26/Feb/2018:18:09:19 +0000] "GET /js/services/token-service.js HTTP/1.1" 304 - "http://localhost:3030/" "Mozilla/5.0 (Windows NT 10.0; Win64; x64) AppleWebKit/537.36 (KHTML, like Gecko) Chrome/64.0.3282.186 Safari/537.36"
::1 - - [26/Feb/2018:18:09:19 +0000] "GET /js/services/http-service.js HTTP/1.1" 304 - "http://localhost:3030/" "Mozilla/5.0 (Windows NT 10.0; Win64; x64) AppleWebKit/537.36 (KHTML, like Gecko) Chrome/64.0.3282.186 Safari/537.36"
::1 - - [26/Feb/2018:18:09:19 +0000] "GET /js/services/constant-service.js HTTP/1.1" 304 - "http://localhost:3030/" "Mozilla/5.0 (Windows NT 10.0; Win64; x64) AppleWebKit/537.36 (KHTML, like Gecko) Chrome/64.0.3282.186 Safari/537.36"
::1 - - [26/Feb/2018:18:09:19 +0000] "GET /js/services/check-allowed-states-service.js HTTP/1.1" 304 - "http://localhost:3030/" "Mozilla/5.0 (Windows NT 10.0; Win64; x64) AppleWebKit/537.36 (KHTML, like Gecko) Chrome/64.0.3282.186 Safari/537.36"
::1 - - [26/Feb/2018:18:09:19 +0000] "GET /js/services/tabs-service.js HTTP/1.1" 304 - "http://localhost:3030/" "Mozilla/5.0 (Windows NT 10.0; Win64; x64) AppleWebKit/537.36 (KHTML, like Gecko) Chrome/64.0.3282.186 Safari/537.36"
::1 - - [26/Feb/2018:18:09:19 +0000] "GET /js/services/auth-service.js HTTP/1.1" 304 - "http://localhost:3030/" "Mozilla/5.0 (Windows NT 10.0; Win64; x64) AppleWebKit/537.36 (KHTML, like Gecko) Chrome/64.0.3282.186 Safari/537.36"
::1 - - [26/Feb/2018:18:09:19 +0000] "GET /js/filters/filter.js HTTP/1.1" 304 - "http://localhost:3030/" "Mozilla/5.0 (Windows NT 10.0; Win64; x64) AppleWebKit/537.36 (KHTML, like Gecko) Chrome/64.0.3282.186 Safari/537.36"
::1 - - [26/Feb/2018:18:09:19 +0000] "GET /js/services/api-interceptor-service.js HTTP/1.1" 200 898 "http://localhost:3030/" "Mozilla/5.0 (Windows NT 10.0; Win64; x64) AppleWebKit/537.36 (KHTML, like Gecko) Chrome/64.0.3282.186 Safari/537.36"
::1 - - [26/Feb/2018:18:09:20 +0000] "GET /lib/angular/angular.min.js.map HTTP/1.1" 304 - "-" "Mozilla/5.0 (Windows NT 10.0; Win64; x64) AppleWebKit/537.36 (KHTML, like Gecko) Chrome/64.0.3282.186 Safari/537.36"
::1 - - [26/Feb/2018:18:09:20 +0000] "GET /lib/angular-ui-router/release/angular-ui-router.min.js.map HTTP/1.1" 304 - "-" "Mozilla/5.0 (Windows NT 10.0; Win64; x64) AppleWebKit/537.36 (KHTML, like Gecko) Chrome/64.0.3282.186 Safari/537.36"
::1 - - [26/Feb/2018:18:09:20 +0000] "GET /templates/mainn.html HTTP/1.1" 304 - "http://localhost:3030/" "Mozilla/5.0 (Windows NT 10.0; Win64; x64) AppleWebKit/537.36 (KHTML, like Gecko) Chrome/64.0.3282.186 Safari/537.36"
::1 - - [26/Feb/2018:18:09:20 +0000] "GET /templates/login.html HTTP/1.1" 304 - "http://localhost:3030/" "Mozilla/5.0 (Windows NT 10.0; Win64; x64) AppleWebKit/537.36 (KHTML, like Gecko) Chrome/64.0.3282.186 Safari/537.36"
::1 - - [26/Feb/2018:18:09:39 +0000] "POST /login HTTP/1.1" 200 53 "http://localhost:3030/" "Mozilla/5.0 (Windows NT 10.0; Win64; x64) AppleWebKit/537.36 (KHTML, like Gecko) Chrome/64.0.3282.186 Safari/537.36"
::1 - - [26/Feb/2018:18:09:55 +0000] "POST /login HTTP/1.1" 200 207 "http://localhost:3030/" "Mozilla/5.0 (Windows NT 10.0; Win64; x64) AppleWebKit/537.36 (KHTML, like Gecko) Chrome/64.0.3282.186 Safari/537.36"
::1 - - [26/Feb/2018:18:09:58 +0000] "GET /templates/home.html HTTP/1.1" 200 481 "http://localhost:3030/" "Mozilla/5.0 (Windows NT 10.0; Win64; x64) AppleWebKit/537.36 (KHTML, like Gecko) Chrome/64.0.3282.186 Safari/537.36"
::1 - - [26/Feb/2018:18:09:58 +0000] "GET /app HTTP/1.1" 401 53 "http://localhost:3030/" "Mozilla/5.0 (Windows NT 10.0; Win64; x64) AppleWebKit/537.36 (KHTML, like Gecko) Chrome/64.0.3282.186 Safari/537.36"
::1 - - [26/Feb/2018:18:26:05 +0000] "GET / HTTP/1.1" 304 - "-" "Mozilla/5.0 (Windows NT 10.0; Win64; x64) AppleWebKit/537.36 (KHTML, like Gecko) Chrome/64.0.3282.186 Safari/537.36"
::1 - - [26/Feb/2018:18:26:05 +0000] "GET /js/app.js HTTP/1.1" 304 - "http://localhost:3030/" "Mozilla/5.0 (Windows NT 10.0; Win64; x64) AppleWebKit/537.36 (KHTML, like Gecko) Chrome/64.0.3282.186 Safari/537.36"
::1 - - [26/Feb/2018:18:26:05 +0000] "GET /lib/angular-ui-notification/dist/angular-ui-notification.css HTTP/1.1" 304 - "http://localhost:3030/" "Mozilla/5.0 (Windows NT 10.0; Win64; x64) AppleWebKit/537.36 (KHTML, like Gecko) Chrome/64.0.3282.186 Safari/537.36"
::1 - - [26/Feb/2018:18:26:05 +0000] "GET /lib/angular/angular.min.js HTTP/1.1" 304 - "http://localhost:3030/" "Mozilla/5.0 (Windows NT 10.0; Win64; x64) AppleWebKit/537.36 (KHTML, like Gecko) Chrome/64.0.3282.186 Safari/537.36"
::1 - - [26/Feb/2018:18:26:05 +0000] "GET /lib/angular-ui-router/release/angular-ui-router.min.js HTTP/1.1" 304 - "http://localhost:3030/" "Mozilla/5.0 (Windows NT 10.0; Win64; x64) AppleWebKit/537.36 (KHTML, like Gecko) Chrome/64.0.3282.186 Safari/537.36"
::1 - - [26/Feb/2018:18:26:05 +0000] "GET /lib/angular-storage/dist/angular-storage.min.js HTTP/1.1" 304 - "http://localhost:3030/" "Mozilla/5.0 (Windows NT 10.0; Win64; x64) AppleWebKit/537.36 (KHTML, like Gecko) Chrome/64.0.3282.186 Safari/537.36"
::1 - - [26/Feb/2018:18:26:05 +0000] "GET /lib/angular-ui-notification/dist/angular-ui-notification.js HTTP/1.1" 304 - "http://localhost:3030/" "Mozilla/5.0 (Windows NT 10.0; Win64; x64) AppleWebKit/537.36 (KHTML, like Gecko) Chrome/64.0.3282.186 Safari/537.36"
::1 - - [26/Feb/2018:18:26:05 +0000] "GET /js/controllers/main-ctrl.js HTTP/1.1" 304 - "http://localhost:3030/" "Mozilla/5.0 (Windows NT 10.0; Win64; x64) AppleWebKit/537.36 (KHTML, like Gecko) Chrome/64.0.3282.186 Safari/537.36"
::1 - - [26/Feb/2018:18:26:05 +0000] "GET /js/controllers/register-ctrl.js HTTP/1.1" 304 - "http://localhost:3030/" "Mozilla/5.0 (Windows NT 10.0; Win64; x64) AppleWebKit/537.36 (KHTML, like Gecko) Chrome/64.0.3282.186 Safari/537.36"
::1 - - [26/Feb/2018:18:26:05 +0000] "GET /js/controllers/login-ctrl.js HTTP/1.1" 304 - "http://localhost:3030/" "Mozilla/5.0 (Windows NT 10.0; Win64; x64) AppleWebKit/537.36 (KHTML, like Gecko) Chrome/64.0.3282.186 Safari/537.36"
::1 - - [26/Feb/2018:18:26:05 +0000] "GET /js/controllers/home-ctrl.js HTTP/1.1" 304 - "http://localhost:3030/" "Mozilla/5.0 (Windows NT 10.0; Win64; x64) AppleWebKit/537.36 (KHTML, like Gecko) Chrome/64.0.3282.186 Safari/537.36"
::1 - - [26/Feb/2018:18:26:05 +0000] "GET /js/controllers/chat-ctrl.js HTTP/1.1" 304 - "http://localhost:3030/" "Mozilla/5.0 (Windows NT 10.0; Win64; x64) AppleWebKit/537.36 (KHTML, like Gecko) Chrome/64.0.3282.186 Safari/537.36"
::1 - - [26/Feb/2018:18:26:05 +0000] "GET /js/services/token-service.js HTTP/1.1" 304 - "http://localhost:3030/" "Mozilla/5.0 (Windows NT 10.0; Win64; x64) AppleWebKit/537.36 (KHTML, like Gecko) Chrome/64.0.3282.186 Safari/537.36"
::1 - - [26/Feb/2018:18:26:05 +0000] "GET /js/services/http-service.js HTTP/1.1" 304 - "http://localhost:3030/" "Mozilla/5.0 (Windows NT 10.0; Win64; x64) AppleWebKit/537.36 (KHTML, like Gecko) Chrome/64.0.3282.186 Safari/537.36"
::1 - - [26/Feb/2018:18:26:05 +0000] "GET /js/services/constant-service.js HTTP/1.1" 304 - "http://localhost:3030/" "Mozilla/5.0 (Windows NT 10.0; Win64; x64) AppleWebKit/537.36 (KHTML, like Gecko) Chrome/64.0.3282.186 Safari/537.36"
::1 - - [26/Feb/2018:18:26:05 +0000] "GET /js/services/api-interceptor-service.js HTTP/1.1" 200 967 "http://localhost:3030/" "Mozilla/5.0 (Windows NT 10.0; Win64; x64) AppleWebKit/537.36 (KHTML, like Gecko) Chrome/64.0.3282.186 Safari/537.36"
::1 - - [26/Feb/2018:18:26:05 +0000] "GET /js/services/check-allowed-states-service.js HTTP/1.1" 304 - "http://localhost:3030/" "Mozilla/5.0 (Windows NT 10.0; Win64; x64) AppleWebKit/537.36 (KHTML, like Gecko) Chrome/64.0.3282.186 Safari/537.36"
::1 - - [26/Feb/2018:18:26:05 +0000] "GET /js/services/tabs-service.js HTTP/1.1" 304 - "http://localhost:3030/" "Mozilla/5.0 (Windows NT 10.0; Win64; x64) AppleWebKit/537.36 (KHTML, like Gecko) Chrome/64.0.3282.186 Safari/537.36"
::1 - - [26/Feb/2018:18:26:05 +0000] "GET /js/services/auth-service.js HTTP/1.1" 304 - "http://localhost:3030/" "Mozilla/5.0 (Windows NT 10.0; Win64; x64) AppleWebKit/537.36 (KHTML, like Gecko) Chrome/64.0.3282.186 Safari/537.36"
::1 - - [26/Feb/2018:18:26:05 +0000] "GET /js/filters/filter.js HTTP/1.1" 304 - "http://localhost:3030/" "Mozilla/5.0 (Windows NT 10.0; Win64; x64) AppleWebKit/537.36 (KHTML, like Gecko) Chrome/64.0.3282.186 Safari/537.36"
::1 - - [26/Feb/2018:18:26:06 +0000] "GET /lib/angular/angular.min.js.map HTTP/1.1" 304 - "-" "Mozilla/5.0 (Windows NT 10.0; Win64; x64) AppleWebKit/537.36 (KHTML, like Gecko) Chrome/64.0.3282.186 Safari/537.36"
::1 - - [26/Feb/2018:18:26:06 +0000] "GET /lib/angular-ui-router/release/angular-ui-router.min.js.map HTTP/1.1" 304 - "-" "Mozilla/5.0 (Windows NT 10.0; Win64; x64) AppleWebKit/537.36 (KHTML, like Gecko) Chrome/64.0.3282.186 Safari/537.36"
::1 - - [26/Feb/2018:18:26:06 +0000] "GET /templates/mainn.html HTTP/1.1" 304 - "http://localhost:3030/" "Mozilla/5.0 (Windows NT 10.0; Win64; x64) AppleWebKit/537.36 (KHTML, like Gecko) Chrome/64.0.3282.186 Safari/537.36"
::1 - - [26/Feb/2018:18:26:06 +0000] "GET /templates/login.html HTTP/1.1" 304 - "http://localhost:3030/" "Mozilla/5.0 (Windows NT 10.0; Win64; x64) AppleWebKit/537.36 (KHTML, like Gecko) Chrome/64.0.3282.186 Safari/537.36"
::1 - - [26/Feb/2018:18:26:16 +0000] "POST /login HTTP/1.1" 200 207 "http://localhost:3030/" "Mozilla/5.0 (Windows NT 10.0; Win64; x64) AppleWebKit/537.36 (KHTML, like Gecko) Chrome/64.0.3282.186 Safari/537.36"
::1 - - [26/Feb/2018:18:26:19 +0000] "GET /templates/home.html HTTP/1.1" 304 - "http://localhost:3030/" "Mozilla/5.0 (Windows NT 10.0; Win64; x64) AppleWebKit/537.36 (KHTML, like Gecko) Chrome/64.0.3282.186 Safari/537.36"
::1 - - [26/Feb/2018:18:26:19 +0000] "GET /app HTTP/1.1" 200 361 "http://localhost:3030/" "Mozilla/5.0 (Windows NT 10.0; Win64; x64) AppleWebKit/537.36 (KHTML, like Gecko) Chrome/64.0.3282.186 Safari/537.36"
::1 - - [26/Feb/2018:18:27:08 +0000] "GET / HTTP/1.1" 304 - "-" "Mozilla/5.0 (Windows NT 10.0; Win64; x64) AppleWebKit/537.36 (KHTML, like Gecko) Chrome/64.0.3282.186 Safari/537.36"
::1 - - [26/Feb/2018:18:27:08 +0000] "GET /lib/angular-ui-notification/dist/angular-ui-notification.css HTTP/1.1" 304 - "http://localhost:3030/" "Mozilla/5.0 (Windows NT 10.0; Win64; x64) AppleWebKit/537.36 (KHTML, like Gecko) Chrome/64.0.3282.186 Safari/537.36"
::1 - - [26/Feb/2018:18:27:08 +0000] "GET /lib/angular/angular.min.js HTTP/1.1" 304 - "http://localhost:3030/" "Mozilla/5.0 (Windows NT 10.0; Win64; x64) AppleWebKit/537.36 (KHTML, like Gecko) Chrome/64.0.3282.186 Safari/537.36"
::1 - - [26/Feb/2018:18:27:08 +0000] "GET /lib/angular-ui-router/release/angular-ui-router.min.js HTTP/1.1" 304 - "http://localhost:3030/" "Mozilla/5.0 (Windows NT 10.0; Win64; x64) AppleWebKit/537.36 (KHTML, like Gecko) Chrome/64.0.3282.186 Safari/537.36"
::1 - - [26/Feb/2018:18:27:08 +0000] "GET /lib/angular-storage/dist/angular-storage.min.js HTTP/1.1" 304 - "http://localhost:3030/" "Mozilla/5.0 (Windows NT 10.0; Win64; x64) AppleWebKit/537.36 (KHTML, like Gecko) Chrome/64.0.3282.186 Safari/537.36"
::1 - - [26/Feb/2018:18:27:08 +0000] "GET /lib/angular-ui-notification/dist/angular-ui-notification.js HTTP/1.1" 304 - "http://localhost:3030/" "Mozilla/5.0 (Windows NT 10.0; Win64; x64) AppleWebKit/537.36 (KHTML, like Gecko) Chrome/64.0.3282.186 Safari/537.36"
::1 - - [26/Feb/2018:18:27:08 +0000] "GET /js/controllers/main-ctrl.js HTTP/1.1" 304 - "http://localhost:3030/" "Mozilla/5.0 (Windows NT 10.0; Win64; x64) AppleWebKit/537.36 (KHTML, like Gecko) Chrome/64.0.3282.186 Safari/537.36"
::1 - - [26/Feb/2018:18:27:08 +0000] "GET /js/controllers/register-ctrl.js HTTP/1.1" 304 - "http://localhost:3030/" "Mozilla/5.0 (Windows NT 10.0; Win64; x64) AppleWebKit/537.36 (KHTML, like Gecko) Chrome/64.0.3282.186 Safari/537.36"
::1 - - [26/Feb/2018:18:27:08 +0000] "GET /js/app.js HTTP/1.1" 200 3843 "http://localhost:3030/" "Mozilla/5.0 (Windows NT 10.0; Win64; x64) AppleWebKit/537.36 (KHTML, like Gecko) Chrome/64.0.3282.186 Safari/537.36"
::1 - - [26/Feb/2018:18:27:08 +0000] "GET /js/controllers/login-ctrl.js HTTP/1.1" 304 - "http://localhost:3030/" "Mozilla/5.0 (Windows NT 10.0; Win64; x64) AppleWebKit/537.36 (KHTML, like Gecko) Chrome/64.0.3282.186 Safari/537.36"
::1 - - [26/Feb/2018:18:27:08 +0000] "GET /js/controllers/chat-ctrl.js HTTP/1.1" 304 - "http://localhost:3030/" "Mozilla/5.0 (Windows NT 10.0; Win64; x64) AppleWebKit/537.36 (KHTML, like Gecko) Chrome/64.0.3282.186 Safari/537.36"
::1 - - [26/Feb/2018:18:27:08 +0000] "GET /js/controllers/home-ctrl.js HTTP/1.1" 304 - "http://localhost:3030/" "Mozilla/5.0 (Windows NT 10.0; Win64; x64) AppleWebKit/537.36 (KHTML, like Gecko) Chrome/64.0.3282.186 Safari/537.36"
::1 - - [26/Feb/2018:18:27:08 +0000] "GET /js/services/token-service.js HTTP/1.1" 304 - "http://localhost:3030/" "Mozilla/5.0 (Windows NT 10.0; Win64; x64) AppleWebKit/537.36 (KHTML, like Gecko) Chrome/64.0.3282.186 Safari/537.36"
::1 - - [26/Feb/2018:18:27:08 +0000] "GET /js/services/http-service.js HTTP/1.1" 304 - "http://localhost:3030/" "Mozilla/5.0 (Windows NT 10.0; Win64; x64) AppleWebKit/537.36 (KHTML, like Gecko) Chrome/64.0.3282.186 Safari/537.36"
::1 - - [26/Feb/2018:18:27:08 +0000] "GET /js/services/constant-service.js HTTP/1.1" 304 - "http://localhost:3030/" "Mozilla/5.0 (Windows NT 10.0; Win64; x64) AppleWebKit/537.36 (KHTML, like Gecko) Chrome/64.0.3282.186 Safari/537.36"
::1 - - [26/Feb/2018:18:27:08 +0000] "GET /js/services/api-interceptor-service.js HTTP/1.1" 304 - "http://localhost:3030/" "Mozilla/5.0 (Windows NT 10.0; Win64; x64) AppleWebKit/537.36 (KHTML, like Gecko) Chrome/64.0.3282.186 Safari/537.36"
::1 - - [26/Feb/2018:18:27:08 +0000] "GET /js/services/check-allowed-states-service.js HTTP/1.1" 304 - "http://localhost:3030/" "Mozilla/5.0 (Windows NT 10.0; Win64; x64) AppleWebKit/537.36 (KHTML, like Gecko) Chrome/64.0.3282.186 Safari/537.36"
::1 - - [26/Feb/2018:18:27:08 +0000] "GET /js/services/tabs-service.js HTTP/1.1" 304 - "http://localhost:3030/" "Mozilla/5.0 (Windows NT 10.0; Win64; x64) AppleWebKit/537.36 (KHTML, like Gecko) Chrome/64.0.3282.186 Safari/537.36"
::1 - - [26/Feb/2018:18:27:08 +0000] "GET /js/services/auth-service.js HTTP/1.1" 304 - "http://localhost:3030/" "Mozilla/5.0 (Windows NT 10.0; Win64; x64) AppleWebKit/537.36 (KHTML, like Gecko) Chrome/64.0.3282.186 Safari/537.36"
::1 - - [26/Feb/2018:18:27:08 +0000] "GET /js/filters/filter.js HTTP/1.1" 304 - "http://localhost:3030/" "Mozilla/5.0 (Windows NT 10.0; Win64; x64) AppleWebKit/537.36 (KHTML, like Gecko) Chrome/64.0.3282.186 Safari/537.36"
::1 - - [26/Feb/2018:18:27:08 +0000] "GET /lib/angular/angular.min.js.map HTTP/1.1" 304 - "-" "Mozilla/5.0 (Windows NT 10.0; Win64; x64) AppleWebKit/537.36 (KHTML, like Gecko) Chrome/64.0.3282.186 Safari/537.36"
::1 - - [26/Feb/2018:18:27:08 +0000] "GET /lib/angular-ui-router/release/angular-ui-router.min.js.map HTTP/1.1" 304 - "-" "Mozilla/5.0 (Windows NT 10.0; Win64; x64) AppleWebKit/537.36 (KHTML, like Gecko) Chrome/64.0.3282.186 Safari/537.36"
::1 - - [26/Feb/2018:18:27:08 +0000] "GET /templates/mainn.html HTTP/1.1" 304 - "http://localhost:3030/" "Mozilla/5.0 (Windows NT 10.0; Win64; x64) AppleWebKit/537.36 (KHTML, like Gecko) Chrome/64.0.3282.186 Safari/537.36"
::1 - - [26/Feb/2018:18:27:08 +0000] "GET /templates/login.html HTTP/1.1" 304 - "http://localhost:3030/" "Mozilla/5.0 (Windows NT 10.0; Win64; x64) AppleWebKit/537.36 (KHTML, like Gecko) Chrome/64.0.3282.186 Safari/537.36"
::1 - - [26/Feb/2018:18:27:11 +0000] "GET /templates/chat.html HTTP/1.1" 200 602 "http://localhost:3030/" "Mozilla/5.0 (Windows NT 10.0; Win64; x64) AppleWebKit/537.36 (KHTML, like Gecko) Chrome/64.0.3282.186 Safari/537.36"
::1 - - [26/Feb/2018:18:27:12 +0000] "GET /templates/home.html HTTP/1.1" 304 - "http://localhost:3030/" "Mozilla/5.0 (Windows NT 10.0; Win64; x64) AppleWebKit/537.36 (KHTML, like Gecko) Chrome/64.0.3282.186 Safari/537.36"
::1 - - [26/Feb/2018:18:27:12 +0000] "GET /app HTTP/1.1" 304 - "http://localhost:3030/" "Mozilla/5.0 (Windows NT 10.0; Win64; x64) AppleWebKit/537.36 (KHTML, like Gecko) Chrome/64.0.3282.186 Safari/537.36"
::1 - - [26/Feb/2018:18:28:03 +0000] "GET / HTTP/1.1" 304 - "-" "Mozilla/5.0 (Windows NT 10.0; Win64; x64) AppleWebKit/537.36 (KHTML, like Gecko) Chrome/64.0.3282.186 Safari/537.36"
::1 - - [26/Feb/2018:18:28:03 +0000] "GET /lib/angular-ui-notification/dist/angular-ui-notification.css HTTP/1.1" 304 - "http://localhost:3030/" "Mozilla/5.0 (Windows NT 10.0; Win64; x64) AppleWebKit/537.36 (KHTML, like Gecko) Chrome/64.0.3282.186 Safari/537.36"
::1 - - [26/Feb/2018:18:28:03 +0000] "GET /lib/angular/angular.min.js HTTP/1.1" 304 - "http://localhost:3030/" "Mozilla/5.0 (Windows NT 10.0; Win64; x64) AppleWebKit/537.36 (KHTML, like Gecko) Chrome/64.0.3282.186 Safari/537.36"
::1 - - [26/Feb/2018:18:28:03 +0000] "GET /lib/angular-ui-router/release/angular-ui-router.min.js HTTP/1.1" 304 - "http://localhost:3030/" "Mozilla/5.0 (Windows NT 10.0; Win64; x64) AppleWebKit/537.36 (KHTML, like Gecko) Chrome/64.0.3282.186 Safari/537.36"
::1 - - [26/Feb/2018:18:28:03 +0000] "GET /lib/angular-storage/dist/angular-storage.min.js HTTP/1.1" 304 - "http://localhost:3030/" "Mozilla/5.0 (Windows NT 10.0; Win64; x64) AppleWebKit/537.36 (KHTML, like Gecko) Chrome/64.0.3282.186 Safari/537.36"
::1 - - [26/Feb/2018:18:28:03 +0000] "GET /lib/angular-ui-notification/dist/angular-ui-notification.js HTTP/1.1" 304 - "http://localhost:3030/" "Mozilla/5.0 (Windows NT 10.0; Win64; x64) AppleWebKit/537.36 (KHTML, like Gecko) Chrome/64.0.3282.186 Safari/537.36"
::1 - - [26/Feb/2018:18:28:03 +0000] "GET /js/controllers/main-ctrl.js HTTP/1.1" 304 - "http://localhost:3030/" "Mozilla/5.0 (Windows NT 10.0; Win64; x64) AppleWebKit/537.36 (KHTML, like Gecko) Chrome/64.0.3282.186 Safari/537.36"
::1 - - [26/Feb/2018:18:28:03 +0000] "GET /js/app.js HTTP/1.1" 200 3892 "http://localhost:3030/" "Mozilla/5.0 (Windows NT 10.0; Win64; x64) AppleWebKit/537.36 (KHTML, like Gecko) Chrome/64.0.3282.186 Safari/537.36"
::1 - - [26/Feb/2018:18:28:03 +0000] "GET /js/controllers/register-ctrl.js HTTP/1.1" 304 - "http://localhost:3030/" "Mozilla/5.0 (Windows NT 10.0; Win64; x64) AppleWebKit/537.36 (KHTML, like Gecko) Chrome/64.0.3282.186 Safari/537.36"
::1 - - [26/Feb/2018:18:28:03 +0000] "GET /js/controllers/login-ctrl.js HTTP/1.1" 304 - "http://localhost:3030/" "Mozilla/5.0 (Windows NT 10.0; Win64; x64) AppleWebKit/537.36 (KHTML, like Gecko) Chrome/64.0.3282.186 Safari/537.36"
::1 - - [26/Feb/2018:18:28:03 +0000] "GET /js/controllers/home-ctrl.js HTTP/1.1" 304 - "http://localhost:3030/" "Mozilla/5.0 (Windows NT 10.0; Win64; x64) AppleWebKit/537.36 (KHTML, like Gecko) Chrome/64.0.3282.186 Safari/537.36"
::1 - - [26/Feb/2018:18:28:03 +0000] "GET /js/controllers/chat-ctrl.js HTTP/1.1" 304 - "http://localhost:3030/" "Mozilla/5.0 (Windows NT 10.0; Win64; x64) AppleWebKit/537.36 (KHTML, like Gecko) Chrome/64.0.3282.186 Safari/537.36"
::1 - - [26/Feb/2018:18:28:03 +0000] "GET /js/services/token-service.js HTTP/1.1" 304 - "http://localhost:3030/" "Mozilla/5.0 (Windows NT 10.0; Win64; x64) AppleWebKit/537.36 (KHTML, like Gecko) Chrome/64.0.3282.186 Safari/537.36"
::1 - - [26/Feb/2018:18:28:03 +0000] "GET /js/services/http-service.js HTTP/1.1" 304 - "http://localhost:3030/" "Mozilla/5.0 (Windows NT 10.0; Win64; x64) AppleWebKit/537.36 (KHTML, like Gecko) Chrome/64.0.3282.186 Safari/537.36"
::1 - - [26/Feb/2018:18:28:03 +0000] "GET /js/services/constant-service.js HTTP/1.1" 304 - "http://localhost:3030/" "Mozilla/5.0 (Windows NT 10.0; Win64; x64) AppleWebKit/537.36 (KHTML, like Gecko) Chrome/64.0.3282.186 Safari/537.36"
::1 - - [26/Feb/2018:18:28:03 +0000] "GET /js/services/api-interceptor-service.js HTTP/1.1" 304 - "http://localhost:3030/" "Mozilla/5.0 (Windows NT 10.0; Win64; x64) AppleWebKit/537.36 (KHTML, like Gecko) Chrome/64.0.3282.186 Safari/537.36"
::1 - - [26/Feb/2018:18:28:03 +0000] "GET /js/services/check-allowed-states-service.js HTTP/1.1" 304 - "http://localhost:3030/" "Mozilla/5.0 (Windows NT 10.0; Win64; x64) AppleWebKit/537.36 (KHTML, like Gecko) Chrome/64.0.3282.186 Safari/537.36"
::1 - - [26/Feb/2018:18:28:03 +0000] "GET /js/services/tabs-service.js HTTP/1.1" 304 - "http://localhost:3030/" "Mozilla/5.0 (Windows NT 10.0; Win64; x64) AppleWebKit/537.36 (KHTML, like Gecko) Chrome/64.0.3282.186 Safari/537.36"
::1 - - [26/Feb/2018:18:28:03 +0000] "GET /js/services/auth-service.js HTTP/1.1" 304 - "http://localhost:3030/" "Mozilla/5.0 (Windows NT 10.0; Win64; x64) AppleWebKit/537.36 (KHTML, like Gecko) Chrome/64.0.3282.186 Safari/537.36"
::1 - - [26/Feb/2018:18:28:03 +0000] "GET /js/filters/filter.js HTTP/1.1" 304 - "http://localhost:3030/" "Mozilla/5.0 (Windows NT 10.0; Win64; x64) AppleWebKit/537.36 (KHTML, like Gecko) Chrome/64.0.3282.186 Safari/537.36"
::1 - - [26/Feb/2018:18:28:03 +0000] "GET /lib/angular/angular.min.js.map HTTP/1.1" 304 - "-" "Mozilla/5.0 (Windows NT 10.0; Win64; x64) AppleWebKit/537.36 (KHTML, like Gecko) Chrome/64.0.3282.186 Safari/537.36"
::1 - - [26/Feb/2018:18:28:03 +0000] "GET /lib/angular-ui-router/release/angular-ui-router.min.js.map HTTP/1.1" 304 - "-" "Mozilla/5.0 (Windows NT 10.0; Win64; x64) AppleWebKit/537.36 (KHTML, like Gecko) Chrome/64.0.3282.186 Safari/537.36"
::1 - - [26/Feb/2018:18:28:03 +0000] "GET /templates/mainn.html HTTP/1.1" 304 - "http://localhost:3030/" "Mozilla/5.0 (Windows NT 10.0; Win64; x64) AppleWebKit/537.36 (KHTML, like Gecko) Chrome/64.0.3282.186 Safari/537.36"
::1 - - [26/Feb/2018:18:28:03 +0000] "GET /templates/home.html HTTP/1.1" 304 - "http://localhost:3030/" "Mozilla/5.0 (Windows NT 10.0; Win64; x64) AppleWebKit/537.36 (KHTML, like Gecko) Chrome/64.0.3282.186 Safari/537.36"
::1 - - [26/Feb/2018:18:28:03 +0000] "GET /app HTTP/1.1" 304 - "http://localhost:3030/" "Mozilla/5.0 (Windows NT 10.0; Win64; x64) AppleWebKit/537.36 (KHTML, like Gecko) Chrome/64.0.3282.186 Safari/537.36"
::1 - - [26/Feb/2018:18:28:19 +0000] "GET / HTTP/1.1" 304 - "-" "Mozilla/5.0 (Windows NT 10.0; Win64; x64) AppleWebKit/537.36 (KHTML, like Gecko) Chrome/64.0.3282.186 Safari/537.36"
::1 - - [26/Feb/2018:18:28:19 +0000] "GET /lib/angular-ui-notification/dist/angular-ui-notification.css HTTP/1.1" 304 - "http://localhost:3030/" "Mozilla/5.0 (Windows NT 10.0; Win64; x64) AppleWebKit/537.36 (KHTML, like Gecko) Chrome/64.0.3282.186 Safari/537.36"
::1 - - [26/Feb/2018:18:28:19 +0000] "GET /lib/angular/angular.min.js HTTP/1.1" 304 - "http://localhost:3030/" "Mozilla/5.0 (Windows NT 10.0; Win64; x64) AppleWebKit/537.36 (KHTML, like Gecko) Chrome/64.0.3282.186 Safari/537.36"
::1 - - [26/Feb/2018:18:28:19 +0000] "GET /lib/angular-ui-router/release/angular-ui-router.min.js HTTP/1.1" 304 - "http://localhost:3030/" "Mozilla/5.0 (Windows NT 10.0; Win64; x64) AppleWebKit/537.36 (KHTML, like Gecko) Chrome/64.0.3282.186 Safari/537.36"
::1 - - [26/Feb/2018:18:28:19 +0000] "GET /lib/angular-storage/dist/angular-storage.min.js HTTP/1.1" 304 - "http://localhost:3030/" "Mozilla/5.0 (Windows NT 10.0; Win64; x64) AppleWebKit/537.36 (KHTML, like Gecko) Chrome/64.0.3282.186 Safari/537.36"
::1 - - [26/Feb/2018:18:28:19 +0000] "GET /lib/angular-ui-notification/dist/angular-ui-notification.js HTTP/1.1" 304 - "http://localhost:3030/" "Mozilla/5.0 (Windows NT 10.0; Win64; x64) AppleWebKit/537.36 (KHTML, like Gecko) Chrome/64.0.3282.186 Safari/537.36"
::1 - - [26/Feb/2018:18:28:19 +0000] "GET /js/app.js HTTP/1.1" 304 - "http://localhost:3030/" "Mozilla/5.0 (Windows NT 10.0; Win64; x64) AppleWebKit/537.36 (KHTML, like Gecko) Chrome/64.0.3282.186 Safari/537.36"
::1 - - [26/Feb/2018:18:28:19 +0000] "GET /js/controllers/main-ctrl.js HTTP/1.1" 304 - "http://localhost:3030/" "Mozilla/5.0 (Windows NT 10.0; Win64; x64) AppleWebKit/537.36 (KHTML, like Gecko) Chrome/64.0.3282.186 Safari/537.36"
::1 - - [26/Feb/2018:18:28:19 +0000] "GET /js/controllers/register-ctrl.js HTTP/1.1" 304 - "http://localhost:3030/" "Mozilla/5.0 (Windows NT 10.0; Win64; x64) AppleWebKit/537.36 (KHTML, like Gecko) Chrome/64.0.3282.186 Safari/537.36"
::1 - - [26/Feb/2018:18:28:19 +0000] "GET /js/controllers/login-ctrl.js HTTP/1.1" 304 - "http://localhost:3030/" "Mozilla/5.0 (Windows NT 10.0; Win64; x64) AppleWebKit/537.36 (KHTML, like Gecko) Chrome/64.0.3282.186 Safari/537.36"
::1 - - [26/Feb/2018:18:28:19 +0000] "GET /js/controllers/home-ctrl.js HTTP/1.1" 304 - "http://localhost:3030/" "Mozilla/5.0 (Windows NT 10.0; Win64; x64) AppleWebKit/537.36 (KHTML, like Gecko) Chrome/64.0.3282.186 Safari/537.36"
::1 - - [26/Feb/2018:18:28:19 +0000] "GET /js/controllers/chat-ctrl.js HTTP/1.1" 304 - "http://localhost:3030/" "Mozilla/5.0 (Windows NT 10.0; Win64; x64) AppleWebKit/537.36 (KHTML, like Gecko) Chrome/64.0.3282.186 Safari/537.36"
::1 - - [26/Feb/2018:18:28:19 +0000] "GET /js/services/token-service.js HTTP/1.1" 304 - "http://localhost:3030/" "Mozilla/5.0 (Windows NT 10.0; Win64; x64) AppleWebKit/537.36 (KHTML, like Gecko) Chrome/64.0.3282.186 Safari/537.36"
::1 - - [26/Feb/2018:18:28:19 +0000] "GET /js/services/http-service.js HTTP/1.1" 304 - "http://localhost:3030/" "Mozilla/5.0 (Windows NT 10.0; Win64; x64) AppleWebKit/537.36 (KHTML, like Gecko) Chrome/64.0.3282.186 Safari/537.36"
::1 - - [26/Feb/2018:18:28:19 +0000] "GET /js/services/constant-service.js HTTP/1.1" 304 - "http://localhost:3030/" "Mozilla/5.0 (Windows NT 10.0; Win64; x64) AppleWebKit/537.36 (KHTML, like Gecko) Chrome/64.0.3282.186 Safari/537.36"
::1 - - [26/Feb/2018:18:28:19 +0000] "GET /js/services/api-interceptor-service.js HTTP/1.1" 304 - "http://localhost:3030/" "Mozilla/5.0 (Windows NT 10.0; Win64; x64) AppleWebKit/537.36 (KHTML, like Gecko) Chrome/64.0.3282.186 Safari/537.36"
::1 - - [26/Feb/2018:18:28:19 +0000] "GET /js/services/check-allowed-states-service.js HTTP/1.1" 304 - "http://localhost:3030/" "Mozilla/5.0 (Windows NT 10.0; Win64; x64) AppleWebKit/537.36 (KHTML, like Gecko) Chrome/64.0.3282.186 Safari/537.36"
::1 - - [26/Feb/2018:18:28:19 +0000] "GET /js/services/tabs-service.js HTTP/1.1" 304 - "http://localhost:3030/" "Mozilla/5.0 (Windows NT 10.0; Win64; x64) AppleWebKit/537.36 (KHTML, like Gecko) Chrome/64.0.3282.186 Safari/537.36"
::1 - - [26/Feb/2018:18:28:19 +0000] "GET /js/services/auth-service.js HTTP/1.1" 304 - "http://localhost:3030/" "Mozilla/5.0 (Windows NT 10.0; Win64; x64) AppleWebKit/537.36 (KHTML, like Gecko) Chrome/64.0.3282.186 Safari/537.36"
::1 - - [26/Feb/2018:18:28:19 +0000] "GET /js/filters/filter.js HTTP/1.1" 304 - "http://localhost:3030/" "Mozilla/5.0 (Windows NT 10.0; Win64; x64) AppleWebKit/537.36 (KHTML, like Gecko) Chrome/64.0.3282.186 Safari/537.36"
::1 - - [26/Feb/2018:18:28:20 +0000] "GET /lib/angular/angular.min.js.map HTTP/1.1" 304 - "-" "Mozilla/5.0 (Windows NT 10.0; Win64; x64) AppleWebKit/537.36 (KHTML, like Gecko) Chrome/64.0.3282.186 Safari/537.36"
::1 - - [26/Feb/2018:18:28:20 +0000] "GET /lib/angular-ui-router/release/angular-ui-router.min.js.map HTTP/1.1" 304 - "-" "Mozilla/5.0 (Windows NT 10.0; Win64; x64) AppleWebKit/537.36 (KHTML, like Gecko) Chrome/64.0.3282.186 Safari/537.36"
::1 - - [26/Feb/2018:18:28:20 +0000] "GET /templates/mainn.html HTTP/1.1" 304 - "http://localhost:3030/" "Mozilla/5.0 (Windows NT 10.0; Win64; x64) AppleWebKit/537.36 (KHTML, like Gecko) Chrome/64.0.3282.186 Safari/537.36"
::1 - - [26/Feb/2018:18:28:20 +0000] "GET /templates/login.html HTTP/1.1" 304 - "http://localhost:3030/" "Mozilla/5.0 (Windows NT 10.0; Win64; x64) AppleWebKit/537.36 (KHTML, like Gecko) Chrome/64.0.3282.186 Safari/537.36"
::1 - - [26/Feb/2018:18:28:40 +0000] "GET / HTTP/1.1" 304 - "-" "Mozilla/5.0 (Windows NT 10.0; Win64; x64) AppleWebKit/537.36 (KHTML, like Gecko) Chrome/64.0.3282.186 Safari/537.36"
::1 - - [26/Feb/2018:18:28:40 +0000] "GET /js/app.js HTTP/1.1" 304 - "http://localhost:3030/" "Mozilla/5.0 (Windows NT 10.0; Win64; x64) AppleWebKit/537.36 (KHTML, like Gecko) Chrome/64.0.3282.186 Safari/537.36"
::1 - - [26/Feb/2018:18:28:40 +0000] "GET /lib/angular-ui-notification/dist/angular-ui-notification.css HTTP/1.1" 304 - "http://localhost:3030/" "Mozilla/5.0 (Windows NT 10.0; Win64; x64) AppleWebKit/537.36 (KHTML, like Gecko) Chrome/64.0.3282.186 Safari/537.36"
::1 - - [26/Feb/2018:18:28:40 +0000] "GET /lib/angular/angular.min.js HTTP/1.1" 304 - "http://localhost:3030/" "Mozilla/5.0 (Windows NT 10.0; Win64; x64) AppleWebKit/537.36 (KHTML, like Gecko) Chrome/64.0.3282.186 Safari/537.36"
::1 - - [26/Feb/2018:18:28:40 +0000] "GET /lib/angular-ui-router/release/angular-ui-router.min.js HTTP/1.1" 304 - "http://localhost:3030/" "Mozilla/5.0 (Windows NT 10.0; Win64; x64) AppleWebKit/537.36 (KHTML, like Gecko) Chrome/64.0.3282.186 Safari/537.36"
::1 - - [26/Feb/2018:18:28:40 +0000] "GET /lib/angular-storage/dist/angular-storage.min.js HTTP/1.1" 304 - "http://localhost:3030/" "Mozilla/5.0 (Windows NT 10.0; Win64; x64) AppleWebKit/537.36 (KHTML, like Gecko) Chrome/64.0.3282.186 Safari/537.36"
::1 - - [26/Feb/2018:18:28:40 +0000] "GET /lib/angular-ui-notification/dist/angular-ui-notification.js HTTP/1.1" 304 - "http://localhost:3030/" "Mozilla/5.0 (Windows NT 10.0; Win64; x64) AppleWebKit/537.36 (KHTML, like Gecko) Chrome/64.0.3282.186 Safari/537.36"
::1 - - [26/Feb/2018:18:28:40 +0000] "GET /js/controllers/main-ctrl.js HTTP/1.1" 304 - "http://localhost:3030/" "Mozilla/5.0 (Windows NT 10.0; Win64; x64) AppleWebKit/537.36 (KHTML, like Gecko) Chrome/64.0.3282.186 Safari/537.36"
::1 - - [26/Feb/2018:18:28:40 +0000] "GET /js/controllers/register-ctrl.js HTTP/1.1" 304 - "http://localhost:3030/" "Mozilla/5.0 (Windows NT 10.0; Win64; x64) AppleWebKit/537.36 (KHTML, like Gecko) Chrome/64.0.3282.186 Safari/537.36"
::1 - - [26/Feb/2018:18:28:40 +0000] "GET /js/controllers/login-ctrl.js HTTP/1.1" 304 - "http://localhost:3030/" "Mozilla/5.0 (Windows NT 10.0; Win64; x64) AppleWebKit/537.36 (KHTML, like Gecko) Chrome/64.0.3282.186 Safari/537.36"
::1 - - [26/Feb/2018:18:28:40 +0000] "GET /js/controllers/home-ctrl.js HTTP/1.1" 304 - "http://localhost:3030/" "Mozilla/5.0 (Windows NT 10.0; Win64; x64) AppleWebKit/537.36 (KHTML, like Gecko) Chrome/64.0.3282.186 Safari/537.36"
::1 - - [26/Feb/2018:18:28:40 +0000] "GET /js/controllers/chat-ctrl.js HTTP/1.1" 304 - "http://localhost:3030/" "Mozilla/5.0 (Windows NT 10.0; Win64; x64) AppleWebKit/537.36 (KHTML, like Gecko) Chrome/64.0.3282.186 Safari/537.36"
::1 - - [26/Feb/2018:18:28:40 +0000] "GET /js/services/token-service.js HTTP/1.1" 304 - "http://localhost:3030/" "Mozilla/5.0 (Windows NT 10.0; Win64; x64) AppleWebKit/537.36 (KHTML, like Gecko) Chrome/64.0.3282.186 Safari/537.36"
::1 - - [26/Feb/2018:18:28:40 +0000] "GET /js/services/http-service.js HTTP/1.1" 304 - "http://localhost:3030/" "Mozilla/5.0 (Windows NT 10.0; Win64; x64) AppleWebKit/537.36 (KHTML, like Gecko) Chrome/64.0.3282.186 Safari/537.36"
::1 - - [26/Feb/2018:18:28:40 +0000] "GET /js/services/constant-service.js HTTP/1.1" 304 - "http://localhost:3030/" "Mozilla/5.0 (Windows NT 10.0; Win64; x64) AppleWebKit/537.36 (KHTML, like Gecko) Chrome/64.0.3282.186 Safari/537.36"
::1 - - [26/Feb/2018:18:28:40 +0000] "GET /js/services/api-interceptor-service.js HTTP/1.1" 304 - "http://localhost:3030/" "Mozilla/5.0 (Windows NT 10.0; Win64; x64) AppleWebKit/537.36 (KHTML, like Gecko) Chrome/64.0.3282.186 Safari/537.36"
::1 - - [26/Feb/2018:18:28:40 +0000] "GET /js/services/check-allowed-states-service.js HTTP/1.1" 304 - "http://localhost:3030/" "Mozilla/5.0 (Windows NT 10.0; Win64; x64) AppleWebKit/537.36 (KHTML, like Gecko) Chrome/64.0.3282.186 Safari/537.36"
::1 - - [26/Feb/2018:18:28:40 +0000] "GET /js/services/tabs-service.js HTTP/1.1" 304 - "http://localhost:3030/" "Mozilla/5.0 (Windows NT 10.0; Win64; x64) AppleWebKit/537.36 (KHTML, like Gecko) Chrome/64.0.3282.186 Safari/537.36"
::1 - - [26/Feb/2018:18:28:40 +0000] "GET /js/filters/filter.js HTTP/1.1" 304 - "http://localhost:3030/" "Mozilla/5.0 (Windows NT 10.0; Win64; x64) AppleWebKit/537.36 (KHTML, like Gecko) Chrome/64.0.3282.186 Safari/537.36"
::1 - - [26/Feb/2018:18:28:40 +0000] "GET /js/services/auth-service.js HTTP/1.1" 200 428 "http://localhost:3030/" "Mozilla/5.0 (Windows NT 10.0; Win64; x64) AppleWebKit/537.36 (KHTML, like Gecko) Chrome/64.0.3282.186 Safari/537.36"
::1 - - [26/Feb/2018:18:28:40 +0000] "GET /lib/angular/angular.min.js.map HTTP/1.1" 304 - "-" "Mozilla/5.0 (Windows NT 10.0; Win64; x64) AppleWebKit/537.36 (KHTML, like Gecko) Chrome/64.0.3282.186 Safari/537.36"
::1 - - [26/Feb/2018:18:28:40 +0000] "GET /lib/angular-ui-router/release/angular-ui-router.min.js.map HTTP/1.1" 304 - "-" "Mozilla/5.0 (Windows NT 10.0; Win64; x64) AppleWebKit/537.36 (KHTML, like Gecko) Chrome/64.0.3282.186 Safari/537.36"
::1 - - [26/Feb/2018:18:28:40 +0000] "GET /templates/mainn.html HTTP/1.1" 304 - "http://localhost:3030/" "Mozilla/5.0 (Windows NT 10.0; Win64; x64) AppleWebKit/537.36 (KHTML, like Gecko) Chrome/64.0.3282.186 Safari/537.36"
::1 - - [26/Feb/2018:18:28:40 +0000] "GET /templates/login.html HTTP/1.1" 304 - "http://localhost:3030/" "Mozilla/5.0 (Windows NT 10.0; Win64; x64) AppleWebKit/537.36 (KHTML, like Gecko) Chrome/64.0.3282.186 Safari/537.36"
::1 - - [26/Feb/2018:18:28:42 +0000] "GET /templates/register.html HTTP/1.1" 200 1556 "http://localhost:3030/" "Mozilla/5.0 (Windows NT 10.0; Win64; x64) AppleWebKit/537.36 (KHTML, like Gecko) Chrome/64.0.3282.186 Safari/537.36"
::1 - - [26/Feb/2018:18:28:50 +0000] "POST /login HTTP/1.1" 200 207 "http://localhost:3030/" "Mozilla/5.0 (Windows NT 10.0; Win64; x64) AppleWebKit/537.36 (KHTML, like Gecko) Chrome/64.0.3282.186 Safari/537.36"
::1 - - [26/Feb/2018:18:28:53 +0000] "GET /templates/home.html HTTP/1.1" 304 - "http://localhost:3030/" "Mozilla/5.0 (Windows NT 10.0; Win64; x64) AppleWebKit/537.36 (KHTML, like Gecko) Chrome/64.0.3282.186 Safari/537.36"
::1 - - [26/Feb/2018:18:28:53 +0000] "GET /app HTTP/1.1" 304 - "http://localhost:3030/" "Mozilla/5.0 (Windows NT 10.0; Win64; x64) AppleWebKit/537.36 (KHTML, like Gecko) Chrome/64.0.3282.186 Safari/537.36"
::1 - - [26/Feb/2018:18:29:12 +0000] "GET /templates/chat.html HTTP/1.1" 304 - "http://localhost:3030/" "Mozilla/5.0 (Windows NT 10.0; Win64; x64) AppleWebKit/537.36 (KHTML, like Gecko) Chrome/64.0.3282.186 Safari/537.36"
::1 - - [26/Feb/2018:18:29:14 +0000] "GET /app HTTP/1.1" 304 - "http://localhost:3030/" "Mozilla/5.0 (Windows NT 10.0; Win64; x64) AppleWebKit/537.36 (KHTML, like Gecko) Chrome/64.0.3282.186 Safari/537.36"
::1 - - [26/Feb/2018:18:29:17 +0000] "GET / HTTP/1.1" 304 - "-" "Mozilla/5.0 (Windows NT 10.0; Win64; x64) AppleWebKit/537.36 (KHTML, like Gecko) Chrome/64.0.3282.186 Safari/537.36"
::1 - - [26/Feb/2018:18:29:17 +0000] "GET /lib/angular-ui-notification/dist/angular-ui-notification.css HTTP/1.1" 304 - "http://localhost:3030/" "Mozilla/5.0 (Windows NT 10.0; Win64; x64) AppleWebKit/537.36 (KHTML, like Gecko) Chrome/64.0.3282.186 Safari/537.36"
::1 - - [26/Feb/2018:18:29:17 +0000] "GET /js/app.js HTTP/1.1" 304 - "http://localhost:3030/" "Mozilla/5.0 (Windows NT 10.0; Win64; x64) AppleWebKit/537.36 (KHTML, like Gecko) Chrome/64.0.3282.186 Safari/537.36"
::1 - - [26/Feb/2018:18:29:17 +0000] "GET /lib/angular-ui-router/release/angular-ui-router.min.js HTTP/1.1" 304 - "http://localhost:3030/" "Mozilla/5.0 (Windows NT 10.0; Win64; x64) AppleWebKit/537.36 (KHTML, like Gecko) Chrome/64.0.3282.186 Safari/537.36"
::1 - - [26/Feb/2018:18:29:17 +0000] "GET /js/controllers/main-ctrl.js HTTP/1.1" 304 - "http://localhost:3030/" "Mozilla/5.0 (Windows NT 10.0; Win64; x64) AppleWebKit/537.36 (KHTML, like Gecko) Chrome/64.0.3282.186 Safari/537.36"
::1 - - [26/Feb/2018:18:29:17 +0000] "GET /js/controllers/register-ctrl.js HTTP/1.1" 304 - "http://localhost:3030/" "Mozilla/5.0 (Windows NT 10.0; Win64; x64) AppleWebKit/537.36 (KHTML, like Gecko) Chrome/64.0.3282.186 Safari/537.36"
::1 - - [26/Feb/2018:18:29:17 +0000] "GET /lib/angular/angular.min.js HTTP/1.1" 304 - "http://localhost:3030/" "Mozilla/5.0 (Windows NT 10.0; Win64; x64) AppleWebKit/537.36 (KHTML, like Gecko) Chrome/64.0.3282.186 Safari/537.36"
::1 - - [26/Feb/2018:18:29:17 +0000] "GET /js/controllers/login-ctrl.js HTTP/1.1" 304 - "http://localhost:3030/" "Mozilla/5.0 (Windows NT 10.0; Win64; x64) AppleWebKit/537.36 (KHTML, like Gecko) Chrome/64.0.3282.186 Safari/537.36"
::1 - - [26/Feb/2018:18:29:17 +0000] "GET /lib/angular-storage/dist/angular-storage.min.js HTTP/1.1" 304 - "http://localhost:3030/" "Mozilla/5.0 (Windows NT 10.0; Win64; x64) AppleWebKit/537.36 (KHTML, like Gecko) Chrome/64.0.3282.186 Safari/537.36"
::1 - - [26/Feb/2018:18:29:17 +0000] "GET /lib/angular-ui-notification/dist/angular-ui-notification.js HTTP/1.1" 304 - "http://localhost:3030/" "Mozilla/5.0 (Windows NT 10.0; Win64; x64) AppleWebKit/537.36 (KHTML, like Gecko) Chrome/64.0.3282.186 Safari/537.36"
::1 - - [26/Feb/2018:18:29:17 +0000] "GET /js/controllers/home-ctrl.js HTTP/1.1" 304 - "http://localhost:3030/" "Mozilla/5.0 (Windows NT 10.0; Win64; x64) AppleWebKit/537.36 (KHTML, like Gecko) Chrome/64.0.3282.186 Safari/537.36"
::1 - - [26/Feb/2018:18:29:17 +0000] "GET /js/controllers/chat-ctrl.js HTTP/1.1" 304 - "http://localhost:3030/" "Mozilla/5.0 (Windows NT 10.0; Win64; x64) AppleWebKit/537.36 (KHTML, like Gecko) Chrome/64.0.3282.186 Safari/537.36"
::1 - - [26/Feb/2018:18:29:17 +0000] "GET /js/services/token-service.js HTTP/1.1" 304 - "http://localhost:3030/" "Mozilla/5.0 (Windows NT 10.0; Win64; x64) AppleWebKit/537.36 (KHTML, like Gecko) Chrome/64.0.3282.186 Safari/537.36"
::1 - - [26/Feb/2018:18:29:17 +0000] "GET /js/services/http-service.js HTTP/1.1" 304 - "http://localhost:3030/" "Mozilla/5.0 (Windows NT 10.0; Win64; x64) AppleWebKit/537.36 (KHTML, like Gecko) Chrome/64.0.3282.186 Safari/537.36"
::1 - - [26/Feb/2018:18:29:17 +0000] "GET /js/services/constant-service.js HTTP/1.1" 304 - "http://localhost:3030/" "Mozilla/5.0 (Windows NT 10.0; Win64; x64) AppleWebKit/537.36 (KHTML, like Gecko) Chrome/64.0.3282.186 Safari/537.36"
::1 - - [26/Feb/2018:18:29:17 +0000] "GET /js/services/api-interceptor-service.js HTTP/1.1" 304 - "http://localhost:3030/" "Mozilla/5.0 (Windows NT 10.0; Win64; x64) AppleWebKit/537.36 (KHTML, like Gecko) Chrome/64.0.3282.186 Safari/537.36"
::1 - - [26/Feb/2018:18:29:17 +0000] "GET /js/services/check-allowed-states-service.js HTTP/1.1" 304 - "http://localhost:3030/" "Mozilla/5.0 (Windows NT 10.0; Win64; x64) AppleWebKit/537.36 (KHTML, like Gecko) Chrome/64.0.3282.186 Safari/537.36"
::1 - - [26/Feb/2018:18:29:17 +0000] "GET /js/services/tabs-service.js HTTP/1.1" 304 - "http://localhost:3030/" "Mozilla/5.0 (Windows NT 10.0; Win64; x64) AppleWebKit/537.36 (KHTML, like Gecko) Chrome/64.0.3282.186 Safari/537.36"
::1 - - [26/Feb/2018:18:29:17 +0000] "GET /js/services/auth-service.js HTTP/1.1" 304 - "http://localhost:3030/" "Mozilla/5.0 (Windows NT 10.0; Win64; x64) AppleWebKit/537.36 (KHTML, like Gecko) Chrome/64.0.3282.186 Safari/537.36"
::1 - - [26/Feb/2018:18:29:17 +0000] "GET /js/filters/filter.js HTTP/1.1" 304 - "http://localhost:3030/" "Mozilla/5.0 (Windows NT 10.0; Win64; x64) AppleWebKit/537.36 (KHTML, like Gecko) Chrome/64.0.3282.186 Safari/537.36"
::1 - - [26/Feb/2018:18:29:17 +0000] "GET /lib/angular/angular.min.js.map HTTP/1.1" 304 - "-" "Mozilla/5.0 (Windows NT 10.0; Win64; x64) AppleWebKit/537.36 (KHTML, like Gecko) Chrome/64.0.3282.186 Safari/537.36"
::1 - - [26/Feb/2018:18:29:17 +0000] "GET /lib/angular-ui-router/release/angular-ui-router.min.js.map HTTP/1.1" 304 - "-" "Mozilla/5.0 (Windows NT 10.0; Win64; x64) AppleWebKit/537.36 (KHTML, like Gecko) Chrome/64.0.3282.186 Safari/537.36"
::1 - - [26/Feb/2018:18:29:17 +0000] "GET /templates/mainn.html HTTP/1.1" 304 - "http://localhost:3030/" "Mozilla/5.0 (Windows NT 10.0; Win64; x64) AppleWebKit/537.36 (KHTML, like Gecko) Chrome/64.0.3282.186 Safari/537.36"
::1 - - [26/Feb/2018:18:29:17 +0000] "GET /templates/home.html HTTP/1.1" 304 - "http://localhost:3030/" "Mozilla/5.0 (Windows NT 10.0; Win64; x64) AppleWebKit/537.36 (KHTML, like Gecko) Chrome/64.0.3282.186 Safari/537.36"
::1 - - [26/Feb/2018:18:29:17 +0000] "GET /app HTTP/1.1" 401 53 "http://localhost:3030/" "Mozilla/5.0 (Windows NT 10.0; Win64; x64) AppleWebKit/537.36 (KHTML, like Gecko) Chrome/64.0.3282.186 Safari/537.36"
::1 - - [26/Feb/2018:18:29:26 +0000] "GET /templates/login.html HTTP/1.1" 304 - "http://localhost:3030/" "Mozilla/5.0 (Windows NT 10.0; Win64; x64) AppleWebKit/537.36 (KHTML, like Gecko) Chrome/64.0.3282.186 Safari/537.36"
::1 - - [26/Feb/2018:18:29:32 +0000] "GET /templates/register.html HTTP/1.1" 304 - "http://localhost:3030/" "Mozilla/5.0 (Windows NT 10.0; Win64; x64) AppleWebKit/537.36 (KHTML, like Gecko) Chrome/64.0.3282.186 Safari/537.36"
