::1 - - [03/May/2018:11:29:21 +0000] "OPTIONS /login HTTP/1.1" 200 4 "-" "Mozilla/5.0 (Windows NT 10.0; Win64; x64) AppleWebKit/537.36 (KHTML, like Gecko) Chrome/65.0.3325.181 Safari/537.36"
::1 - - [03/May/2018:11:29:21 +0000] "POST /login HTTP/1.1" 200 46 "http://localhost:3200/" "Mozilla/5.0 (Windows NT 10.0; Win64; x64) AppleWebKit/537.36 (KHTML, like Gecko) Chrome/65.0.3325.181 Safari/537.36"
::1 - - [03/May/2018:11:30:59 +0000] "OPTIONS /login HTTP/1.1" 200 4 "-" "Mozilla/5.0 (Windows NT 10.0; Win64; x64) AppleWebKit/537.36 (KHTML, like Gecko) Chrome/65.0.3325.181 Safari/537.36"
::1 - - [03/May/2018:11:30:59 +0000] "POST /login HTTP/1.1" 200 207 "http://localhost:3200/" "Mozilla/5.0 (Windows NT 10.0; Win64; x64) AppleWebKit/537.36 (KHTML, like Gecko) Chrome/65.0.3325.181 Safari/537.36"
::1 - - [03/May/2018:11:31:22 +0000] "OPTIONS /login HTTP/1.1" 200 4 "-" "Mozilla/5.0 (Windows NT 10.0; Win64; x64) AppleWebKit/537.36 (KHTML, like Gecko) Chrome/65.0.3325.181 Safari/537.36"
::1 - - [03/May/2018:11:31:23 +0000] "POST /login HTTP/1.1" 200 207 "http://localhost:3200/" "Mozilla/5.0 (Windows NT 10.0; Win64; x64) AppleWebKit/537.36 (KHTML, like Gecko) Chrome/65.0.3325.181 Safari/537.36"
::1 - - [03/May/2018:11:38:46 +0000] "OPTIONS /login HTTP/1.1" 200 4 "-" "Mozilla/5.0 (Windows NT 10.0; Win64; x64) AppleWebKit/537.36 (KHTML, like Gecko) Chrome/65.0.3325.181 Safari/537.36"
::1 - - [03/May/2018:11:38:47 +0000] "POST /login HTTP/1.1" 200 207 "http://localhost:3200/" "Mozilla/5.0 (Windows NT 10.0; Win64; x64) AppleWebKit/537.36 (KHTML, like Gecko) Chrome/65.0.3325.181 Safari/537.36"
::1 - - [03/May/2018:11:39:50 +0000] "OPTIONS /login HTTP/1.1" 200 4 "-" "Mozilla/5.0 (Windows NT 10.0; Win64; x64) AppleWebKit/537.36 (KHTML, like Gecko) Chrome/65.0.3325.181 Safari/537.36"
::1 - - [03/May/2018:11:39:50 +0000] "POST /login HTTP/1.1" 200 207 "http://localhost:3200/" "Mozilla/5.0 (Windows NT 10.0; Win64; x64) AppleWebKit/537.36 (KHTML, like Gecko) Chrome/65.0.3325.181 Safari/537.36"
::1 - - [03/May/2018:11:40:55 +0000] "OPTIONS /login HTTP/1.1" 200 4 "-" "Mozilla/5.0 (Windows NT 10.0; Win64; x64) AppleWebKit/537.36 (KHTML, like Gecko) Chrome/65.0.3325.181 Safari/537.36"
::1 - - [03/May/2018:11:40:56 +0000] "POST /login HTTP/1.1" 200 207 "http://localhost:3200/" "Mozilla/5.0 (Windows NT 10.0; Win64; x64) AppleWebKit/537.36 (KHTML, like Gecko) Chrome/65.0.3325.181 Safari/537.36"
::1 - - [03/May/2018:11:41:48 +0000] "OPTIONS /login HTTP/1.1" 200 4 "-" "Mozilla/5.0 (Windows NT 10.0; Win64; x64) AppleWebKit/537.36 (KHTML, like Gecko) Chrome/65.0.3325.181 Safari/537.36"
::1 - - [03/May/2018:11:41:48 +0000] "POST /login HTTP/1.1" 200 207 "http://localhost:3200/" "Mozilla/5.0 (Windows NT 10.0; Win64; x64) AppleWebKit/537.36 (KHTML, like Gecko) Chrome/65.0.3325.181 Safari/537.36"
::1 - - [03/May/2018:11:42:09 +0000] "OPTIONS /login HTTP/1.1" 200 4 "-" "Mozilla/5.0 (Windows NT 10.0; Win64; x64) AppleWebKit/537.36 (KHTML, like Gecko) Chrome/65.0.3325.181 Safari/537.36"
::1 - - [03/May/2018:11:42:09 +0000] "POST /login HTTP/1.1" 200 207 "http://localhost:3200/" "Mozilla/5.0 (Windows NT 10.0; Win64; x64) AppleWebKit/537.36 (KHTML, like Gecko) Chrome/65.0.3325.181 Safari/537.36"
::1 - - [03/May/2018:11:47:35 +0000] "OPTIONS /login HTTP/1.1" 200 4 "-" "Mozilla/5.0 (Windows NT 10.0; Win64; x64) AppleWebKit/537.36 (KHTML, like Gecko) Chrome/65.0.3325.181 Safari/537.36"
::1 - - [03/May/2018:11:47:36 +0000] "POST /login HTTP/1.1" 200 207 "http://localhost:3200/" "Mozilla/5.0 (Windows NT 10.0; Win64; x64) AppleWebKit/537.36 (KHTML, like Gecko) Chrome/65.0.3325.181 Safari/537.36"
::1 - - [03/May/2018:11:49:32 +0000] "OPTIONS /login HTTP/1.1" 200 4 "-" "Mozilla/5.0 (Windows NT 10.0; Win64; x64) AppleWebKit/537.36 (KHTML, like Gecko) Chrome/65.0.3325.181 Safari/537.36"
::1 - - [03/May/2018:11:49:33 +0000] "POST /login HTTP/1.1" 200 207 "http://localhost:3200/" "Mozilla/5.0 (Windows NT 10.0; Win64; x64) AppleWebKit/537.36 (KHTML, like Gecko) Chrome/65.0.3325.181 Safari/537.36"
::1 - - [03/May/2018:12:50:54 +0000] "OPTIONS /login HTTP/1.1" 200 4 "-" "Mozilla/5.0 (Windows NT 10.0; Win64; x64) AppleWebKit/537.36 (KHTML, like Gecko) Chrome/65.0.3325.181 Safari/537.36"
::1 - - [03/May/2018:12:50:54 +0000] "POST /login HTTP/1.1" 200 46 "http://localhost:3200/" "Mozilla/5.0 (Windows NT 10.0; Win64; x64) AppleWebKit/537.36 (KHTML, like Gecko) Chrome/65.0.3325.181 Safari/537.36"
::1 - - [03/May/2018:12:51:44 +0000] "OPTIONS /login HTTP/1.1" 200 4 "-" "Mozilla/5.0 (Windows NT 10.0; Win64; x64) AppleWebKit/537.36 (KHTML, like Gecko) Chrome/65.0.3325.181 Safari/537.36"
::1 - - [03/May/2018:12:51:44 +0000] "POST /login HTTP/1.1" 200 46 "http://localhost:3200/" "Mozilla/5.0 (Windows NT 10.0; Win64; x64) AppleWebKit/537.36 (KHTML, like Gecko) Chrome/65.0.3325.181 Safari/537.36"
::1 - - [03/May/2018:12:52:05 +0000] "OPTIONS /login HTTP/1.1" 200 4 "-" "Mozilla/5.0 (Windows NT 10.0; Win64; x64) AppleWebKit/537.36 (KHTML, like Gecko) Chrome/65.0.3325.181 Safari/537.36"
::1 - - [03/May/2018:12:52:05 +0000] "POST /login HTTP/1.1" 200 207 "http://localhost:3200/" "Mozilla/5.0 (Windows NT 10.0; Win64; x64) AppleWebKit/537.36 (KHTML, like Gecko) Chrome/65.0.3325.181 Safari/537.36"
::1 - - [03/May/2018:13:09:57 +0000] "GET /app HTTP/1.1" 200 361 "http://localhost:3200/" "Mozilla/5.0 (Windows NT 10.0; Win64; x64) AppleWebKit/537.36 (KHTML, like Gecko) Chrome/65.0.3325.181 Safari/537.36"
::1 - - [03/May/2018:13:10:06 +0000] "GET /app HTTP/1.1" 304 - "http://localhost:3200/" "Mozilla/5.0 (Windows NT 10.0; Win64; x64) AppleWebKit/537.36 (KHTML, like Gecko) Chrome/65.0.3325.181 Safari/537.36"
::1 - - [03/May/2018:13:11:26 +0000] "GET /app HTTP/1.1" 304 - "http://localhost:3200/" "Mozilla/5.0 (Windows NT 10.0; Win64; x64) AppleWebKit/537.36 (KHTML, like Gecko) Chrome/65.0.3325.181 Safari/537.36"
::1 - - [03/May/2018:13:11:33 +0000] "GET /app HTTP/1.1" 304 - "http://localhost:3200/" "Mozilla/5.0 (Windows NT 10.0; Win64; x64) AppleWebKit/537.36 (KHTML, like Gecko) Chrome/65.0.3325.181 Safari/537.36"
::1 - - [03/May/2018:13:12:03 +0000] "GET /app HTTP/1.1" 304 - "http://localhost:3200/" "Mozilla/5.0 (Windows NT 10.0; Win64; x64) AppleWebKit/537.36 (KHTML, like Gecko) Chrome/65.0.3325.181 Safari/537.36"
::1 - - [03/May/2018:13:13:43 +0000] "GET /app HTTP/1.1" 304 - "http://localhost:3200/" "Mozilla/5.0 (Windows NT 10.0; Win64; x64) AppleWebKit/537.36 (KHTML, like Gecko) Chrome/65.0.3325.181 Safari/537.36"
::1 - - [03/May/2018:13:13:47 +0000] "GET /app HTTP/1.1" 304 - "http://localhost:3200/" "Mozilla/5.0 (Windows NT 10.0; Win64; x64) AppleWebKit/537.36 (KHTML, like Gecko) Chrome/65.0.3325.181 Safari/537.36"
::1 - - [03/May/2018:13:14:22 +0000] "OPTIONS /login HTTP/1.1" 200 4 "-" "Mozilla/5.0 (Windows NT 10.0; Win64; x64) AppleWebKit/537.36 (KHTML, like Gecko) Chrome/65.0.3325.181 Safari/537.36"
::1 - - [03/May/2018:13:14:23 +0000] "POST /login HTTP/1.1" 200 207 "http://localhost:3200/" "Mozilla/5.0 (Windows NT 10.0; Win64; x64) AppleWebKit/537.36 (KHTML, like Gecko) Chrome/65.0.3325.181 Safari/537.36"
::1 - - [03/May/2018:13:14:28 +0000] "GET /app HTTP/1.1" 304 - "http://localhost:3200/" "Mozilla/5.0 (Windows NT 10.0; Win64; x64) AppleWebKit/537.36 (KHTML, like Gecko) Chrome/65.0.3325.181 Safari/537.36"
::1 - - [03/May/2018:13:18:36 +0000] "GET /app HTTP/1.1" 304 - "http://localhost:3200/" "Mozilla/5.0 (Windows NT 10.0; Win64; x64) AppleWebKit/537.36 (KHTML, like Gecko) Chrome/65.0.3325.181 Safari/537.36"
::1 - - [03/May/2018:13:19:10 +0000] "GET /app/getOnlineUsers HTTP/1.1" 200 144 "http://localhost:3200/" "Mozilla/5.0 (Windows NT 10.0; Win64; x64) AppleWebKit/537.36 (KHTML, like Gecko) Chrome/65.0.3325.181 Safari/537.36"
::1 - - [04/May/2018:07:54:01 +0000] "OPTIONS /login HTTP/1.1" 200 4 "-" "Mozilla/5.0 (Windows NT 10.0; Win64; x64) AppleWebKit/537.36 (KHTML, like Gecko) Chrome/65.0.3325.181 Safari/537.36"
::1 - - [04/May/2018:07:54:01 +0000] "POST /login HTTP/1.1" 200 207 "http://localhost:3200/" "Mozilla/5.0 (Windows NT 10.0; Win64; x64) AppleWebKit/537.36 (KHTML, like Gecko) Chrome/65.0.3325.181 Safari/537.36"
::1 - - [04/May/2018:07:54:04 +0000] "GET /app/getOnlineUsers HTTP/1.1" 200 204 "http://localhost:3200/" "Mozilla/5.0 (Windows NT 10.0; Win64; x64) AppleWebKit/537.36 (KHTML, like Gecko) Chrome/65.0.3325.181 Safari/537.36"
::1 - - [04/May/2018:08:32:29 +0000] "GET /app/getOnlineUsers HTTP/1.1" 304 - "http://localhost:3200/" "Mozilla/5.0 (Windows NT 10.0; Win64; x64) AppleWebKit/537.36 (KHTML, like Gecko) Chrome/65.0.3325.181 Safari/537.36"
::1 - - [04/May/2018:08:35:35 +0000] "GET /app/getOnlineUsers HTTP/1.1" 304 - "http://localhost:3200/" "Mozilla/5.0 (Windows NT 10.0; Win64; x64) AppleWebKit/537.36 (KHTML, like Gecko) Chrome/65.0.3325.181 Safari/537.36"
::1 - - [04/May/2018:12:20:06 +0000] "GET /app/getOnlineUsers HTTP/1.1" 304 - "http://localhost:3200/" "Mozilla/5.0 (Windows NT 10.0; Win64; x64) AppleWebKit/537.36 (KHTML, like Gecko) Chrome/65.0.3325.181 Safari/537.36"
::1 - - [04/May/2018:12:21:21 +0000] "GET /app/getOnlineUsers HTTP/1.1" 304 - "http://localhost:3200/" "Mozilla/5.0 (Windows NT 10.0; Win64; x64) AppleWebKit/537.36 (KHTML, like Gecko) Chrome/65.0.3325.181 Safari/537.36"
::1 - - [04/May/2018:12:21:37 +0000] "GET /app/getOnlineUsers HTTP/1.1" 304 - "http://localhost:3200/" "Mozilla/5.0 (Windows NT 10.0; Win64; x64) AppleWebKit/537.36 (KHTML, like Gecko) Chrome/65.0.3325.181 Safari/537.36"
::1 - - [04/May/2018:12:23:06 +0000] "GET /app/getOnlineUsers HTTP/1.1" 304 - "http://localhost:3200/" "Mozilla/5.0 (Windows NT 10.0; Win64; x64) AppleWebKit/537.36 (KHTML, like Gecko) Chrome/65.0.3325.181 Safari/537.36"
::1 - - [04/May/2018:12:34:12 +0000] "GET /app/getOnlineUsers HTTP/1.1" 304 - "http://localhost:3200/" "Mozilla/5.0 (Windows NT 10.0; Win64; x64) AppleWebKit/537.36 (KHTML, like Gecko) Chrome/65.0.3325.181 Safari/537.36"
::1 - - [04/May/2018:13:37:51 +0000] "GET /app/getOnlineUsers HTTP/1.1" 304 - "http://localhost:3200/" "Mozilla/5.0 (Windows NT 10.0; Win64; x64) AppleWebKit/537.36 (KHTML, like Gecko) Chrome/65.0.3325.181 Safari/537.36"
::1 - - [04/May/2018:13:38:03 +0000] "GET /app/getOnlineUsers HTTP/1.1" 304 - "http://localhost:3200/" "Mozilla/5.0 (Windows NT 10.0; Win64; x64) AppleWebKit/537.36 (KHTML, like Gecko) Chrome/65.0.3325.181 Safari/537.36"
::1 - - [04/May/2018:13:39:27 +0000] "GET /app/getOnlineUsers HTTP/1.1" 304 - "http://localhost:3200/" "Mozilla/5.0 (Windows NT 10.0; Win64; x64) AppleWebKit/537.36 (KHTML, like Gecko) Chrome/65.0.3325.181 Safari/537.36"
::1 - - [04/May/2018:13:44:06 +0000] "GET /app/getOnlineUsers HTTP/1.1" 304 - "http://localhost:3200/" "Mozilla/5.0 (Windows NT 10.0; Win64; x64) AppleWebKit/537.36 (KHTML, like Gecko) Chrome/65.0.3325.181 Safari/537.36"
::1 - - [04/May/2018:13:44:14 +0000] "GET /app/getOnlineUsers HTTP/1.1" 304 - "http://localhost:3200/" "Mozilla/5.0 (Windows NT 10.0; Win64; x64) AppleWebKit/537.36 (KHTML, like Gecko) Chrome/65.0.3325.181 Safari/537.36"
::1 - - [04/May/2018:13:44:46 +0000] "GET /app/getOnlineUsers HTTP/1.1" 304 - "http://localhost:3200/" "Mozilla/5.0 (Windows NT 10.0; Win64; x64) AppleWebKit/537.36 (KHTML, like Gecko) Chrome/65.0.3325.181 Safari/537.36"
::1 - - [04/May/2018:13:45:18 +0000] "GET /app/getOnlineUsers HTTP/1.1" 304 - "http://localhost:3200/" "Mozilla/5.0 (Windows NT 10.0; Win64; x64) AppleWebKit/537.36 (KHTML, like Gecko) Chrome/65.0.3325.181 Safari/537.36"
::1 - - [04/May/2018:13:46:33 +0000] "GET /app/getOnlineUsers HTTP/1.1" 304 - "http://localhost:3200/" "Mozilla/5.0 (Windows NT 10.0; Win64; x64) AppleWebKit/537.36 (KHTML, like Gecko) Chrome/65.0.3325.181 Safari/537.36"
::1 - - [04/May/2018:13:46:41 +0000] "GET /app/getOnlineUsers HTTP/1.1" 304 - "http://localhost:3200/" "Mozilla/5.0 (Windows NT 10.0; Win64; x64) AppleWebKit/537.36 (KHTML, like Gecko) Chrome/65.0.3325.181 Safari/537.36"
::1 - - [04/May/2018:13:47:23 +0000] "GET /app/getOnlineUsers HTTP/1.1" 304 - "http://localhost:3200/" "Mozilla/5.0 (Windows NT 10.0; Win64; x64) AppleWebKit/537.36 (KHTML, like Gecko) Chrome/65.0.3325.181 Safari/537.36"
::1 - - [04/May/2018:13:47:58 +0000] "OPTIONS /login HTTP/1.1" 200 4 "-" "Mozilla/5.0 (Windows NT 10.0; Win64; x64) AppleWebKit/537.36 (KHTML, like Gecko) Chrome/65.0.3325.181 Safari/537.36"
::1 - - [04/May/2018:13:47:58 +0000] "POST /login HTTP/1.1" 200 46 "http://localhost:3200/" "Mozilla/5.0 (Windows NT 10.0; Win64; x64) AppleWebKit/537.36 (KHTML, like Gecko) Chrome/65.0.3325.181 Safari/537.36"
::1 - - [04/May/2018:14:44:27 +0000] "OPTIONS /login HTTP/1.1" 200 4 "-" "Mozilla/5.0 (Windows NT 10.0; Win64; x64) AppleWebKit/537.36 (KHTML, like Gecko) Chrome/65.0.3325.181 Safari/537.36"
::1 - - [04/May/2018:14:44:27 +0000] "POST /login HTTP/1.1" 200 207 "http://localhost:3200/" "Mozilla/5.0 (Windows NT 10.0; Win64; x64) AppleWebKit/537.36 (KHTML, like Gecko) Chrome/65.0.3325.181 Safari/537.36"
::1 - - [04/May/2018:16:59:40 +0000] "GET /app/getOnlineUsers HTTP/1.1" 200 264 "http://localhost:3200/" "Mozilla/5.0 (Windows NT 10.0; Win64; x64) AppleWebKit/537.36 (KHTML, like Gecko) Chrome/65.0.3325.181 Safari/537.36"
::1 - - [04/May/2018:17:13:28 +0000] "GET /app/getOnlineUsers HTTP/1.1" 304 - "http://localhost:3200/" "Mozilla/5.0 (Windows NT 10.0; Win64; x64) AppleWebKit/537.36 (KHTML, like Gecko) Chrome/65.0.3325.181 Safari/537.36"
::1 - - [04/May/2018:17:15:14 +0000] "OPTIONS /login HTTP/1.1" 200 4 "-" "Mozilla/5.0 (Windows NT 10.0; Win64; x64) AppleWebKit/537.36 (KHTML, like Gecko) Chrome/65.0.3325.181 Safari/537.36"
::1 - - [04/May/2018:17:15:15 +0000] "POST /login HTTP/1.1" 200 207 "http://localhost:3200/" "Mozilla/5.0 (Windows NT 10.0; Win64; x64) AppleWebKit/537.36 (KHTML, like Gecko) Chrome/65.0.3325.181 Safari/537.36"
::1 - - [04/May/2018:17:15:54 +0000] "GET /app/getOnlineUsers HTTP/1.1" 200 84 "http://localhost:3200/" "Mozilla/5.0 (Windows NT 10.0; Win64; x64) AppleWebKit/537.36 (KHTML, like Gecko) Chrome/65.0.3325.181 Safari/537.36"
::1 - - [04/May/2018:17:16:09 +0000] "GET /app/getOnlineUsers HTTP/1.1" 304 - "http://localhost:3200/" "Mozilla/5.0 (Windows NT 10.0; Win64; x64) AppleWebKit/537.36 (KHTML, like Gecko) Chrome/65.0.3325.181 Safari/537.36"
::1 - - [09/May/2018:07:44:36 +0000] "OPTIONS /login HTTP/1.1" 200 4 "-" "Mozilla/5.0 (Windows NT 10.0; Win64; x64) AppleWebKit/537.36 (KHTML, like Gecko) Chrome/65.0.3325.181 Safari/537.36"
::1 - - [09/May/2018:07:44:36 +0000] "POST /login HTTP/1.1" 200 207 "http://localhost:3200/" "Mozilla/5.0 (Windows NT 10.0; Win64; x64) AppleWebKit/537.36 (KHTML, like Gecko) Chrome/65.0.3325.181 Safari/537.36"
::1 - - [09/May/2018:07:44:48 +0000] "GET /app/getOnlineUsers HTTP/1.1" 200 144 "http://localhost:3200/" "Mozilla/5.0 (Windows NT 10.0; Win64; x64) AppleWebKit/537.36 (KHTML, like Gecko) Chrome/65.0.3325.181 Safari/537.36"
::1 - - [09/May/2018:08:07:47 +0000] "GET /app/getOnlineUsers HTTP/1.1" 304 - "http://localhost:3200/" "Mozilla/5.0 (Windows NT 10.0; Win64; x64) AppleWebKit/537.36 (KHTML, like Gecko) Chrome/65.0.3325.181 Safari/537.36"
::1 - - [09/May/2018:08:07:56 +0000] "GET /app/getOnlineUsers HTTP/1.1" 304 - "http://localhost:3200/" "Mozilla/5.0 (Windows NT 10.0; Win64; x64) AppleWebKit/537.36 (KHTML, like Gecko) Chrome/65.0.3325.181 Safari/537.36"
::1 - - [10/May/2018:07:46:26 +0000] "OPTIONS /login HTTP/1.1" 200 4 "-" "Mozilla/5.0 (Windows NT 10.0; Win64; x64) AppleWebKit/537.36 (KHTML, like Gecko) Chrome/65.0.3325.181 Safari/537.36"
::1 - - [10/May/2018:07:46:26 +0000] "POST /login HTTP/1.1" 200 207 "http://localhost:3200/" "Mozilla/5.0 (Windows NT 10.0; Win64; x64) AppleWebKit/537.36 (KHTML, like Gecko) Chrome/65.0.3325.181 Safari/537.36"
::1 - - [10/May/2018:12:53:48 +0000] "GET /app/getOnlineUsers HTTP/1.1" 200 204 "http://localhost:3200/" "Mozilla/5.0 (Windows NT 10.0; Win64; x64) AppleWebKit/537.36 (KHTML, like Gecko) Chrome/65.0.3325.181 Safari/537.36"
