::1 - - [12/Feb/2018:16:56:58 +0000] "GET /app/ HTTP/1.1" 401 53 "-" "Mozilla/5.0 (Windows NT 10.0; Win64; x64) AppleWebKit/537.36 (KHTML, like Gecko) Chrome/64.0.3282.140 Safari/537.36"
::1 - - [12/Feb/2018:16:57:20 +0000] "POST /login HTTP/1.1" 200 207 "-" "Mozilla/5.0 (Windows NT 10.0; Win64; x64) AppleWebKit/537.36 (KHTML, like Gecko) Chrome/64.0.3282.140 Safari/537.36"
::1 - - [12/Feb/2018:16:57:39 +0000] "GET /app HTTP/1.1" 200 338 "-" "Mozilla/5.0 (Windows NT 10.0; Win64; x64) AppleWebKit/537.36 (KHTML, like Gecko) Chrome/64.0.3282.140 Safari/537.36"
::1 - - [12/Feb/2018:16:58:13 +0000] "GET /app HTTP/1.1" 401 49 "-" "Mozilla/5.0 (Windows NT 10.0; Win64; x64) AppleWebKit/537.36 (KHTML, like Gecko) Chrome/64.0.3282.140 Safari/537.36"
::1 - - [12/Feb/2018:17:54:14 +0000] "GET / HTTP/1.1" 200 86 "-" "Mozilla/5.0 (Windows NT 10.0; Win64; x64) AppleWebKit/537.36 (KHTML, like Gecko) Chrome/64.0.3282.140 Safari/537.36"
::1 - - [12/Feb/2018:17:54:15 +0000] "GET /favicon.ico HTTP/1.1" 404 150 "http://localhost:1992/" "Mozilla/5.0 (Windows NT 10.0; Win64; x64) AppleWebKit/537.36 (KHTML, like Gecko) Chrome/64.0.3282.140 Safari/537.36"
::1 - - [12/Feb/2018:18:04:35 +0000] "GET / HTTP/1.1" 200 461 "-" "Mozilla/5.0 (Windows NT 10.0; Win64; x64) AppleWebKit/537.36 (KHTML, like Gecko) Chrome/64.0.3282.140 Safari/537.36"
::1 - - [12/Feb/2018:18:04:35 +0000] "GET /app.js HTTP/1.1" 404 145 "http://localhost:1992/" "Mozilla/5.0 (Windows NT 10.0; Win64; x64) AppleWebKit/537.36 (KHTML, like Gecko) Chrome/64.0.3282.140 Safari/537.36"
::1 - - [12/Feb/2018:18:04:35 +0000] "GET /lib/angular/angular.min.js HTTP/1.1" 200 169920 "http://localhost:1992/" "Mozilla/5.0 (Windows NT 10.0; Win64; x64) AppleWebKit/537.36 (KHTML, like Gecko) Chrome/64.0.3282.140 Safari/537.36"
::1 - - [12/Feb/2018:18:04:35 +0000] "GET /lib/angular-ui-router/release/angular-ui-router.min.js HTTP/1.1" 200 110683 "http://localhost:1992/" "Mozilla/5.0 (Windows NT 10.0; Win64; x64) AppleWebKit/537.36 (KHTML, like Gecko) Chrome/64.0.3282.140 Safari/537.36"
::1 - - [12/Feb/2018:18:04:35 +0000] "GET /app.js HTTP/1.1" 404 145 "http://localhost:1992/" "Mozilla/5.0 (Windows NT 10.0; Win64; x64) AppleWebKit/537.36 (KHTML, like Gecko) Chrome/64.0.3282.140 Safari/537.36"
::1 - - [12/Feb/2018:18:04:37 +0000] "GET /lib/angular/angular.min.js.map HTTP/1.1" 200 453136 "-" "Mozilla/5.0 (Windows NT 10.0; Win64; x64) AppleWebKit/537.36 (KHTML, like Gecko) Chrome/64.0.3282.140 Safari/537.36"
::1 - - [12/Feb/2018:18:04:37 +0000] "GET /lib/angular-ui-router/release/angular-ui-router.min.js.map HTTP/1.1" 200 240235 "-" "Mozilla/5.0 (Windows NT 10.0; Win64; x64) AppleWebKit/537.36 (KHTML, like Gecko) Chrome/64.0.3282.140 Safari/537.36"
::1 - - [12/Feb/2018:18:06:18 +0000] "GET / HTTP/1.1" 200 527 "-" "Mozilla/5.0 (Windows NT 10.0; Win64; x64) AppleWebKit/537.36 (KHTML, like Gecko) Chrome/64.0.3282.140 Safari/537.36"
::1 - - [12/Feb/2018:18:06:18 +0000] "GET /app.js HTTP/1.1" 404 145 "http://localhost:1992/" "Mozilla/5.0 (Windows NT 10.0; Win64; x64) AppleWebKit/537.36 (KHTML, like Gecko) Chrome/64.0.3282.140 Safari/537.36"
::1 - - [12/Feb/2018:18:06:18 +0000] "GET /controllers/main-ctrl.js HTTP/1.1" 404 163 "http://localhost:1992/" "Mozilla/5.0 (Windows NT 10.0; Win64; x64) AppleWebKit/537.36 (KHTML, like Gecko) Chrome/64.0.3282.140 Safari/537.36"
::1 - - [12/Feb/2018:18:06:18 +0000] "GET /lib/angular/angular.min.js HTTP/1.1" 304 - "http://localhost:1992/" "Mozilla/5.0 (Windows NT 10.0; Win64; x64) AppleWebKit/537.36 (KHTML, like Gecko) Chrome/64.0.3282.140 Safari/537.36"
::1 - - [12/Feb/2018:18:06:18 +0000] "GET /lib/angular-ui-router/release/angular-ui-router.min.js HTTP/1.1" 304 - "http://localhost:1992/" "Mozilla/5.0 (Windows NT 10.0; Win64; x64) AppleWebKit/537.36 (KHTML, like Gecko) Chrome/64.0.3282.140 Safari/537.36"
::1 - - [12/Feb/2018:18:06:18 +0000] "GET /lib/angular/angular.min.js.map HTTP/1.1" 304 - "-" "Mozilla/5.0 (Windows NT 10.0; Win64; x64) AppleWebKit/537.36 (KHTML, like Gecko) Chrome/64.0.3282.140 Safari/537.36"
::1 - - [12/Feb/2018:18:06:18 +0000] "GET /app.js HTTP/1.1" 404 145 "http://localhost:1992/" "Mozilla/5.0 (Windows NT 10.0; Win64; x64) AppleWebKit/537.36 (KHTML, like Gecko) Chrome/64.0.3282.140 Safari/537.36"
::1 - - [12/Feb/2018:18:06:18 +0000] "GET /controllers/main-ctrl.js HTTP/1.1" 404 163 "http://localhost:1992/" "Mozilla/5.0 (Windows NT 10.0; Win64; x64) AppleWebKit/537.36 (KHTML, like Gecko) Chrome/64.0.3282.140 Safari/537.36"
::1 - - [12/Feb/2018:18:06:18 +0000] "GET /lib/angular-ui-router/release/angular-ui-router.min.js.map HTTP/1.1" 304 - "-" "Mozilla/5.0 (Windows NT 10.0; Win64; x64) AppleWebKit/537.36 (KHTML, like Gecko) Chrome/64.0.3282.140 Safari/537.36"
::1 - - [12/Feb/2018:18:07:06 +0000] "GET / HTTP/1.1" 200 470 "-" "Mozilla/5.0 (Windows NT 10.0; Win64; x64) AppleWebKit/537.36 (KHTML, like Gecko) Chrome/64.0.3282.140 Safari/537.36"
::1 - - [12/Feb/2018:18:07:06 +0000] "GET /lib/angular/angular.min.js HTTP/1.1" 304 - "http://localhost:1992/" "Mozilla/5.0 (Windows NT 10.0; Win64; x64) AppleWebKit/537.36 (KHTML, like Gecko) Chrome/64.0.3282.140 Safari/537.36"
::1 - - [12/Feb/2018:18:07:06 +0000] "GET /app.js HTTP/1.1" 404 145 "http://localhost:1992/" "Mozilla/5.0 (Windows NT 10.0; Win64; x64) AppleWebKit/537.36 (KHTML, like Gecko) Chrome/64.0.3282.140 Safari/537.36"
::1 - - [12/Feb/2018:18:07:06 +0000] "GET /lib/angular-ui-router/release/angular-ui-router.min.js HTTP/1.1" 304 - "http://localhost:1992/" "Mozilla/5.0 (Windows NT 10.0; Win64; x64) AppleWebKit/537.36 (KHTML, like Gecko) Chrome/64.0.3282.140 Safari/537.36"
::1 - - [12/Feb/2018:18:07:06 +0000] "GET /lib/angular/angular.min.js.map HTTP/1.1" 304 - "-" "Mozilla/5.0 (Windows NT 10.0; Win64; x64) AppleWebKit/537.36 (KHTML, like Gecko) Chrome/64.0.3282.140 Safari/537.36"
::1 - - [12/Feb/2018:18:07:06 +0000] "GET /app.js HTTP/1.1" 404 145 "http://localhost:1992/" "Mozilla/5.0 (Windows NT 10.0; Win64; x64) AppleWebKit/537.36 (KHTML, like Gecko) Chrome/64.0.3282.140 Safari/537.36"
::1 - - [12/Feb/2018:18:07:06 +0000] "GET /lib/angular-ui-router/release/angular-ui-router.min.js.map HTTP/1.1" 304 - "-" "Mozilla/5.0 (Windows NT 10.0; Win64; x64) AppleWebKit/537.36 (KHTML, like Gecko) Chrome/64.0.3282.140 Safari/537.36"
::1 - - [12/Feb/2018:18:08:24 +0000] "GET / HTTP/1.1" 200 470 "-" "Mozilla/5.0 (Windows NT 10.0; Win64; x64) AppleWebKit/537.36 (KHTML, like Gecko) Chrome/64.0.3282.140 Safari/537.36"
::1 - - [12/Feb/2018:18:08:24 +0000] "GET /app.js HTTP/1.1" 404 145 "http://localhost:1992/" "Mozilla/5.0 (Windows NT 10.0; Win64; x64) AppleWebKit/537.36 (KHTML, like Gecko) Chrome/64.0.3282.140 Safari/537.36"
::1 - - [12/Feb/2018:18:08:24 +0000] "GET /lib/angular/angular.min.js HTTP/1.1" 304 - "http://localhost:1992/" "Mozilla/5.0 (Windows NT 10.0; Win64; x64) AppleWebKit/537.36 (KHTML, like Gecko) Chrome/64.0.3282.140 Safari/537.36"
::1 - - [12/Feb/2018:18:08:24 +0000] "GET /lib/angular-ui-router/release/angular-ui-router.min.js HTTP/1.1" 304 - "http://localhost:1992/" "Mozilla/5.0 (Windows NT 10.0; Win64; x64) AppleWebKit/537.36 (KHTML, like Gecko) Chrome/64.0.3282.140 Safari/537.36"
::1 - - [12/Feb/2018:18:08:24 +0000] "GET /lib/angular/angular.min.js.map HTTP/1.1" 304 - "-" "Mozilla/5.0 (Windows NT 10.0; Win64; x64) AppleWebKit/537.36 (KHTML, like Gecko) Chrome/64.0.3282.140 Safari/537.36"
::1 - - [12/Feb/2018:18:08:24 +0000] "GET /app.js HTTP/1.1" 404 145 "http://localhost:1992/" "Mozilla/5.0 (Windows NT 10.0; Win64; x64) AppleWebKit/537.36 (KHTML, like Gecko) Chrome/64.0.3282.140 Safari/537.36"
::1 - - [12/Feb/2018:18:08:24 +0000] "GET /lib/angular-ui-router/release/angular-ui-router.min.js.map HTTP/1.1" 304 - "-" "Mozilla/5.0 (Windows NT 10.0; Win64; x64) AppleWebKit/537.36 (KHTML, like Gecko) Chrome/64.0.3282.140 Safari/537.36"
::1 - - [12/Feb/2018:18:09:05 +0000] "GET / HTTP/1.1" 200 473 "-" "Mozilla/5.0 (Windows NT 10.0; Win64; x64) AppleWebKit/537.36 (KHTML, like Gecko) Chrome/64.0.3282.140 Safari/537.36"
::1 - - [12/Feb/2018:18:09:05 +0000] "GET /lib/angular/angular.min.js HTTP/1.1" 304 - "http://localhost:1992/" "Mozilla/5.0 (Windows NT 10.0; Win64; x64) AppleWebKit/537.36 (KHTML, like Gecko) Chrome/64.0.3282.140 Safari/537.36"
::1 - - [12/Feb/2018:18:09:05 +0000] "GET /lib/angular-ui-router/release/angular-ui-router.min.js HTTP/1.1" 304 - "http://localhost:1992/" "Mozilla/5.0 (Windows NT 10.0; Win64; x64) AppleWebKit/537.36 (KHTML, like Gecko) Chrome/64.0.3282.140 Safari/537.36"
::1 - - [12/Feb/2018:18:09:05 +0000] "GET /js/app.js HTTP/1.1" 200 58 "http://localhost:1992/" "Mozilla/5.0 (Windows NT 10.0; Win64; x64) AppleWebKit/537.36 (KHTML, like Gecko) Chrome/64.0.3282.140 Safari/537.36"
::1 - - [12/Feb/2018:18:09:06 +0000] "GET /lib/angular/angular.min.js.map HTTP/1.1" 304 - "-" "Mozilla/5.0 (Windows NT 10.0; Win64; x64) AppleWebKit/537.36 (KHTML, like Gecko) Chrome/64.0.3282.140 Safari/537.36"
::1 - - [12/Feb/2018:18:09:06 +0000] "GET /lib/angular-ui-router/release/angular-ui-router.min.js.map HTTP/1.1" 304 - "-" "Mozilla/5.0 (Windows NT 10.0; Win64; x64) AppleWebKit/537.36 (KHTML, like Gecko) Chrome/64.0.3282.140 Safari/537.36"
::1 - - [12/Feb/2018:18:09:28 +0000] "GET / HTTP/1.1" 200 551 "-" "Mozilla/5.0 (Windows NT 10.0; Win64; x64) AppleWebKit/537.36 (KHTML, like Gecko) Chrome/64.0.3282.140 Safari/537.36"
::1 - - [12/Feb/2018:18:09:28 +0000] "GET /js/app.js HTTP/1.1" 304 - "http://localhost:1992/" "Mozilla/5.0 (Windows NT 10.0; Win64; x64) AppleWebKit/537.36 (KHTML, like Gecko) Chrome/64.0.3282.140 Safari/537.36"
::1 - - [12/Feb/2018:18:09:28 +0000] "GET /lib/angular/angular.min.js HTTP/1.1" 304 - "http://localhost:1992/" "Mozilla/5.0 (Windows NT 10.0; Win64; x64) AppleWebKit/537.36 (KHTML, like Gecko) Chrome/64.0.3282.140 Safari/537.36"
::1 - - [12/Feb/2018:18:09:28 +0000] "GET /lib/angular-ui-router/release/angular-ui-router.min.js HTTP/1.1" 304 - "http://localhost:1992/" "Mozilla/5.0 (Windows NT 10.0; Win64; x64) AppleWebKit/537.36 (KHTML, like Gecko) Chrome/64.0.3282.140 Safari/537.36"
::1 - - [12/Feb/2018:18:09:28 +0000] "GET /js/controllers/main-ctrl.js HTTP/1.1" 200 154 "http://localhost:1992/" "Mozilla/5.0 (Windows NT 10.0; Win64; x64) AppleWebKit/537.36 (KHTML, like Gecko) Chrome/64.0.3282.140 Safari/537.36"
::1 - - [12/Feb/2018:18:09:28 +0000] "GET /lib/angular/angular.min.js.map HTTP/1.1" 304 - "-" "Mozilla/5.0 (Windows NT 10.0; Win64; x64) AppleWebKit/537.36 (KHTML, like Gecko) Chrome/64.0.3282.140 Safari/537.36"
::1 - - [12/Feb/2018:18:09:28 +0000] "GET /lib/angular-ui-router/release/angular-ui-router.min.js.map HTTP/1.1" 304 - "-" "Mozilla/5.0 (Windows NT 10.0; Win64; x64) AppleWebKit/537.36 (KHTML, like Gecko) Chrome/64.0.3282.140 Safari/537.36"
::1 - - [12/Feb/2018:18:10:38 +0000] "GET / HTTP/1.1" 200 533 "-" "Mozilla/5.0 (Windows NT 10.0; Win64; x64) AppleWebKit/537.36 (KHTML, like Gecko) Chrome/64.0.3282.140 Safari/537.36"
::1 - - [12/Feb/2018:18:10:38 +0000] "GET /lib/angular/angular.min.js HTTP/1.1" 304 - "http://localhost:1992/" "Mozilla/5.0 (Windows NT 10.0; Win64; x64) AppleWebKit/537.36 (KHTML, like Gecko) Chrome/64.0.3282.140 Safari/537.36"
::1 - - [12/Feb/2018:18:10:38 +0000] "GET /lib/angular-ui-router/release/angular-ui-router.min.js HTTP/1.1" 304 - "http://localhost:1992/" "Mozilla/5.0 (Windows NT 10.0; Win64; x64) AppleWebKit/537.36 (KHTML, like Gecko) Chrome/64.0.3282.140 Safari/537.36"
::1 - - [12/Feb/2018:18:10:38 +0000] "GET /js/app.js HTTP/1.1" 200 93 "http://localhost:1992/" "Mozilla/5.0 (Windows NT 10.0; Win64; x64) AppleWebKit/537.36 (KHTML, like Gecko) Chrome/64.0.3282.140 Safari/537.36"
::1 - - [12/Feb/2018:18:10:38 +0000] "GET /js/controllers/main-ctrl.js HTTP/1.1" 200 184 "http://localhost:1992/" "Mozilla/5.0 (Windows NT 10.0; Win64; x64) AppleWebKit/537.36 (KHTML, like Gecko) Chrome/64.0.3282.140 Safari/537.36"
::1 - - [12/Feb/2018:18:10:38 +0000] "GET /lib/angular/angular.min.js.map HTTP/1.1" 304 - "-" "Mozilla/5.0 (Windows NT 10.0; Win64; x64) AppleWebKit/537.36 (KHTML, like Gecko) Chrome/64.0.3282.140 Safari/537.36"
::1 - - [12/Feb/2018:18:10:38 +0000] "GET /lib/angular-ui-router/release/angular-ui-router.min.js.map HTTP/1.1" 304 - "-" "Mozilla/5.0 (Windows NT 10.0; Win64; x64) AppleWebKit/537.36 (KHTML, like Gecko) Chrome/64.0.3282.140 Safari/537.36"
::1 - - [12/Feb/2018:18:10:39 +0000] "GET / HTTP/1.1" 304 - "-" "Mozilla/5.0 (Windows NT 10.0; Win64; x64) AppleWebKit/537.36 (KHTML, like Gecko) Chrome/64.0.3282.140 Safari/537.36"
::1 - - [12/Feb/2018:18:10:39 +0000] "GET /js/app.js HTTP/1.1" 304 - "http://localhost:1992/" "Mozilla/5.0 (Windows NT 10.0; Win64; x64) AppleWebKit/537.36 (KHTML, like Gecko) Chrome/64.0.3282.140 Safari/537.36"
::1 - - [12/Feb/2018:18:10:39 +0000] "GET /js/controllers/main-ctrl.js HTTP/1.1" 304 - "http://localhost:1992/" "Mozilla/5.0 (Windows NT 10.0; Win64; x64) AppleWebKit/537.36 (KHTML, like Gecko) Chrome/64.0.3282.140 Safari/537.36"
::1 - - [12/Feb/2018:18:10:39 +0000] "GET /lib/angular/angular.min.js HTTP/1.1" 304 - "http://localhost:1992/" "Mozilla/5.0 (Windows NT 10.0; Win64; x64) AppleWebKit/537.36 (KHTML, like Gecko) Chrome/64.0.3282.140 Safari/537.36"
::1 - - [12/Feb/2018:18:10:39 +0000] "GET /lib/angular-ui-router/release/angular-ui-router.min.js HTTP/1.1" 304 - "http://localhost:1992/" "Mozilla/5.0 (Windows NT 10.0; Win64; x64) AppleWebKit/537.36 (KHTML, like Gecko) Chrome/64.0.3282.140 Safari/537.36"
::1 - - [12/Feb/2018:18:10:39 +0000] "GET /lib/angular/angular.min.js.map HTTP/1.1" 304 - "-" "Mozilla/5.0 (Windows NT 10.0; Win64; x64) AppleWebKit/537.36 (KHTML, like Gecko) Chrome/64.0.3282.140 Safari/537.36"
::1 - - [12/Feb/2018:18:10:39 +0000] "GET /lib/angular-ui-router/release/angular-ui-router.min.js.map HTTP/1.1" 304 - "-" "Mozilla/5.0 (Windows NT 10.0; Win64; x64) AppleWebKit/537.36 (KHTML, like Gecko) Chrome/64.0.3282.140 Safari/537.36"
::1 - - [12/Feb/2018:18:10:50 +0000] "GET / HTTP/1.1" 200 508 "-" "Mozilla/5.0 (Windows NT 10.0; Win64; x64) AppleWebKit/537.36 (KHTML, like Gecko) Chrome/64.0.3282.140 Safari/537.36"
::1 - - [12/Feb/2018:18:10:50 +0000] "GET /js/app.js HTTP/1.1" 304 - "http://localhost:1992/" "Mozilla/5.0 (Windows NT 10.0; Win64; x64) AppleWebKit/537.36 (KHTML, like Gecko) Chrome/64.0.3282.140 Safari/537.36"
::1 - - [12/Feb/2018:18:10:50 +0000] "GET /lib/angular/angular.min.js HTTP/1.1" 304 - "http://localhost:1992/" "Mozilla/5.0 (Windows NT 10.0; Win64; x64) AppleWebKit/537.36 (KHTML, like Gecko) Chrome/64.0.3282.140 Safari/537.36"
::1 - - [12/Feb/2018:18:10:50 +0000] "GET /lib/angular-ui-router/release/angular-ui-router.min.js HTTP/1.1" 304 - "http://localhost:1992/" "Mozilla/5.0 (Windows NT 10.0; Win64; x64) AppleWebKit/537.36 (KHTML, like Gecko) Chrome/64.0.3282.140 Safari/537.36"
::1 - - [12/Feb/2018:18:10:50 +0000] "GET /js/controllers/main-ctrl.js HTTP/1.1" 304 - "http://localhost:1992/" "Mozilla/5.0 (Windows NT 10.0; Win64; x64) AppleWebKit/537.36 (KHTML, like Gecko) Chrome/64.0.3282.140 Safari/537.36"
::1 - - [12/Feb/2018:18:10:50 +0000] "GET /lib/angular/angular.min.js.map HTTP/1.1" 304 - "-" "Mozilla/5.0 (Windows NT 10.0; Win64; x64) AppleWebKit/537.36 (KHTML, like Gecko) Chrome/64.0.3282.140 Safari/537.36"
::1 - - [12/Feb/2018:18:10:50 +0000] "GET /lib/angular-ui-router/release/angular-ui-router.min.js.map HTTP/1.1" 304 - "-" "Mozilla/5.0 (Windows NT 10.0; Win64; x64) AppleWebKit/537.36 (KHTML, like Gecko) Chrome/64.0.3282.140 Safari/537.36"
::1 - - [12/Feb/2018:18:11:15 +0000] "GET / HTTP/1.1" 200 533 "-" "Mozilla/5.0 (Windows NT 10.0; Win64; x64) AppleWebKit/537.36 (KHTML, like Gecko) Chrome/64.0.3282.140 Safari/537.36"
::1 - - [12/Feb/2018:18:11:15 +0000] "GET /js/controllers/main-ctrl.js HTTP/1.1" 304 - "http://localhost:1992/" "Mozilla/5.0 (Windows NT 10.0; Win64; x64) AppleWebKit/537.36 (KHTML, like Gecko) Chrome/64.0.3282.140 Safari/537.36"
::1 - - [12/Feb/2018:18:11:15 +0000] "GET /lib/angular/angular.min.js HTTP/1.1" 304 - "http://localhost:1992/" "Mozilla/5.0 (Windows NT 10.0; Win64; x64) AppleWebKit/537.36 (KHTML, like Gecko) Chrome/64.0.3282.140 Safari/537.36"
::1 - - [12/Feb/2018:18:11:15 +0000] "GET /lib/angular-ui-router/release/angular-ui-router.min.js HTTP/1.1" 304 - "http://localhost:1992/" "Mozilla/5.0 (Windows NT 10.0; Win64; x64) AppleWebKit/537.36 (KHTML, like Gecko) Chrome/64.0.3282.140 Safari/537.36"
::1 - - [12/Feb/2018:18:11:15 +0000] "GET /js/app.js HTTP/1.1" 200 132 "http://localhost:1992/" "Mozilla/5.0 (Windows NT 10.0; Win64; x64) AppleWebKit/537.36 (KHTML, like Gecko) Chrome/64.0.3282.140 Safari/537.36"
::1 - - [12/Feb/2018:18:11:15 +0000] "GET /lib/angular/angular.min.js.map HTTP/1.1" 304 - "-" "Mozilla/5.0 (Windows NT 10.0; Win64; x64) AppleWebKit/537.36 (KHTML, like Gecko) Chrome/64.0.3282.140 Safari/537.36"
::1 - - [12/Feb/2018:18:11:15 +0000] "GET /lib/angular-ui-router/release/angular-ui-router.min.js.map HTTP/1.1" 304 - "-" "Mozilla/5.0 (Windows NT 10.0; Win64; x64) AppleWebKit/537.36 (KHTML, like Gecko) Chrome/64.0.3282.140 Safari/537.36"
::1 - - [12/Feb/2018:18:12:11 +0000] "GET / HTTP/1.1" 304 - "-" "Mozilla/5.0 (Windows NT 10.0; Win64; x64) AppleWebKit/537.36 (KHTML, like Gecko) Chrome/64.0.3282.140 Safari/537.36"
::1 - - [12/Feb/2018:18:12:11 +0000] "GET /lib/angular/angular.min.js HTTP/1.1" 304 - "http://localhost:1992/" "Mozilla/5.0 (Windows NT 10.0; Win64; x64) AppleWebKit/537.36 (KHTML, like Gecko) Chrome/64.0.3282.140 Safari/537.36"
::1 - - [12/Feb/2018:18:12:11 +0000] "GET /lib/angular-ui-router/release/angular-ui-router.min.js HTTP/1.1" 304 - "http://localhost:1992/" "Mozilla/5.0 (Windows NT 10.0; Win64; x64) AppleWebKit/537.36 (KHTML, like Gecko) Chrome/64.0.3282.140 Safari/537.36"
::1 - - [12/Feb/2018:18:12:11 +0000] "GET /js/app.js HTTP/1.1" 200 147 "http://localhost:1992/" "Mozilla/5.0 (Windows NT 10.0; Win64; x64) AppleWebKit/537.36 (KHTML, like Gecko) Chrome/64.0.3282.140 Safari/537.36"
::1 - - [12/Feb/2018:18:12:11 +0000] "GET /js/controllers/main-ctrl.js HTTP/1.1" 304 - "http://localhost:1992/" "Mozilla/5.0 (Windows NT 10.0; Win64; x64) AppleWebKit/537.36 (KHTML, like Gecko) Chrome/64.0.3282.140 Safari/537.36"
::1 - - [12/Feb/2018:18:12:11 +0000] "GET /lib/angular/angular.min.js.map HTTP/1.1" 304 - "-" "Mozilla/5.0 (Windows NT 10.0; Win64; x64) AppleWebKit/537.36 (KHTML, like Gecko) Chrome/64.0.3282.140 Safari/537.36"
::1 - - [12/Feb/2018:18:12:11 +0000] "GET /lib/angular-ui-router/release/angular-ui-router.min.js.map HTTP/1.1" 304 - "-" "Mozilla/5.0 (Windows NT 10.0; Win64; x64) AppleWebKit/537.36 (KHTML, like Gecko) Chrome/64.0.3282.140 Safari/537.36"
::1 - - [12/Feb/2018:18:13:12 +0000] "GET / HTTP/1.1" 200 551 "-" "Mozilla/5.0 (Windows NT 10.0; Win64; x64) AppleWebKit/537.36 (KHTML, like Gecko) Chrome/64.0.3282.140 Safari/537.36"
::1 - - [12/Feb/2018:18:13:12 +0000] "GET /lib/angular/angular.min.js HTTP/1.1" 304 - "http://localhost:1992/" "Mozilla/5.0 (Windows NT 10.0; Win64; x64) AppleWebKit/537.36 (KHTML, like Gecko) Chrome/64.0.3282.140 Safari/537.36"
::1 - - [12/Feb/2018:18:13:12 +0000] "GET /lib/angular-ui-router/release/angular-ui-router.min.js HTTP/1.1" 304 - "http://localhost:1992/" "Mozilla/5.0 (Windows NT 10.0; Win64; x64) AppleWebKit/537.36 (KHTML, like Gecko) Chrome/64.0.3282.140 Safari/537.36"
::1 - - [12/Feb/2018:18:13:12 +0000] "GET /js/app.js HTTP/1.1" 200 58 "http://localhost:1992/" "Mozilla/5.0 (Windows NT 10.0; Win64; x64) AppleWebKit/537.36 (KHTML, like Gecko) Chrome/64.0.3282.140 Safari/537.36"
::1 - - [12/Feb/2018:18:13:12 +0000] "GET /js/controllers/main-ctrl.js HTTP/1.1" 200 154 "http://localhost:1992/" "Mozilla/5.0 (Windows NT 10.0; Win64; x64) AppleWebKit/537.36 (KHTML, like Gecko) Chrome/64.0.3282.140 Safari/537.36"
::1 - - [12/Feb/2018:18:13:12 +0000] "GET /lib/angular/angular.min.js.map HTTP/1.1" 304 - "-" "Mozilla/5.0 (Windows NT 10.0; Win64; x64) AppleWebKit/537.36 (KHTML, like Gecko) Chrome/64.0.3282.140 Safari/537.36"
::1 - - [12/Feb/2018:18:13:12 +0000] "GET /lib/angular-ui-router/release/angular-ui-router.min.js.map HTTP/1.1" 304 - "-" "Mozilla/5.0 (Windows NT 10.0; Win64; x64) AppleWebKit/537.36 (KHTML, like Gecko) Chrome/64.0.3282.140 Safari/537.36"
::1 - - [12/Feb/2018:18:18:23 +0000] "GET / HTTP/1.1" 304 - "-" "Mozilla/5.0 (Windows NT 10.0; Win64; x64) AppleWebKit/537.36 (KHTML, like Gecko) Chrome/64.0.3282.140 Safari/537.36"
::1 - - [12/Feb/2018:18:18:24 +0000] "GET /js/app.js HTTP/1.1" 304 - "http://localhost:1992/" "Mozilla/5.0 (Windows NT 10.0; Win64; x64) AppleWebKit/537.36 (KHTML, like Gecko) Chrome/64.0.3282.140 Safari/537.36"
::1 - - [12/Feb/2018:18:18:24 +0000] "GET /js/controllers/main-ctrl.js HTTP/1.1" 304 - "http://localhost:1992/" "Mozilla/5.0 (Windows NT 10.0; Win64; x64) AppleWebKit/537.36 (KHTML, like Gecko) Chrome/64.0.3282.140 Safari/537.36"
::1 - - [12/Feb/2018:18:18:24 +0000] "GET /lib/angular/angular.min.js HTTP/1.1" 304 - "http://localhost:1992/" "Mozilla/5.0 (Windows NT 10.0; Win64; x64) AppleWebKit/537.36 (KHTML, like Gecko) Chrome/64.0.3282.140 Safari/537.36"
::1 - - [12/Feb/2018:18:18:24 +0000] "GET /lib/angular-ui-router/release/angular-ui-router.min.js HTTP/1.1" 304 - "http://localhost:1992/" "Mozilla/5.0 (Windows NT 10.0; Win64; x64) AppleWebKit/537.36 (KHTML, like Gecko) Chrome/64.0.3282.140 Safari/537.36"
::1 - - [12/Feb/2018:18:18:24 +0000] "GET /lib/angular/angular.min.js.map HTTP/1.1" 304 - "-" "Mozilla/5.0 (Windows NT 10.0; Win64; x64) AppleWebKit/537.36 (KHTML, like Gecko) Chrome/64.0.3282.140 Safari/537.36"
::1 - - [12/Feb/2018:18:18:24 +0000] "GET /lib/angular-ui-router/release/angular-ui-router.min.js.map HTTP/1.1" 304 - "-" "Mozilla/5.0 (Windows NT 10.0; Win64; x64) AppleWebKit/537.36 (KHTML, like Gecko) Chrome/64.0.3282.140 Safari/537.36"
::1 - - [12/Feb/2018:18:18:25 +0000] "GET / HTTP/1.1" 304 - "-" "Mozilla/5.0 (Windows NT 10.0; Win64; x64) AppleWebKit/537.36 (KHTML, like Gecko) Chrome/64.0.3282.140 Safari/537.36"
::1 - - [12/Feb/2018:18:18:25 +0000] "GET /js/app.js HTTP/1.1" 304 - "http://localhost:1992/" "Mozilla/5.0 (Windows NT 10.0; Win64; x64) AppleWebKit/537.36 (KHTML, like Gecko) Chrome/64.0.3282.140 Safari/537.36"
::1 - - [12/Feb/2018:18:18:25 +0000] "GET /lib/angular/angular.min.js HTTP/1.1" 304 - "http://localhost:1992/" "Mozilla/5.0 (Windows NT 10.0; Win64; x64) AppleWebKit/537.36 (KHTML, like Gecko) Chrome/64.0.3282.140 Safari/537.36"
::1 - - [12/Feb/2018:18:18:25 +0000] "GET /lib/angular-ui-router/release/angular-ui-router.min.js HTTP/1.1" 304 - "http://localhost:1992/" "Mozilla/5.0 (Windows NT 10.0; Win64; x64) AppleWebKit/537.36 (KHTML, like Gecko) Chrome/64.0.3282.140 Safari/537.36"
::1 - - [12/Feb/2018:18:18:25 +0000] "GET /js/controllers/main-ctrl.js HTTP/1.1" 304 - "http://localhost:1992/" "Mozilla/5.0 (Windows NT 10.0; Win64; x64) AppleWebKit/537.36 (KHTML, like Gecko) Chrome/64.0.3282.140 Safari/537.36"
::1 - - [12/Feb/2018:18:18:25 +0000] "GET /lib/angular/angular.min.js.map HTTP/1.1" 304 - "-" "Mozilla/5.0 (Windows NT 10.0; Win64; x64) AppleWebKit/537.36 (KHTML, like Gecko) Chrome/64.0.3282.140 Safari/537.36"
::1 - - [12/Feb/2018:18:18:25 +0000] "GET /lib/angular-ui-router/release/angular-ui-router.min.js.map HTTP/1.1" 304 - "-" "Mozilla/5.0 (Windows NT 10.0; Win64; x64) AppleWebKit/537.36 (KHTML, like Gecko) Chrome/64.0.3282.140 Safari/537.36"
::1 - - [12/Feb/2018:18:19:14 +0000] "GET / HTTP/1.1" 200 624 "-" "Mozilla/5.0 (Windows NT 10.0; Win64; x64) AppleWebKit/537.36 (KHTML, like Gecko) Chrome/64.0.3282.140 Safari/537.36"
::1 - - [12/Feb/2018:18:19:14 +0000] "GET /lib/angular/angular.min.js HTTP/1.1" 304 - "http://localhost:1992/" "Mozilla/5.0 (Windows NT 10.0; Win64; x64) AppleWebKit/537.36 (KHTML, like Gecko) Chrome/64.0.3282.140 Safari/537.36"
::ffff:127.0.0.1 - - [12/Feb/2018:18:19:14 +0000] "GET /lib/angular-ui-router/release/angular-ui-router.min.js HTTP/1.1" 304 - "http://localhost:1992/" "Mozilla/5.0 (Windows NT 10.0; Win64; x64) AppleWebKit/537.36 (KHTML, like Gecko) Chrome/64.0.3282.140 Safari/537.36"
::1 - - [12/Feb/2018:18:19:14 +0000] "GET /js/controllers/main-ctrl.js HTTP/1.1" 304 - "http://localhost:1992/" "Mozilla/5.0 (Windows NT 10.0; Win64; x64) AppleWebKit/537.36 (KHTML, like Gecko) Chrome/64.0.3282.140 Safari/537.36"
::1 - - [12/Feb/2018:18:19:14 +0000] "GET /js/app.js HTTP/1.1" 200 71 "http://localhost:1992/" "Mozilla/5.0 (Windows NT 10.0; Win64; x64) AppleWebKit/537.36 (KHTML, like Gecko) Chrome/64.0.3282.140 Safari/537.36"
::1 - - [12/Feb/2018:18:19:14 +0000] "GET /js/routes/ui-routes.js HTTP/1.1" 200 423 "http://localhost:1992/" "Mozilla/5.0 (Windows NT 10.0; Win64; x64) AppleWebKit/537.36 (KHTML, like Gecko) Chrome/64.0.3282.140 Safari/537.36"
::1 - - [12/Feb/2018:18:19:14 +0000] "GET /lib/angular/angular.min.js.map HTTP/1.1" 304 - "-" "Mozilla/5.0 (Windows NT 10.0; Win64; x64) AppleWebKit/537.36 (KHTML, like Gecko) Chrome/64.0.3282.140 Safari/537.36"
::1 - - [12/Feb/2018:18:19:14 +0000] "GET /lib/angular-ui-router/release/angular-ui-router.min.js.map HTTP/1.1" 304 - "-" "Mozilla/5.0 (Windows NT 10.0; Win64; x64) AppleWebKit/537.36 (KHTML, like Gecko) Chrome/64.0.3282.140 Safari/537.36"
::1 - - [12/Feb/2018:18:20:08 +0000] "GET / HTTP/1.1" 304 - "-" "Mozilla/5.0 (Windows NT 10.0; Win64; x64) AppleWebKit/537.36 (KHTML, like Gecko) Chrome/64.0.3282.140 Safari/537.36"
::1 - - [12/Feb/2018:18:20:08 +0000] "GET /js/app.js HTTP/1.1" 304 - "http://localhost:1992/" "Mozilla/5.0 (Windows NT 10.0; Win64; x64) AppleWebKit/537.36 (KHTML, like Gecko) Chrome/64.0.3282.140 Safari/537.36"
::1 - - [12/Feb/2018:18:20:08 +0000] "GET /lib/angular/angular.min.js HTTP/1.1" 304 - "http://localhost:1992/" "Mozilla/5.0 (Windows NT 10.0; Win64; x64) AppleWebKit/537.36 (KHTML, like Gecko) Chrome/64.0.3282.140 Safari/537.36"
::1 - - [12/Feb/2018:18:20:08 +0000] "GET /lib/angular-ui-router/release/angular-ui-router.min.js HTTP/1.1" 304 - "http://localhost:1992/" "Mozilla/5.0 (Windows NT 10.0; Win64; x64) AppleWebKit/537.36 (KHTML, like Gecko) Chrome/64.0.3282.140 Safari/537.36"
::1 - - [12/Feb/2018:18:20:08 +0000] "GET /js/controllers/main-ctrl.js HTTP/1.1" 304 - "http://localhost:1992/" "Mozilla/5.0 (Windows NT 10.0; Win64; x64) AppleWebKit/537.36 (KHTML, like Gecko) Chrome/64.0.3282.140 Safari/537.36"
::1 - - [12/Feb/2018:18:20:08 +0000] "GET /js/routes/ui-routes.js HTTP/1.1" 200 429 "http://localhost:1992/" "Mozilla/5.0 (Windows NT 10.0; Win64; x64) AppleWebKit/537.36 (KHTML, like Gecko) Chrome/64.0.3282.140 Safari/537.36"
::1 - - [12/Feb/2018:18:20:08 +0000] "GET /lib/angular/angular.min.js.map HTTP/1.1" 304 - "-" "Mozilla/5.0 (Windows NT 10.0; Win64; x64) AppleWebKit/537.36 (KHTML, like Gecko) Chrome/64.0.3282.140 Safari/537.36"
::1 - - [12/Feb/2018:18:20:08 +0000] "GET /lib/angular-ui-router/release/angular-ui-router.min.js.map HTTP/1.1" 304 - "-" "Mozilla/5.0 (Windows NT 10.0; Win64; x64) AppleWebKit/537.36 (KHTML, like Gecko) Chrome/64.0.3282.140 Safari/537.36"
::1 - - [12/Feb/2018:18:20:26 +0000] "GET / HTTP/1.1" 304 - "-" "Mozilla/5.0 (Windows NT 10.0; Win64; x64) AppleWebKit/537.36 (KHTML, like Gecko) Chrome/64.0.3282.140 Safari/537.36"
::1 - - [12/Feb/2018:18:20:26 +0000] "GET /js/app.js HTTP/1.1" 304 - "http://localhost:1992/" "Mozilla/5.0 (Windows NT 10.0; Win64; x64) AppleWebKit/537.36 (KHTML, like Gecko) Chrome/64.0.3282.140 Safari/537.36"
::1 - - [12/Feb/2018:18:20:26 +0000] "GET /js/controllers/main-ctrl.js HTTP/1.1" 304 - "http://localhost:1992/" "Mozilla/5.0 (Windows NT 10.0; Win64; x64) AppleWebKit/537.36 (KHTML, like Gecko) Chrome/64.0.3282.140 Safari/537.36"
::1 - - [12/Feb/2018:18:20:26 +0000] "GET /js/routes/ui-routes.js HTTP/1.1" 304 - "http://localhost:1992/" "Mozilla/5.0 (Windows NT 10.0; Win64; x64) AppleWebKit/537.36 (KHTML, like Gecko) Chrome/64.0.3282.140 Safari/537.36"
::1 - - [12/Feb/2018:18:20:26 +0000] "GET /lib/angular/angular.min.js HTTP/1.1" 304 - "http://localhost:1992/" "Mozilla/5.0 (Windows NT 10.0; Win64; x64) AppleWebKit/537.36 (KHTML, like Gecko) Chrome/64.0.3282.140 Safari/537.36"
::1 - - [12/Feb/2018:18:20:26 +0000] "GET /lib/angular-ui-router/release/angular-ui-router.min.js HTTP/1.1" 304 - "http://localhost:1992/" "Mozilla/5.0 (Windows NT 10.0; Win64; x64) AppleWebKit/537.36 (KHTML, like Gecko) Chrome/64.0.3282.140 Safari/537.36"
::1 - - [12/Feb/2018:18:20:26 +0000] "GET /lib/angular/angular.min.js.map HTTP/1.1" 304 - "-" "Mozilla/5.0 (Windows NT 10.0; Win64; x64) AppleWebKit/537.36 (KHTML, like Gecko) Chrome/64.0.3282.140 Safari/537.36"
::1 - - [12/Feb/2018:18:20:26 +0000] "GET /lib/angular-ui-router/release/angular-ui-router.min.js.map HTTP/1.1" 304 - "-" "Mozilla/5.0 (Windows NT 10.0; Win64; x64) AppleWebKit/537.36 (KHTML, like Gecko) Chrome/64.0.3282.140 Safari/537.36"
::1 - - [12/Feb/2018:18:20:27 +0000] "GET / HTTP/1.1" 304 - "-" "Mozilla/5.0 (Windows NT 10.0; Win64; x64) AppleWebKit/537.36 (KHTML, like Gecko) Chrome/64.0.3282.140 Safari/537.36"
::1 - - [12/Feb/2018:18:20:27 +0000] "GET /lib/angular/angular.min.js HTTP/1.1" 304 - "http://localhost:1992/" "Mozilla/5.0 (Windows NT 10.0; Win64; x64) AppleWebKit/537.36 (KHTML, like Gecko) Chrome/64.0.3282.140 Safari/537.36"
::1 - - [12/Feb/2018:18:20:27 +0000] "GET /lib/angular-ui-router/release/angular-ui-router.min.js HTTP/1.1" 304 - "http://localhost:1992/" "Mozilla/5.0 (Windows NT 10.0; Win64; x64) AppleWebKit/537.36 (KHTML, like Gecko) Chrome/64.0.3282.140 Safari/537.36"
::1 - - [12/Feb/2018:18:20:27 +0000] "GET /js/controllers/main-ctrl.js HTTP/1.1" 304 - "http://localhost:1992/" "Mozilla/5.0 (Windows NT 10.0; Win64; x64) AppleWebKit/537.36 (KHTML, like Gecko) Chrome/64.0.3282.140 Safari/537.36"
::1 - - [12/Feb/2018:18:20:27 +0000] "GET /js/routes/ui-routes.js HTTP/1.1" 304 - "http://localhost:1992/" "Mozilla/5.0 (Windows NT 10.0; Win64; x64) AppleWebKit/537.36 (KHTML, like Gecko) Chrome/64.0.3282.140 Safari/537.36"
::1 - - [12/Feb/2018:18:20:27 +0000] "GET /js/app.js HTTP/1.1" 304 - "http://localhost:1992/" "Mozilla/5.0 (Windows NT 10.0; Win64; x64) AppleWebKit/537.36 (KHTML, like Gecko) Chrome/64.0.3282.140 Safari/537.36"
::1 - - [12/Feb/2018:18:20:27 +0000] "GET /lib/angular/angular.min.js.map HTTP/1.1" 304 - "-" "Mozilla/5.0 (Windows NT 10.0; Win64; x64) AppleWebKit/537.36 (KHTML, like Gecko) Chrome/64.0.3282.140 Safari/537.36"
::1 - - [12/Feb/2018:18:20:27 +0000] "GET /lib/angular-ui-router/release/angular-ui-router.min.js.map HTTP/1.1" 304 - "-" "Mozilla/5.0 (Windows NT 10.0; Win64; x64) AppleWebKit/537.36 (KHTML, like Gecko) Chrome/64.0.3282.140 Safari/537.36"
::1 - - [12/Feb/2018:18:20:27 +0000] "GET / HTTP/1.1" 304 - "-" "Mozilla/5.0 (Windows NT 10.0; Win64; x64) AppleWebKit/537.36 (KHTML, like Gecko) Chrome/64.0.3282.140 Safari/537.36"
::1 - - [12/Feb/2018:18:20:27 +0000] "GET /lib/angular/angular.min.js HTTP/1.1" 304 - "http://localhost:1992/" "Mozilla/5.0 (Windows NT 10.0; Win64; x64) AppleWebKit/537.36 (KHTML, like Gecko) Chrome/64.0.3282.140 Safari/537.36"
::1 - - [12/Feb/2018:18:20:27 +0000] "GET /lib/angular-ui-router/release/angular-ui-router.min.js HTTP/1.1" 304 - "http://localhost:1992/" "Mozilla/5.0 (Windows NT 10.0; Win64; x64) AppleWebKit/537.36 (KHTML, like Gecko) Chrome/64.0.3282.140 Safari/537.36"
::1 - - [12/Feb/2018:18:20:27 +0000] "GET /js/app.js HTTP/1.1" 304 - "http://localhost:1992/" "Mozilla/5.0 (Windows NT 10.0; Win64; x64) AppleWebKit/537.36 (KHTML, like Gecko) Chrome/64.0.3282.140 Safari/537.36"
::1 - - [12/Feb/2018:18:20:27 +0000] "GET /js/routes/ui-routes.js HTTP/1.1" 304 - "http://localhost:1992/" "Mozilla/5.0 (Windows NT 10.0; Win64; x64) AppleWebKit/537.36 (KHTML, like Gecko) Chrome/64.0.3282.140 Safari/537.36"
::1 - - [12/Feb/2018:18:20:27 +0000] "GET /js/controllers/main-ctrl.js HTTP/1.1" 304 - "http://localhost:1992/" "Mozilla/5.0 (Windows NT 10.0; Win64; x64) AppleWebKit/537.36 (KHTML, like Gecko) Chrome/64.0.3282.140 Safari/537.36"
::1 - - [12/Feb/2018:18:20:27 +0000] "GET /lib/angular/angular.min.js.map HTTP/1.1" 304 - "-" "Mozilla/5.0 (Windows NT 10.0; Win64; x64) AppleWebKit/537.36 (KHTML, like Gecko) Chrome/64.0.3282.140 Safari/537.36"
::1 - - [12/Feb/2018:18:20:27 +0000] "GET /lib/angular-ui-router/release/angular-ui-router.min.js.map HTTP/1.1" 304 - "-" "Mozilla/5.0 (Windows NT 10.0; Win64; x64) AppleWebKit/537.36 (KHTML, like Gecko) Chrome/64.0.3282.140 Safari/537.36"
::1 - - [12/Feb/2018:18:21:50 +0000] "GET / HTTP/1.1" 304 - "-" "Mozilla/5.0 (Windows NT 10.0; Win64; x64) AppleWebKit/537.36 (KHTML, like Gecko) Chrome/64.0.3282.140 Safari/537.36"
::1 - - [12/Feb/2018:18:21:50 +0000] "GET /lib/angular/angular.min.js HTTP/1.1" 304 - "http://localhost:1992/" "Mozilla/5.0 (Windows NT 10.0; Win64; x64) AppleWebKit/537.36 (KHTML, like Gecko) Chrome/64.0.3282.140 Safari/537.36"
::1 - - [12/Feb/2018:18:21:50 +0000] "GET /js/controllers/main-ctrl.js HTTP/1.1" 304 - "http://localhost:1992/" "Mozilla/5.0 (Windows NT 10.0; Win64; x64) AppleWebKit/537.36 (KHTML, like Gecko) Chrome/64.0.3282.140 Safari/537.36"
::1 - - [12/Feb/2018:18:21:50 +0000] "GET /js/routes/ui-routes.js HTTP/1.1" 304 - "http://localhost:1992/" "Mozilla/5.0 (Windows NT 10.0; Win64; x64) AppleWebKit/537.36 (KHTML, like Gecko) Chrome/64.0.3282.140 Safari/537.36"
::1 - - [12/Feb/2018:18:21:50 +0000] "GET /lib/angular-ui-router/release/angular-ui-router.min.js HTTP/1.1" 304 - "http://localhost:1992/" "Mozilla/5.0 (Windows NT 10.0; Win64; x64) AppleWebKit/537.36 (KHTML, like Gecko) Chrome/64.0.3282.140 Safari/537.36"
::1 - - [12/Feb/2018:18:21:50 +0000] "GET /js/app.js HTTP/1.1" 200 459 "http://localhost:1992/" "Mozilla/5.0 (Windows NT 10.0; Win64; x64) AppleWebKit/537.36 (KHTML, like Gecko) Chrome/64.0.3282.140 Safari/537.36"
::1 - - [12/Feb/2018:18:21:50 +0000] "GET /lib/angular/angular.min.js.map HTTP/1.1" 304 - "-" "Mozilla/5.0 (Windows NT 10.0; Win64; x64) AppleWebKit/537.36 (KHTML, like Gecko) Chrome/64.0.3282.140 Safari/537.36"
::1 - - [12/Feb/2018:18:21:50 +0000] "GET /lib/angular-ui-router/release/angular-ui-router.min.js.map HTTP/1.1" 304 - "-" "Mozilla/5.0 (Windows NT 10.0; Win64; x64) AppleWebKit/537.36 (KHTML, like Gecko) Chrome/64.0.3282.140 Safari/537.36"
::1 - - [12/Feb/2018:18:22:14 +0000] "GET / HTTP/1.1" 200 551 "-" "Mozilla/5.0 (Windows NT 10.0; Win64; x64) AppleWebKit/537.36 (KHTML, like Gecko) Chrome/64.0.3282.140 Safari/537.36"
::1 - - [12/Feb/2018:18:22:14 +0000] "GET /js/app.js HTTP/1.1" 304 - "http://localhost:1992/" "Mozilla/5.0 (Windows NT 10.0; Win64; x64) AppleWebKit/537.36 (KHTML, like Gecko) Chrome/64.0.3282.140 Safari/537.36"
::1 - - [12/Feb/2018:18:22:14 +0000] "GET /js/controllers/main-ctrl.js HTTP/1.1" 304 - "http://localhost:1992/" "Mozilla/5.0 (Windows NT 10.0; Win64; x64) AppleWebKit/537.36 (KHTML, like Gecko) Chrome/64.0.3282.140 Safari/537.36"
::1 - - [12/Feb/2018:18:22:14 +0000] "GET /lib/angular/angular.min.js HTTP/1.1" 304 - "http://localhost:1992/" "Mozilla/5.0 (Windows NT 10.0; Win64; x64) AppleWebKit/537.36 (KHTML, like Gecko) Chrome/64.0.3282.140 Safari/537.36"
::1 - - [12/Feb/2018:18:22:14 +0000] "GET /lib/angular-ui-router/release/angular-ui-router.min.js HTTP/1.1" 304 - "http://localhost:1992/" "Mozilla/5.0 (Windows NT 10.0; Win64; x64) AppleWebKit/537.36 (KHTML, like Gecko) Chrome/64.0.3282.140 Safari/537.36"
::1 - - [12/Feb/2018:18:22:14 +0000] "GET /lib/angular/angular.min.js.map HTTP/1.1" 304 - "-" "Mozilla/5.0 (Windows NT 10.0; Win64; x64) AppleWebKit/537.36 (KHTML, like Gecko) Chrome/64.0.3282.140 Safari/537.36"
::1 - - [12/Feb/2018:18:22:14 +0000] "GET /lib/angular-ui-router/release/angular-ui-router.min.js.map HTTP/1.1" 304 - "-" "Mozilla/5.0 (Windows NT 10.0; Win64; x64) AppleWebKit/537.36 (KHTML, like Gecko) Chrome/64.0.3282.140 Safari/537.36"
::1 - - [12/Feb/2018:18:23:02 +0000] "GET / HTTP/1.1" 304 - "-" "Mozilla/5.0 (Windows NT 10.0; Win64; x64) AppleWebKit/537.36 (KHTML, like Gecko) Chrome/64.0.3282.140 Safari/537.36"
::1 - - [12/Feb/2018:18:23:02 +0000] "GET /lib/angular/angular.min.js HTTP/1.1" 304 - "http://localhost:1992/" "Mozilla/5.0 (Windows NT 10.0; Win64; x64) AppleWebKit/537.36 (KHTML, like Gecko) Chrome/64.0.3282.140 Safari/537.36"
::1 - - [12/Feb/2018:18:23:02 +0000] "GET /lib/angular-ui-router/release/angular-ui-router.min.js HTTP/1.1" 304 - "http://localhost:1992/" "Mozilla/5.0 (Windows NT 10.0; Win64; x64) AppleWebKit/537.36 (KHTML, like Gecko) Chrome/64.0.3282.140 Safari/537.36"
::1 - - [12/Feb/2018:18:23:02 +0000] "GET /js/controllers/main-ctrl.js HTTP/1.1" 304 - "http://localhost:1992/" "Mozilla/5.0 (Windows NT 10.0; Win64; x64) AppleWebKit/537.36 (KHTML, like Gecko) Chrome/64.0.3282.140 Safari/537.36"
::1 - - [12/Feb/2018:18:23:02 +0000] "GET /js/app.js HTTP/1.1" 200 458 "http://localhost:1992/" "Mozilla/5.0 (Windows NT 10.0; Win64; x64) AppleWebKit/537.36 (KHTML, like Gecko) Chrome/64.0.3282.140 Safari/537.36"
::1 - - [12/Feb/2018:18:23:02 +0000] "GET /lib/angular/angular.min.js.map HTTP/1.1" 304 - "-" "Mozilla/5.0 (Windows NT 10.0; Win64; x64) AppleWebKit/537.36 (KHTML, like Gecko) Chrome/64.0.3282.140 Safari/537.36"
::1 - - [12/Feb/2018:18:23:02 +0000] "GET /lib/angular-ui-router/release/angular-ui-router.min.js.map HTTP/1.1" 304 - "-" "Mozilla/5.0 (Windows NT 10.0; Win64; x64) AppleWebKit/537.36 (KHTML, like Gecko) Chrome/64.0.3282.140 Safari/537.36"
::ffff:127.0.0.1 - - [12/Feb/2018:18:23:12 +0000] "GET / HTTP/1.1" 304 - "-" "Mozilla/5.0 (Windows NT 10.0; Win64; x64) AppleWebKit/537.36 (KHTML, like Gecko) Chrome/64.0.3282.140 Safari/537.36"
::1 - - [12/Feb/2018:18:23:12 +0000] "GET /js/controllers/main-ctrl.js HTTP/1.1" 304 - "http://localhost:1992/" "Mozilla/5.0 (Windows NT 10.0; Win64; x64) AppleWebKit/537.36 (KHTML, like Gecko) Chrome/64.0.3282.140 Safari/537.36"
::ffff:127.0.0.1 - - [12/Feb/2018:18:23:12 +0000] "GET /lib/angular/angular.min.js HTTP/1.1" 304 - "http://localhost:1992/" "Mozilla/5.0 (Windows NT 10.0; Win64; x64) AppleWebKit/537.36 (KHTML, like Gecko) Chrome/64.0.3282.140 Safari/537.36"
::1 - - [12/Feb/2018:18:23:12 +0000] "GET /lib/angular-ui-router/release/angular-ui-router.min.js HTTP/1.1" 304 - "http://localhost:1992/" "Mozilla/5.0 (Windows NT 10.0; Win64; x64) AppleWebKit/537.36 (KHTML, like Gecko) Chrome/64.0.3282.140 Safari/537.36"
::1 - - [12/Feb/2018:18:23:12 +0000] "GET /js/app.js HTTP/1.1" 200 458 "http://localhost:1992/" "Mozilla/5.0 (Windows NT 10.0; Win64; x64) AppleWebKit/537.36 (KHTML, like Gecko) Chrome/64.0.3282.140 Safari/537.36"
::1 - - [12/Feb/2018:18:23:12 +0000] "GET /lib/angular/angular.min.js.map HTTP/1.1" 304 - "-" "Mozilla/5.0 (Windows NT 10.0; Win64; x64) AppleWebKit/537.36 (KHTML, like Gecko) Chrome/64.0.3282.140 Safari/537.36"
::1 - - [12/Feb/2018:18:23:12 +0000] "GET /lib/angular-ui-router/release/angular-ui-router.min.js.map HTTP/1.1" 304 - "-" "Mozilla/5.0 (Windows NT 10.0; Win64; x64) AppleWebKit/537.36 (KHTML, like Gecko) Chrome/64.0.3282.140 Safari/537.36"
::1 - - [12/Feb/2018:18:23:25 +0000] "GET / HTTP/1.1" 304 - "-" "Mozilla/5.0 (Windows NT 10.0; Win64; x64) AppleWebKit/537.36 (KHTML, like Gecko) Chrome/64.0.3282.140 Safari/537.36"
::1 - - [12/Feb/2018:18:23:25 +0000] "GET /js/app.js HTTP/1.1" 304 - "http://localhost:1992/" "Mozilla/5.0 (Windows NT 10.0; Win64; x64) AppleWebKit/537.36 (KHTML, like Gecko) Chrome/64.0.3282.140 Safari/537.36"
::1 - - [12/Feb/2018:18:23:25 +0000] "GET /js/controllers/main-ctrl.js HTTP/1.1" 304 - "http://localhost:1992/" "Mozilla/5.0 (Windows NT 10.0; Win64; x64) AppleWebKit/537.36 (KHTML, like Gecko) Chrome/64.0.3282.140 Safari/537.36"
::1 - - [12/Feb/2018:18:23:25 +0000] "GET /lib/angular/angular.min.js HTTP/1.1" 304 - "http://localhost:1992/" "Mozilla/5.0 (Windows NT 10.0; Win64; x64) AppleWebKit/537.36 (KHTML, like Gecko) Chrome/64.0.3282.140 Safari/537.36"
::1 - - [12/Feb/2018:18:23:25 +0000] "GET /lib/angular-ui-router/release/angular-ui-router.min.js HTTP/1.1" 304 - "http://localhost:1992/" "Mozilla/5.0 (Windows NT 10.0; Win64; x64) AppleWebKit/537.36 (KHTML, like Gecko) Chrome/64.0.3282.140 Safari/537.36"
::1 - - [12/Feb/2018:18:23:25 +0000] "GET /lib/angular/angular.min.js.map HTTP/1.1" 304 - "-" "Mozilla/5.0 (Windows NT 10.0; Win64; x64) AppleWebKit/537.36 (KHTML, like Gecko) Chrome/64.0.3282.140 Safari/537.36"
::1 - - [12/Feb/2018:18:23:25 +0000] "GET /lib/angular-ui-router/release/angular-ui-router.min.js.map HTTP/1.1" 304 - "-" "Mozilla/5.0 (Windows NT 10.0; Win64; x64) AppleWebKit/537.36 (KHTML, like Gecko) Chrome/64.0.3282.140 Safari/537.36"
::1 - - [12/Feb/2018:18:24:24 +0000] "GET / HTTP/1.1" 304 - "-" "Mozilla/5.0 (Windows NT 10.0; Win64; x64) AppleWebKit/537.36 (KHTML, like Gecko) Chrome/64.0.3282.140 Safari/537.36"
::1 - - [12/Feb/2018:18:24:24 +0000] "GET /js/controllers/main-ctrl.js HTTP/1.1" 304 - "http://localhost:1992/" "Mozilla/5.0 (Windows NT 10.0; Win64; x64) AppleWebKit/537.36 (KHTML, like Gecko) Chrome/64.0.3282.140 Safari/537.36"
::1 - - [12/Feb/2018:18:24:24 +0000] "GET /lib/angular/angular.min.js HTTP/1.1" 304 - "http://localhost:1992/" "Mozilla/5.0 (Windows NT 10.0; Win64; x64) AppleWebKit/537.36 (KHTML, like Gecko) Chrome/64.0.3282.140 Safari/537.36"
::1 - - [12/Feb/2018:18:24:24 +0000] "GET /lib/angular-ui-router/release/angular-ui-router.min.js HTTP/1.1" 304 - "http://localhost:1992/" "Mozilla/5.0 (Windows NT 10.0; Win64; x64) AppleWebKit/537.36 (KHTML, like Gecko) Chrome/64.0.3282.140 Safari/537.36"
::1 - - [12/Feb/2018:18:24:24 +0000] "GET /js/app.js HTTP/1.1" 200 440 "http://localhost:1992/" "Mozilla/5.0 (Windows NT 10.0; Win64; x64) AppleWebKit/537.36 (KHTML, like Gecko) Chrome/64.0.3282.140 Safari/537.36"
::1 - - [12/Feb/2018:18:24:24 +0000] "GET /lib/angular/angular.min.js.map HTTP/1.1" 304 - "-" "Mozilla/5.0 (Windows NT 10.0; Win64; x64) AppleWebKit/537.36 (KHTML, like Gecko) Chrome/64.0.3282.140 Safari/537.36"
::1 - - [12/Feb/2018:18:24:24 +0000] "GET /lib/angular-ui-router/release/angular-ui-router.min.js.map HTTP/1.1" 304 - "-" "Mozilla/5.0 (Windows NT 10.0; Win64; x64) AppleWebKit/537.36 (KHTML, like Gecko) Chrome/64.0.3282.140 Safari/537.36"
::1 - - [12/Feb/2018:18:24:56 +0000] "GET / HTTP/1.1" 304 - "-" "Mozilla/5.0 (Windows NT 10.0; Win64; x64) AppleWebKit/537.36 (KHTML, like Gecko) Chrome/64.0.3282.140 Safari/537.36"
::1 - - [12/Feb/2018:18:24:56 +0000] "GET /lib/angular/angular.min.js HTTP/1.1" 304 - "http://localhost:1992/" "Mozilla/5.0 (Windows NT 10.0; Win64; x64) AppleWebKit/537.36 (KHTML, like Gecko) Chrome/64.0.3282.140 Safari/537.36"
::1 - - [12/Feb/2018:18:24:56 +0000] "GET /lib/angular-ui-router/release/angular-ui-router.min.js HTTP/1.1" 304 - "http://localhost:1992/" "Mozilla/5.0 (Windows NT 10.0; Win64; x64) AppleWebKit/537.36 (KHTML, like Gecko) Chrome/64.0.3282.140 Safari/537.36"
::1 - - [12/Feb/2018:18:24:56 +0000] "GET /js/controllers/main-ctrl.js HTTP/1.1" 304 - "http://localhost:1992/" "Mozilla/5.0 (Windows NT 10.0; Win64; x64) AppleWebKit/537.36 (KHTML, like Gecko) Chrome/64.0.3282.140 Safari/537.36"
::1 - - [12/Feb/2018:18:24:56 +0000] "GET /js/app.js HTTP/1.1" 200 428 "http://localhost:1992/" "Mozilla/5.0 (Windows NT 10.0; Win64; x64) AppleWebKit/537.36 (KHTML, like Gecko) Chrome/64.0.3282.140 Safari/537.36"
::1 - - [12/Feb/2018:18:24:56 +0000] "GET /lib/angular/angular.min.js.map HTTP/1.1" 304 - "-" "Mozilla/5.0 (Windows NT 10.0; Win64; x64) AppleWebKit/537.36 (KHTML, like Gecko) Chrome/64.0.3282.140 Safari/537.36"
::1 - - [12/Feb/2018:18:24:56 +0000] "GET /lib/angular-ui-router/release/angular-ui-router.min.js.map HTTP/1.1" 304 - "-" "Mozilla/5.0 (Windows NT 10.0; Win64; x64) AppleWebKit/537.36 (KHTML, like Gecko) Chrome/64.0.3282.140 Safari/537.36"
::1 - - [12/Feb/2018:18:26:28 +0000] "GET / HTTP/1.1" 304 - "-" "Mozilla/5.0 (Windows NT 10.0; Win64; x64) AppleWebKit/537.36 (KHTML, like Gecko) Chrome/64.0.3282.140 Safari/537.36"
::1 - - [12/Feb/2018:18:26:28 +0000] "GET /lib/angular/angular.min.js HTTP/1.1" 304 - "http://localhost:1992/" "Mozilla/5.0 (Windows NT 10.0; Win64; x64) AppleWebKit/537.36 (KHTML, like Gecko) Chrome/64.0.3282.140 Safari/537.36"
::1 - - [12/Feb/2018:18:26:28 +0000] "GET /js/controllers/main-ctrl.js HTTP/1.1" 304 - "http://localhost:1992/" "Mozilla/5.0 (Windows NT 10.0; Win64; x64) AppleWebKit/537.36 (KHTML, like Gecko) Chrome/64.0.3282.140 Safari/537.36"
::1 - - [12/Feb/2018:18:26:28 +0000] "GET /lib/angular-ui-router/release/angular-ui-router.min.js HTTP/1.1" 304 - "http://localhost:1992/" "Mozilla/5.0 (Windows NT 10.0; Win64; x64) AppleWebKit/537.36 (KHTML, like Gecko) Chrome/64.0.3282.140 Safari/537.36"
::1 - - [12/Feb/2018:18:26:28 +0000] "GET /js/app.js HTTP/1.1" 200 472 "http://localhost:1992/" "Mozilla/5.0 (Windows NT 10.0; Win64; x64) AppleWebKit/537.36 (KHTML, like Gecko) Chrome/64.0.3282.140 Safari/537.36"
::1 - - [12/Feb/2018:18:26:28 +0000] "GET /lib/angular/angular.min.js.map HTTP/1.1" 304 - "-" "Mozilla/5.0 (Windows NT 10.0; Win64; x64) AppleWebKit/537.36 (KHTML, like Gecko) Chrome/64.0.3282.140 Safari/537.36"
::1 - - [12/Feb/2018:18:26:28 +0000] "GET /lib/angular-ui-router/release/angular-ui-router.min.js.map HTTP/1.1" 304 - "-" "Mozilla/5.0 (Windows NT 10.0; Win64; x64) AppleWebKit/537.36 (KHTML, like Gecko) Chrome/64.0.3282.140 Safari/537.36"
::1 - - [12/Feb/2018:18:27:42 +0000] "GET / HTTP/1.1" 304 - "-" "Mozilla/5.0 (Windows NT 10.0; Win64; x64) AppleWebKit/537.36 (KHTML, like Gecko) Chrome/64.0.3282.140 Safari/537.36"
::1 - - [12/Feb/2018:18:27:42 +0000] "GET /lib/angular/angular.min.js HTTP/1.1" 304 - "http://localhost:1992/" "Mozilla/5.0 (Windows NT 10.0; Win64; x64) AppleWebKit/537.36 (KHTML, like Gecko) Chrome/64.0.3282.140 Safari/537.36"
::1 - - [12/Feb/2018:18:27:42 +0000] "GET /lib/angular-ui-router/release/angular-ui-router.min.js HTTP/1.1" 304 - "http://localhost:1992/" "Mozilla/5.0 (Windows NT 10.0; Win64; x64) AppleWebKit/537.36 (KHTML, like Gecko) Chrome/64.0.3282.140 Safari/537.36"
::1 - - [12/Feb/2018:18:27:42 +0000] "GET /js/controllers/main-ctrl.js HTTP/1.1" 304 - "http://localhost:1992/" "Mozilla/5.0 (Windows NT 10.0; Win64; x64) AppleWebKit/537.36 (KHTML, like Gecko) Chrome/64.0.3282.140 Safari/537.36"
::1 - - [12/Feb/2018:18:27:42 +0000] "GET /js/app.js HTTP/1.1" 200 449 "http://localhost:1992/" "Mozilla/5.0 (Windows NT 10.0; Win64; x64) AppleWebKit/537.36 (KHTML, like Gecko) Chrome/64.0.3282.140 Safari/537.36"
::1 - - [12/Feb/2018:18:27:42 +0000] "GET /lib/angular/angular.min.js.map HTTP/1.1" 304 - "-" "Mozilla/5.0 (Windows NT 10.0; Win64; x64) AppleWebKit/537.36 (KHTML, like Gecko) Chrome/64.0.3282.140 Safari/537.36"
::1 - - [12/Feb/2018:18:27:42 +0000] "GET /lib/angular-ui-router/release/angular-ui-router.min.js.map HTTP/1.1" 304 - "-" "Mozilla/5.0 (Windows NT 10.0; Win64; x64) AppleWebKit/537.36 (KHTML, like Gecko) Chrome/64.0.3282.140 Safari/537.36"
::1 - - [12/Feb/2018:18:28:16 +0000] "GET / HTTP/1.1" 304 - "-" "Mozilla/5.0 (Windows NT 10.0; Win64; x64) AppleWebKit/537.36 (KHTML, like Gecko) Chrome/64.0.3282.140 Safari/537.36"
::1 - - [12/Feb/2018:18:28:16 +0000] "GET /js/controllers/main-ctrl.js HTTP/1.1" 304 - "http://localhost:1992/" "Mozilla/5.0 (Windows NT 10.0; Win64; x64) AppleWebKit/537.36 (KHTML, like Gecko) Chrome/64.0.3282.140 Safari/537.36"
::1 - - [12/Feb/2018:18:28:16 +0000] "GET /lib/angular/angular.min.js HTTP/1.1" 304 - "http://localhost:1992/" "Mozilla/5.0 (Windows NT 10.0; Win64; x64) AppleWebKit/537.36 (KHTML, like Gecko) Chrome/64.0.3282.140 Safari/537.36"
::1 - - [12/Feb/2018:18:28:16 +0000] "GET /lib/angular-ui-router/release/angular-ui-router.min.js HTTP/1.1" 304 - "http://localhost:1992/" "Mozilla/5.0 (Windows NT 10.0; Win64; x64) AppleWebKit/537.36 (KHTML, like Gecko) Chrome/64.0.3282.140 Safari/537.36"
::1 - - [12/Feb/2018:18:28:16 +0000] "GET /js/app.js HTTP/1.1" 200 458 "http://localhost:1992/" "Mozilla/5.0 (Windows NT 10.0; Win64; x64) AppleWebKit/537.36 (KHTML, like Gecko) Chrome/64.0.3282.140 Safari/537.36"
::1 - - [12/Feb/2018:18:28:16 +0000] "GET /lib/angular/angular.min.js.map HTTP/1.1" 304 - "-" "Mozilla/5.0 (Windows NT 10.0; Win64; x64) AppleWebKit/537.36 (KHTML, like Gecko) Chrome/64.0.3282.140 Safari/537.36"
::1 - - [12/Feb/2018:18:28:16 +0000] "GET /lib/angular-ui-router/release/angular-ui-router.min.js.map HTTP/1.1" 304 - "-" "Mozilla/5.0 (Windows NT 10.0; Win64; x64) AppleWebKit/537.36 (KHTML, like Gecko) Chrome/64.0.3282.140 Safari/537.36"
::1 - - [12/Feb/2018:18:28:45 +0000] "GET / HTTP/1.1" 304 - "-" "Mozilla/5.0 (Windows NT 10.0; Win64; x64) AppleWebKit/537.36 (KHTML, like Gecko) Chrome/64.0.3282.140 Safari/537.36"
::1 - - [12/Feb/2018:18:28:45 +0000] "GET /js/controllers/main-ctrl.js HTTP/1.1" 304 - "http://localhost:1992/" "Mozilla/5.0 (Windows NT 10.0; Win64; x64) AppleWebKit/537.36 (KHTML, like Gecko) Chrome/64.0.3282.140 Safari/537.36"
::1 - - [12/Feb/2018:18:28:45 +0000] "GET /lib/angular/angular.min.js HTTP/1.1" 304 - "http://localhost:1992/" "Mozilla/5.0 (Windows NT 10.0; Win64; x64) AppleWebKit/537.36 (KHTML, like Gecko) Chrome/64.0.3282.140 Safari/537.36"
::1 - - [12/Feb/2018:18:28:45 +0000] "GET /lib/angular-ui-router/release/angular-ui-router.min.js HTTP/1.1" 304 - "http://localhost:1992/" "Mozilla/5.0 (Windows NT 10.0; Win64; x64) AppleWebKit/537.36 (KHTML, like Gecko) Chrome/64.0.3282.140 Safari/537.36"
::1 - - [12/Feb/2018:18:28:45 +0000] "GET /js/app.js HTTP/1.1" 200 488 "http://localhost:1992/" "Mozilla/5.0 (Windows NT 10.0; Win64; x64) AppleWebKit/537.36 (KHTML, like Gecko) Chrome/64.0.3282.140 Safari/537.36"
::1 - - [12/Feb/2018:18:28:45 +0000] "GET /lib/angular/angular.min.js.map HTTP/1.1" 304 - "-" "Mozilla/5.0 (Windows NT 10.0; Win64; x64) AppleWebKit/537.36 (KHTML, like Gecko) Chrome/64.0.3282.140 Safari/537.36"
::1 - - [12/Feb/2018:18:28:45 +0000] "GET /lib/angular-ui-router/release/angular-ui-router.min.js.map HTTP/1.1" 304 - "-" "Mozilla/5.0 (Windows NT 10.0; Win64; x64) AppleWebKit/537.36 (KHTML, like Gecko) Chrome/64.0.3282.140 Safari/537.36"
