::1 - - [14/May/2018:06:47:31 +0000] "POST /blog HTTP/1.1" - - "-" "Mozilla/5.0 (Windows NT 10.0; Win64; x64) AppleWebKit/537.36 (KHTML, like Gecko) Chrome/65.0.3325.181 Safari/537.36"
::1 - - [14/May/2018:06:57:50 +0000] "POST /blog HTTP/1.1" 200 30 "-" "Mozilla/5.0 (Windows NT 10.0; Win64; x64) AppleWebKit/537.36 (KHTML, like Gecko) Chrome/65.0.3325.181 Safari/537.36"
::1 - - [14/May/2018:06:58:30 +0000] "POST /blog HTTP/1.1" 200 30 "-" "Mozilla/5.0 (Windows NT 10.0; Win64; x64) AppleWebKit/537.36 (KHTML, like Gecko) Chrome/65.0.3325.181 Safari/537.36"
::1 - - [14/May/2018:07:00:05 +0000] "POST /blog HTTP/1.1" 200 30 "-" "Mozilla/5.0 (Windows NT 10.0; Win64; x64) AppleWebKit/537.36 (KHTML, like Gecko) Chrome/65.0.3325.181 Safari/537.36"
::1 - - [14/May/2018:07:01:20 +0000] "POST /blog HTTP/1.1" 200 30 "-" "Mozilla/5.0 (Windows NT 10.0; Win64; x64) AppleWebKit/537.36 (KHTML, like Gecko) Chrome/65.0.3325.181 Safari/537.36"
::1 - - [14/May/2018:07:04:42 +0000] "POST /blog HTTP/1.1" 200 30 "-" "Mozilla/5.0 (Windows NT 10.0; Win64; x64) AppleWebKit/537.36 (KHTML, like Gecko) Chrome/65.0.3325.181 Safari/537.36"
::1 - - [14/May/2018:07:06:19 +0000] "POST /blog HTTP/1.1" 200 30 "-" "Mozilla/5.0 (Windows NT 10.0; Win64; x64) AppleWebKit/537.36 (KHTML, like Gecko) Chrome/65.0.3325.181 Safari/537.36"
::1 - - [14/May/2018:07:08:05 +0000] "POST /getBlogs HTTP/1.1" 404 148 "-" "Mozilla/5.0 (Windows NT 10.0; Win64; x64) AppleWebKit/537.36 (KHTML, like Gecko) Chrome/65.0.3325.181 Safari/537.36"
::1 - - [14/May/2018:07:08:09 +0000] "GET /getBlogs HTTP/1.1" 200 829 "-" "Mozilla/5.0 (Windows NT 10.0; Win64; x64) AppleWebKit/537.36 (KHTML, like Gecko) Chrome/65.0.3325.181 Safari/537.36"
::1 - - [14/May/2018:07:24:50 +0000] "POST /blog HTTP/1.1" 500 1698 "-" "Mozilla/5.0 (Windows NT 10.0; Win64; x64) AppleWebKit/537.36 (KHTML, like Gecko) Chrome/65.0.3325.181 Safari/537.36"
::1 - - [14/May/2018:07:25:31 +0000] "POST /blog HTTP/1.1" 200 30 "-" "Mozilla/5.0 (Windows NT 10.0; Win64; x64) AppleWebKit/537.36 (KHTML, like Gecko) Chrome/65.0.3325.181 Safari/537.36"
::1 - - [14/May/2018:07:45:29 +0000] "POST /blog HTTP/1.1" 200 30 "-" "Mozilla/5.0 (Windows NT 10.0; Win64; x64) AppleWebKit/537.36 (KHTML, like Gecko) Chrome/65.0.3325.181 Safari/537.36"
::1 - - [14/May/2018:07:46:48 +0000] "GET /getBlogs HTTP/1.1" 200 388 "-" "Mozilla/5.0 (Windows NT 10.0; Win64; x64) AppleWebKit/537.36 (KHTML, like Gecko) Chrome/65.0.3325.181 Safari/537.36"
::1 - - [14/May/2018:07:47:19 +0000] "GET /getBlogs HTTP/1.1" 200 388 "-" "Mozilla/5.0 (Windows NT 10.0; Win64; x64) AppleWebKit/537.36 (KHTML, like Gecko) Chrome/65.0.3325.181 Safari/537.36"
::1 - - [14/May/2018:07:48:03 +0000] "GET /getBlogs HTTP/1.1" 200 388 "-" "Mozilla/5.0 (Windows NT 10.0; Win64; x64) AppleWebKit/537.36 (KHTML, like Gecko) Chrome/65.0.3325.181 Safari/537.36"
::1 - - [14/May/2018:07:48:24 +0000] "GET /getBlogs HTTP/1.1" 200 388 "-" "Mozilla/5.0 (Windows NT 10.0; Win64; x64) AppleWebKit/537.36 (KHTML, like Gecko) Chrome/65.0.3325.181 Safari/537.36"
::1 - - [14/May/2018:07:48:48 +0000] "GET /getBlogs HTTP/1.1" 200 388 "-" "Mozilla/5.0 (Windows NT 10.0; Win64; x64) AppleWebKit/537.36 (KHTML, like Gecko) Chrome/65.0.3325.181 Safari/537.36"
::1 - - [14/May/2018:07:49:49 +0000] "GET /getBlogs HTTP/1.1" 200 313 "-" "Mozilla/5.0 (Windows NT 10.0; Win64; x64) AppleWebKit/537.36 (KHTML, like Gecko) Chrome/65.0.3325.181 Safari/537.36"
::1 - - [14/May/2018:07:50:32 +0000] "GET /getBlogs HTTP/1.1" 200 313 "-" "Mozilla/5.0 (Windows NT 10.0; Win64; x64) AppleWebKit/537.36 (KHTML, like Gecko) Chrome/65.0.3325.181 Safari/537.36"
::1 - - [14/May/2018:07:50:56 +0000] "GET /getBlogs HTTP/1.1" 200 313 "-" "Mozilla/5.0 (Windows NT 10.0; Win64; x64) AppleWebKit/537.36 (KHTML, like Gecko) Chrome/65.0.3325.181 Safari/537.36"
::1 - - [14/May/2018:07:51:46 +0000] "POST /blog HTTP/1.1" 200 30 "-" "Mozilla/5.0 (Windows NT 10.0; Win64; x64) AppleWebKit/537.36 (KHTML, like Gecko) Chrome/65.0.3325.181 Safari/537.36"
::1 - - [14/May/2018:07:51:55 +0000] "GET /getBlogs HTTP/1.1" 200 1474 "-" "Mozilla/5.0 (Windows NT 10.0; Win64; x64) AppleWebKit/537.36 (KHTML, like Gecko) Chrome/65.0.3325.181 Safari/537.36"
::1 - - [14/May/2018:07:52:49 +0000] "GET /getBlogs HTTP/1.1" 200 1474 "-" "Mozilla/5.0 (Windows NT 10.0; Win64; x64) AppleWebKit/537.36 (KHTML, like Gecko) Chrome/65.0.3325.181 Safari/537.36"
::1 - - [14/May/2018:11:03:07 +0000] "POST /blog HTTP/1.1" 200 30 "-" "Mozilla/5.0 (Windows NT 10.0; Win64; x64) AppleWebKit/537.36 (KHTML, like Gecko) Chrome/65.0.3325.181 Safari/537.36"
::1 - - [14/May/2018:11:03:21 +0000] "GET /getBlogs HTTP/1.1" 200 1162 "-" "Mozilla/5.0 (Windows NT 10.0; Win64; x64) AppleWebKit/537.36 (KHTML, like Gecko) Chrome/65.0.3325.181 Safari/537.36"
::1 - - [14/May/2018:11:05:14 +0000] "POST /blog HTTP/1.1" 200 30 "-" "Mozilla/5.0 (Windows NT 10.0; Win64; x64) AppleWebKit/537.36 (KHTML, like Gecko) Chrome/65.0.3325.181 Safari/537.36"
::1 - - [14/May/2018:11:05:30 +0000] "GET /getBlogs HTTP/1.1" 200 1273 "-" "Mozilla/5.0 (Windows NT 10.0; Win64; x64) AppleWebKit/537.36 (KHTML, like Gecko) Chrome/65.0.3325.181 Safari/537.36"
::1 - - [15/May/2018:10:14:57 +0000] "OPTIONS /login HTTP/1.1" 200 4 "-" "Mozilla/5.0 (Windows NT 10.0; Win64; x64) AppleWebKit/537.36 (KHTML, like Gecko) Chrome/65.0.3325.181 Safari/537.36"
::1 - - [15/May/2018:10:14:57 +0000] "POST /login HTTP/1.1" 200 207 "http://localhost:3200/" "Mozilla/5.0 (Windows NT 10.0; Win64; x64) AppleWebKit/537.36 (KHTML, like Gecko) Chrome/65.0.3325.181 Safari/537.36"
::1 - - [15/May/2018:10:18:47 +0000] "OPTIONS /login HTTP/1.1" 200 4 "-" "Mozilla/5.0 (Windows NT 10.0; Win64; x64) AppleWebKit/537.36 (KHTML, like Gecko) Chrome/65.0.3325.181 Safari/537.36"
::1 - - [15/May/2018:10:18:47 +0000] "POST /login HTTP/1.1" 200 207 "http://localhost:3200/" "Mozilla/5.0 (Windows NT 10.0; Win64; x64) AppleWebKit/537.36 (KHTML, like Gecko) Chrome/65.0.3325.181 Safari/537.36"
::1 - - [15/May/2018:10:19:11 +0000] "GET /app/getOnlineUsers HTTP/1.1" 200 324 "http://localhost:3200/" "Mozilla/5.0 (Windows NT 10.0; Win64; x64) AppleWebKit/537.36 (KHTML, like Gecko) Chrome/65.0.3325.181 Safari/537.36"
::1 - - [15/May/2018:10:25:20 +0000] "OPTIONS /login HTTP/1.1" 200 4 "-" "Mozilla/5.0 (Windows NT 10.0; Win64; x64) AppleWebKit/537.36 (KHTML, like Gecko) Chrome/65.0.3325.181 Safari/537.36"
::1 - - [15/May/2018:10:25:21 +0000] "POST /login HTTP/1.1" 200 207 "http://localhost:3200/" "Mozilla/5.0 (Windows NT 10.0; Win64; x64) AppleWebKit/537.36 (KHTML, like Gecko) Chrome/65.0.3325.181 Safari/537.36"
::1 - - [15/May/2018:10:31:34 +0000] "OPTIONS /login HTTP/1.1" 200 4 "-" "Mozilla/5.0 (Windows NT 10.0; Win64; x64) AppleWebKit/537.36 (KHTML, like Gecko) Chrome/65.0.3325.181 Safari/537.36"
::1 - - [15/May/2018:10:31:34 +0000] "POST /login HTTP/1.1" 200 207 "http://localhost:3200/" "Mozilla/5.0 (Windows NT 10.0; Win64; x64) AppleWebKit/537.36 (KHTML, like Gecko) Chrome/65.0.3325.181 Safari/537.36"
::1 - - [15/May/2018:10:32:03 +0000] "OPTIONS /login HTTP/1.1" 200 4 "-" "Mozilla/5.0 (Windows NT 10.0; Win64; x64) AppleWebKit/537.36 (KHTML, like Gecko) Chrome/65.0.3325.181 Safari/537.36"
::1 - - [15/May/2018:10:32:03 +0000] "POST /login HTTP/1.1" 200 207 "http://localhost:3200/" "Mozilla/5.0 (Windows NT 10.0; Win64; x64) AppleWebKit/537.36 (KHTML, like Gecko) Chrome/65.0.3325.181 Safari/537.36"
::1 - - [15/May/2018:10:32:49 +0000] "OPTIONS /login HTTP/1.1" 200 4 "-" "Mozilla/5.0 (Windows NT 10.0; Win64; x64) AppleWebKit/537.36 (KHTML, like Gecko) Chrome/65.0.3325.181 Safari/537.36"
::1 - - [15/May/2018:10:32:49 +0000] "POST /login HTTP/1.1" 200 207 "http://localhost:3200/" "Mozilla/5.0 (Windows NT 10.0; Win64; x64) AppleWebKit/537.36 (KHTML, like Gecko) Chrome/65.0.3325.181 Safari/537.36"
::1 - - [15/May/2018:10:35:00 +0000] "OPTIONS /login HTTP/1.1" 200 4 "-" "Mozilla/5.0 (Windows NT 10.0; Win64; x64) AppleWebKit/537.36 (KHTML, like Gecko) Chrome/65.0.3325.181 Safari/537.36"
::1 - - [15/May/2018:10:35:00 +0000] "POST /login HTTP/1.1" 200 207 "http://localhost:3200/" "Mozilla/5.0 (Windows NT 10.0; Win64; x64) AppleWebKit/537.36 (KHTML, like Gecko) Chrome/65.0.3325.181 Safari/537.36"
::1 - - [15/May/2018:10:36:25 +0000] "OPTIONS /login HTTP/1.1" 200 4 "-" "Mozilla/5.0 (Windows NT 10.0; Win64; x64) AppleWebKit/537.36 (KHTML, like Gecko) Chrome/65.0.3325.181 Safari/537.36"
::1 - - [15/May/2018:10:36:25 +0000] "POST /login HTTP/1.1" 200 207 "http://localhost:3200/" "Mozilla/5.0 (Windows NT 10.0; Win64; x64) AppleWebKit/537.36 (KHTML, like Gecko) Chrome/65.0.3325.181 Safari/537.36"
::1 - - [15/May/2018:10:37:11 +0000] "OPTIONS /login HTTP/1.1" 200 4 "-" "Mozilla/5.0 (Windows NT 10.0; Win64; x64) AppleWebKit/537.36 (KHTML, like Gecko) Chrome/65.0.3325.181 Safari/537.36"
::1 - - [15/May/2018:10:37:11 +0000] "POST /login HTTP/1.1" 200 207 "http://localhost:3200/" "Mozilla/5.0 (Windows NT 10.0; Win64; x64) AppleWebKit/537.36 (KHTML, like Gecko) Chrome/65.0.3325.181 Safari/537.36"
::1 - - [15/May/2018:10:43:09 +0000] "OPTIONS /login HTTP/1.1" 200 4 "-" "Mozilla/5.0 (Windows NT 10.0; Win64; x64) AppleWebKit/537.36 (KHTML, like Gecko) Chrome/65.0.3325.181 Safari/537.36"
::1 - - [15/May/2018:10:43:09 +0000] "POST /login HTTP/1.1" 200 207 "http://localhost:3200/" "Mozilla/5.0 (Windows NT 10.0; Win64; x64) AppleWebKit/537.36 (KHTML, like Gecko) Chrome/65.0.3325.181 Safari/537.36"
::1 - - [15/May/2018:10:44:16 +0000] "OPTIONS /login HTTP/1.1" 200 4 "-" "Mozilla/5.0 (Windows NT 10.0; Win64; x64) AppleWebKit/537.36 (KHTML, like Gecko) Chrome/65.0.3325.181 Safari/537.36"
::1 - - [15/May/2018:10:44:16 +0000] "POST /login HTTP/1.1" 200 207 "http://localhost:3200/" "Mozilla/5.0 (Windows NT 10.0; Win64; x64) AppleWebKit/537.36 (KHTML, like Gecko) Chrome/65.0.3325.181 Safari/537.36"
::1 - - [15/May/2018:10:44:52 +0000] "OPTIONS /login HTTP/1.1" 200 4 "-" "Mozilla/5.0 (Windows NT 10.0; Win64; x64) AppleWebKit/537.36 (KHTML, like Gecko) Chrome/65.0.3325.181 Safari/537.36"
::1 - - [15/May/2018:10:44:52 +0000] "POST /login HTTP/1.1" 200 207 "http://localhost:3200/" "Mozilla/5.0 (Windows NT 10.0; Win64; x64) AppleWebKit/537.36 (KHTML, like Gecko) Chrome/65.0.3325.181 Safari/537.36"
::1 - - [15/May/2018:10:46:11 +0000] "GET /app/getOnlineUsers HTTP/1.1" 200 924 "http://localhost:3200/" "Mozilla/5.0 (Windows NT 10.0; Win64; x64) AppleWebKit/537.36 (KHTML, like Gecko) Chrome/65.0.3325.181 Safari/537.36"
::1 - - [15/May/2018:14:15:53 +0000] "OPTIONS /login HTTP/1.1" 200 4 "-" "Mozilla/5.0 (Windows NT 10.0; Win64; x64) AppleWebKit/537.36 (KHTML, like Gecko) Chrome/65.0.3325.181 Safari/537.36"
::1 - - [15/May/2018:14:15:54 +0000] "POST /login HTTP/1.1" 200 207 "http://localhost:3200/" "Mozilla/5.0 (Windows NT 10.0; Win64; x64) AppleWebKit/537.36 (KHTML, like Gecko) Chrome/65.0.3325.181 Safari/537.36"
