::1 - - [05/Mar/2018:18:30:52 +0000] "GET / HTTP/1.1" 304 - "http://localhost:3030/" "Mozilla/5.0 (Windows NT 10.0; Win64; x64) AppleWebKit/537.36 (KHTML, like Gecko) Chrome/64.0.3282.186 Safari/537.36"
::ffff:127.0.0.1 - - [05/Mar/2018:18:30:52 +0000] "GET /lib/angular/angular.min.js HTTP/1.1" 304 - "http://localhost:3030/" "Mozilla/5.0 (Windows NT 10.0; Win64; x64) AppleWebKit/537.36 (KHTML, like Gecko) Chrome/64.0.3282.186 Safari/537.36"
::ffff:127.0.0.1 - - [05/Mar/2018:18:30:52 +0000] "GET /lib/angular-ui-router/release/angular-ui-router.min.js HTTP/1.1" 304 - "http://localhost:3030/" "Mozilla/5.0 (Windows NT 10.0; Win64; x64) AppleWebKit/537.36 (KHTML, like Gecko) Chrome/64.0.3282.186 Safari/537.36"
::ffff:127.0.0.1 - - [05/Mar/2018:18:30:52 +0000] "GET /lib/angular-storage/dist/angular-storage.min.js HTTP/1.1" 304 - "http://localhost:3030/" "Mozilla/5.0 (Windows NT 10.0; Win64; x64) AppleWebKit/537.36 (KHTML, like Gecko) Chrome/64.0.3282.186 Safari/537.36"
::1 - - [05/Mar/2018:18:30:52 +0000] "GET /lib/angular-ui-notification/dist/angular-ui-notification.css HTTP/1.1" 304 - "http://localhost:3030/" "Mozilla/5.0 (Windows NT 10.0; Win64; x64) AppleWebKit/537.36 (KHTML, like Gecko) Chrome/64.0.3282.186 Safari/537.36"
::ffff:127.0.0.1 - - [05/Mar/2018:18:30:52 +0000] "GET /js/app.js HTTP/1.1" 304 - "http://localhost:3030/" "Mozilla/5.0 (Windows NT 10.0; Win64; x64) AppleWebKit/537.36 (KHTML, like Gecko) Chrome/64.0.3282.186 Safari/537.36"
::ffff:127.0.0.1 - - [05/Mar/2018:18:30:52 +0000] "GET /js/controllers/main-ctrl.js HTTP/1.1" 304 - "http://localhost:3030/" "Mozilla/5.0 (Windows NT 10.0; Win64; x64) AppleWebKit/537.36 (KHTML, like Gecko) Chrome/64.0.3282.186 Safari/537.36"
::1 - - [05/Mar/2018:18:30:52 +0000] "GET /js/controllers/register-ctrl.js HTTP/1.1" 304 - "http://localhost:3030/" "Mozilla/5.0 (Windows NT 10.0; Win64; x64) AppleWebKit/537.36 (KHTML, like Gecko) Chrome/64.0.3282.186 Safari/537.36"
::ffff:127.0.0.1 - - [05/Mar/2018:18:30:52 +0000] "GET /lib/angular-ui-notification/dist/angular-ui-notification.js HTTP/1.1" 304 - "http://localhost:3030/" "Mozilla/5.0 (Windows NT 10.0; Win64; x64) AppleWebKit/537.36 (KHTML, like Gecko) Chrome/64.0.3282.186 Safari/537.36"
::1 - - [05/Mar/2018:18:30:52 +0000] "GET /js/controllers/login-ctrl.js HTTP/1.1" 304 - "http://localhost:3030/" "Mozilla/5.0 (Windows NT 10.0; Win64; x64) AppleWebKit/537.36 (KHTML, like Gecko) Chrome/64.0.3282.186 Safari/537.36"
::1 - - [05/Mar/2018:18:30:52 +0000] "GET /js/controllers/home-ctrl.js HTTP/1.1" 304 - "http://localhost:3030/" "Mozilla/5.0 (Windows NT 10.0; Win64; x64) AppleWebKit/537.36 (KHTML, like Gecko) Chrome/64.0.3282.186 Safari/537.36"
::1 - - [05/Mar/2018:18:30:52 +0000] "GET /js/services/token-service.js HTTP/1.1" 304 - "http://localhost:3030/" "Mozilla/5.0 (Windows NT 10.0; Win64; x64) AppleWebKit/537.36 (KHTML, like Gecko) Chrome/64.0.3282.186 Safari/537.36"
::ffff:127.0.0.1 - - [05/Mar/2018:18:30:52 +0000] "GET /js/services/http-service.js HTTP/1.1" 304 - "http://localhost:3030/" "Mozilla/5.0 (Windows NT 10.0; Win64; x64) AppleWebKit/537.36 (KHTML, like Gecko) Chrome/64.0.3282.186 Safari/537.36"
::ffff:127.0.0.1 - - [05/Mar/2018:18:30:52 +0000] "GET /js/controllers/chat-ctrl.js HTTP/1.1" 200 421 "http://localhost:3030/" "Mozilla/5.0 (Windows NT 10.0; Win64; x64) AppleWebKit/537.36 (KHTML, like Gecko) Chrome/64.0.3282.186 Safari/537.36"
::1 - - [05/Mar/2018:18:30:52 +0000] "GET /js/services/constant-service.js HTTP/1.1" 304 - "http://localhost:3030/" "Mozilla/5.0 (Windows NT 10.0; Win64; x64) AppleWebKit/537.36 (KHTML, like Gecko) Chrome/64.0.3282.186 Safari/537.36"
::1 - - [05/Mar/2018:18:30:52 +0000] "GET /js/services/api-interceptor-service.js HTTP/1.1" 304 - "http://localhost:3030/" "Mozilla/5.0 (Windows NT 10.0; Win64; x64) AppleWebKit/537.36 (KHTML, like Gecko) Chrome/64.0.3282.186 Safari/537.36"
::ffff:127.0.0.1 - - [05/Mar/2018:18:30:52 +0000] "GET /js/services/check-allowed-states-service.js HTTP/1.1" 304 - "http://localhost:3030/" "Mozilla/5.0 (Windows NT 10.0; Win64; x64) AppleWebKit/537.36 (KHTML, like Gecko) Chrome/64.0.3282.186 Safari/537.36"
::ffff:127.0.0.1 - - [05/Mar/2018:18:30:52 +0000] "GET /js/services/tabs-service.js HTTP/1.1" 304 - "http://localhost:3030/" "Mozilla/5.0 (Windows NT 10.0; Win64; x64) AppleWebKit/537.36 (KHTML, like Gecko) Chrome/64.0.3282.186 Safari/537.36"
::1 - - [05/Mar/2018:18:30:52 +0000] "GET /js/services/auth-service.js HTTP/1.1" 304 - "http://localhost:3030/" "Mozilla/5.0 (Windows NT 10.0; Win64; x64) AppleWebKit/537.36 (KHTML, like Gecko) Chrome/64.0.3282.186 Safari/537.36"
::1 - - [05/Mar/2018:18:30:52 +0000] "GET /js/filters/filter.js HTTP/1.1" 304 - "http://localhost:3030/" "Mozilla/5.0 (Windows NT 10.0; Win64; x64) AppleWebKit/537.36 (KHTML, like Gecko) Chrome/64.0.3282.186 Safari/537.36"
::1 - - [05/Mar/2018:18:30:53 +0000] "GET /templates/mainn.html HTTP/1.1" 304 - "http://localhost:3030/" "Mozilla/5.0 (Windows NT 10.0; Win64; x64) AppleWebKit/537.36 (KHTML, like Gecko) Chrome/64.0.3282.186 Safari/537.36"
::1 - - [05/Mar/2018:18:30:53 +0000] "GET /lib/angular/angular.min.js.map HTTP/1.1" 304 - "-" "Mozilla/5.0 (Windows NT 10.0; Win64; x64) AppleWebKit/537.36 (KHTML, like Gecko) Chrome/64.0.3282.186 Safari/537.36"
::1 - - [05/Mar/2018:18:30:53 +0000] "GET /lib/angular-ui-router/release/angular-ui-router.min.js.map HTTP/1.1" 304 - "-" "Mozilla/5.0 (Windows NT 10.0; Win64; x64) AppleWebKit/537.36 (KHTML, like Gecko) Chrome/64.0.3282.186 Safari/537.36"
::1 - - [05/Mar/2018:18:30:53 +0000] "GET /templates/chat.html HTTP/1.1" 304 - "http://localhost:3030/" "Mozilla/5.0 (Windows NT 10.0; Win64; x64) AppleWebKit/537.36 (KHTML, like Gecko) Chrome/64.0.3282.186 Safari/537.36"
::1 - - [05/Mar/2018:18:32:27 +0000] "GET / HTTP/1.1" 304 - "http://localhost:3030/" "Mozilla/5.0 (Windows NT 10.0; Win64; x64) AppleWebKit/537.36 (KHTML, like Gecko) Chrome/64.0.3282.186 Safari/537.36"
::ffff:127.0.0.1 - - [05/Mar/2018:18:32:27 +0000] "GET /js/app.js HTTP/1.1" 304 - "http://localhost:3030/" "Mozilla/5.0 (Windows NT 10.0; Win64; x64) AppleWebKit/537.36 (KHTML, like Gecko) Chrome/64.0.3282.186 Safari/537.36"
::1 - - [05/Mar/2018:18:32:27 +0000] "GET /lib/angular-ui-notification/dist/angular-ui-notification.css HTTP/1.1" 304 - "http://localhost:3030/" "Mozilla/5.0 (Windows NT 10.0; Win64; x64) AppleWebKit/537.36 (KHTML, like Gecko) Chrome/64.0.3282.186 Safari/537.36"
::1 - - [05/Mar/2018:18:32:27 +0000] "GET /lib/angular/angular.min.js HTTP/1.1" 304 - "http://localhost:3030/" "Mozilla/5.0 (Windows NT 10.0; Win64; x64) AppleWebKit/537.36 (KHTML, like Gecko) Chrome/64.0.3282.186 Safari/537.36"
::ffff:127.0.0.1 - - [05/Mar/2018:18:32:27 +0000] "GET /lib/angular-ui-router/release/angular-ui-router.min.js HTTP/1.1" 304 - "http://localhost:3030/" "Mozilla/5.0 (Windows NT 10.0; Win64; x64) AppleWebKit/537.36 (KHTML, like Gecko) Chrome/64.0.3282.186 Safari/537.36"
::ffff:127.0.0.1 - - [05/Mar/2018:18:32:27 +0000] "GET /lib/angular-storage/dist/angular-storage.min.js HTTP/1.1" 304 - "http://localhost:3030/" "Mozilla/5.0 (Windows NT 10.0; Win64; x64) AppleWebKit/537.36 (KHTML, like Gecko) Chrome/64.0.3282.186 Safari/537.36"
::ffff:127.0.0.1 - - [05/Mar/2018:18:32:27 +0000] "GET /lib/angular-ui-notification/dist/angular-ui-notification.js HTTP/1.1" 304 - "http://localhost:3030/" "Mozilla/5.0 (Windows NT 10.0; Win64; x64) AppleWebKit/537.36 (KHTML, like Gecko) Chrome/64.0.3282.186 Safari/537.36"
::ffff:127.0.0.1 - - [05/Mar/2018:18:32:27 +0000] "GET /js/controllers/main-ctrl.js HTTP/1.1" 304 - "http://localhost:3030/" "Mozilla/5.0 (Windows NT 10.0; Win64; x64) AppleWebKit/537.36 (KHTML, like Gecko) Chrome/64.0.3282.186 Safari/537.36"
::1 - - [05/Mar/2018:18:32:27 +0000] "GET /js/controllers/register-ctrl.js HTTP/1.1" 304 - "http://localhost:3030/" "Mozilla/5.0 (Windows NT 10.0; Win64; x64) AppleWebKit/537.36 (KHTML, like Gecko) Chrome/64.0.3282.186 Safari/537.36"
::1 - - [05/Mar/2018:18:32:27 +0000] "GET /js/controllers/login-ctrl.js HTTP/1.1" 304 - "http://localhost:3030/" "Mozilla/5.0 (Windows NT 10.0; Win64; x64) AppleWebKit/537.36 (KHTML, like Gecko) Chrome/64.0.3282.186 Safari/537.36"
::1 - - [05/Mar/2018:18:32:27 +0000] "GET /js/controllers/home-ctrl.js HTTP/1.1" 304 - "http://localhost:3030/" "Mozilla/5.0 (Windows NT 10.0; Win64; x64) AppleWebKit/537.36 (KHTML, like Gecko) Chrome/64.0.3282.186 Safari/537.36"
::ffff:127.0.0.1 - - [05/Mar/2018:18:32:27 +0000] "GET /js/services/token-service.js HTTP/1.1" 304 - "http://localhost:3030/" "Mozilla/5.0 (Windows NT 10.0; Win64; x64) AppleWebKit/537.36 (KHTML, like Gecko) Chrome/64.0.3282.186 Safari/537.36"
::ffff:127.0.0.1 - - [05/Mar/2018:18:32:27 +0000] "GET /js/services/http-service.js HTTP/1.1" 304 - "http://localhost:3030/" "Mozilla/5.0 (Windows NT 10.0; Win64; x64) AppleWebKit/537.36 (KHTML, like Gecko) Chrome/64.0.3282.186 Safari/537.36"
::ffff:127.0.0.1 - - [05/Mar/2018:18:32:27 +0000] "GET /js/services/constant-service.js HTTP/1.1" 304 - "http://localhost:3030/" "Mozilla/5.0 (Windows NT 10.0; Win64; x64) AppleWebKit/537.36 (KHTML, like Gecko) Chrome/64.0.3282.186 Safari/537.36"
::1 - - [05/Mar/2018:18:32:27 +0000] "GET /js/controllers/chat-ctrl.js HTTP/1.1" 200 460 "http://localhost:3030/" "Mozilla/5.0 (Windows NT 10.0; Win64; x64) AppleWebKit/537.36 (KHTML, like Gecko) Chrome/64.0.3282.186 Safari/537.36"
::ffff:127.0.0.1 - - [05/Mar/2018:18:32:27 +0000] "GET /js/services/api-interceptor-service.js HTTP/1.1" 304 - "http://localhost:3030/" "Mozilla/5.0 (Windows NT 10.0; Win64; x64) AppleWebKit/537.36 (KHTML, like Gecko) Chrome/64.0.3282.186 Safari/537.36"
::1 - - [05/Mar/2018:18:32:27 +0000] "GET /js/services/check-allowed-states-service.js HTTP/1.1" 304 - "http://localhost:3030/" "Mozilla/5.0 (Windows NT 10.0; Win64; x64) AppleWebKit/537.36 (KHTML, like Gecko) Chrome/64.0.3282.186 Safari/537.36"
::ffff:127.0.0.1 - - [05/Mar/2018:18:32:27 +0000] "GET /js/services/tabs-service.js HTTP/1.1" 304 - "http://localhost:3030/" "Mozilla/5.0 (Windows NT 10.0; Win64; x64) AppleWebKit/537.36 (KHTML, like Gecko) Chrome/64.0.3282.186 Safari/537.36"
::ffff:127.0.0.1 - - [05/Mar/2018:18:32:27 +0000] "GET /js/services/auth-service.js HTTP/1.1" 304 - "http://localhost:3030/" "Mozilla/5.0 (Windows NT 10.0; Win64; x64) AppleWebKit/537.36 (KHTML, like Gecko) Chrome/64.0.3282.186 Safari/537.36"
::ffff:127.0.0.1 - - [05/Mar/2018:18:32:27 +0000] "GET /js/filters/filter.js HTTP/1.1" 304 - "http://localhost:3030/" "Mozilla/5.0 (Windows NT 10.0; Win64; x64) AppleWebKit/537.36 (KHTML, like Gecko) Chrome/64.0.3282.186 Safari/537.36"
::ffff:127.0.0.1 - - [05/Mar/2018:18:32:27 +0000] "GET /templates/mainn.html HTTP/1.1" 304 - "http://localhost:3030/" "Mozilla/5.0 (Windows NT 10.0; Win64; x64) AppleWebKit/537.36 (KHTML, like Gecko) Chrome/64.0.3282.186 Safari/537.36"
::ffff:127.0.0.1 - - [05/Mar/2018:18:32:27 +0000] "GET /lib/angular/angular.min.js.map HTTP/1.1" 304 - "-" "Mozilla/5.0 (Windows NT 10.0; Win64; x64) AppleWebKit/537.36 (KHTML, like Gecko) Chrome/64.0.3282.186 Safari/537.36"
::ffff:127.0.0.1 - - [05/Mar/2018:18:32:27 +0000] "GET /lib/angular-ui-router/release/angular-ui-router.min.js.map HTTP/1.1" 304 - "-" "Mozilla/5.0 (Windows NT 10.0; Win64; x64) AppleWebKit/537.36 (KHTML, like Gecko) Chrome/64.0.3282.186 Safari/537.36"
::ffff:127.0.0.1 - - [05/Mar/2018:18:32:27 +0000] "GET /templates/chat.html HTTP/1.1" 304 - "http://localhost:3030/" "Mozilla/5.0 (Windows NT 10.0; Win64; x64) AppleWebKit/537.36 (KHTML, like Gecko) Chrome/64.0.3282.186 Safari/537.36"
::1 - - [05/Mar/2018:18:32:49 +0000] "GET / HTTP/1.1" 304 - "http://localhost:3030/" "Mozilla/5.0 (Windows NT 10.0; Win64; x64) AppleWebKit/537.36 (KHTML, like Gecko) Chrome/64.0.3282.186 Safari/537.36"
::1 - - [05/Mar/2018:18:32:49 +0000] "GET /lib/angular-ui-notification/dist/angular-ui-notification.css HTTP/1.1" 304 - "http://localhost:3030/" "Mozilla/5.0 (Windows NT 10.0; Win64; x64) AppleWebKit/537.36 (KHTML, like Gecko) Chrome/64.0.3282.186 Safari/537.36"
::1 - - [05/Mar/2018:18:32:49 +0000] "GET /lib/angular/angular.min.js HTTP/1.1" 304 - "http://localhost:3030/" "Mozilla/5.0 (Windows NT 10.0; Win64; x64) AppleWebKit/537.36 (KHTML, like Gecko) Chrome/64.0.3282.186 Safari/537.36"
::1 - - [05/Mar/2018:18:32:49 +0000] "GET /lib/angular-ui-router/release/angular-ui-router.min.js HTTP/1.1" 304 - "http://localhost:3030/" "Mozilla/5.0 (Windows NT 10.0; Win64; x64) AppleWebKit/537.36 (KHTML, like Gecko) Chrome/64.0.3282.186 Safari/537.36"
::1 - - [05/Mar/2018:18:32:49 +0000] "GET /lib/angular-storage/dist/angular-storage.min.js HTTP/1.1" 304 - "http://localhost:3030/" "Mozilla/5.0 (Windows NT 10.0; Win64; x64) AppleWebKit/537.36 (KHTML, like Gecko) Chrome/64.0.3282.186 Safari/537.36"
::1 - - [05/Mar/2018:18:32:49 +0000] "GET /lib/angular-ui-notification/dist/angular-ui-notification.js HTTP/1.1" 304 - "http://localhost:3030/" "Mozilla/5.0 (Windows NT 10.0; Win64; x64) AppleWebKit/537.36 (KHTML, like Gecko) Chrome/64.0.3282.186 Safari/537.36"
::1 - - [05/Mar/2018:18:32:49 +0000] "GET /js/app.js HTTP/1.1" 304 - "http://localhost:3030/" "Mozilla/5.0 (Windows NT 10.0; Win64; x64) AppleWebKit/537.36 (KHTML, like Gecko) Chrome/64.0.3282.186 Safari/537.36"
::1 - - [05/Mar/2018:18:32:49 +0000] "GET /js/controllers/main-ctrl.js HTTP/1.1" 304 - "http://localhost:3030/" "Mozilla/5.0 (Windows NT 10.0; Win64; x64) AppleWebKit/537.36 (KHTML, like Gecko) Chrome/64.0.3282.186 Safari/537.36"
::1 - - [05/Mar/2018:18:32:49 +0000] "GET /js/controllers/register-ctrl.js HTTP/1.1" 304 - "http://localhost:3030/" "Mozilla/5.0 (Windows NT 10.0; Win64; x64) AppleWebKit/537.36 (KHTML, like Gecko) Chrome/64.0.3282.186 Safari/537.36"
::1 - - [05/Mar/2018:18:32:49 +0000] "GET /js/controllers/login-ctrl.js HTTP/1.1" 304 - "http://localhost:3030/" "Mozilla/5.0 (Windows NT 10.0; Win64; x64) AppleWebKit/537.36 (KHTML, like Gecko) Chrome/64.0.3282.186 Safari/537.36"
::1 - - [05/Mar/2018:18:32:49 +0000] "GET /js/controllers/home-ctrl.js HTTP/1.1" 304 - "http://localhost:3030/" "Mozilla/5.0 (Windows NT 10.0; Win64; x64) AppleWebKit/537.36 (KHTML, like Gecko) Chrome/64.0.3282.186 Safari/537.36"
::1 - - [05/Mar/2018:18:32:49 +0000] "GET /js/controllers/chat-ctrl.js HTTP/1.1" 304 - "http://localhost:3030/" "Mozilla/5.0 (Windows NT 10.0; Win64; x64) AppleWebKit/537.36 (KHTML, like Gecko) Chrome/64.0.3282.186 Safari/537.36"
::1 - - [05/Mar/2018:18:32:49 +0000] "GET /js/services/token-service.js HTTP/1.1" 304 - "http://localhost:3030/" "Mozilla/5.0 (Windows NT 10.0; Win64; x64) AppleWebKit/537.36 (KHTML, like Gecko) Chrome/64.0.3282.186 Safari/537.36"
::1 - - [05/Mar/2018:18:32:49 +0000] "GET /js/services/http-service.js HTTP/1.1" 304 - "http://localhost:3030/" "Mozilla/5.0 (Windows NT 10.0; Win64; x64) AppleWebKit/537.36 (KHTML, like Gecko) Chrome/64.0.3282.186 Safari/537.36"
::1 - - [05/Mar/2018:18:32:49 +0000] "GET /js/services/constant-service.js HTTP/1.1" 304 - "http://localhost:3030/" "Mozilla/5.0 (Windows NT 10.0; Win64; x64) AppleWebKit/537.36 (KHTML, like Gecko) Chrome/64.0.3282.186 Safari/537.36"
::1 - - [05/Mar/2018:18:32:49 +0000] "GET /js/services/api-interceptor-service.js HTTP/1.1" 304 - "http://localhost:3030/" "Mozilla/5.0 (Windows NT 10.0; Win64; x64) AppleWebKit/537.36 (KHTML, like Gecko) Chrome/64.0.3282.186 Safari/537.36"
::1 - - [05/Mar/2018:18:32:49 +0000] "GET /js/services/check-allowed-states-service.js HTTP/1.1" 304 - "http://localhost:3030/" "Mozilla/5.0 (Windows NT 10.0; Win64; x64) AppleWebKit/537.36 (KHTML, like Gecko) Chrome/64.0.3282.186 Safari/537.36"
::1 - - [05/Mar/2018:18:32:49 +0000] "GET /js/services/tabs-service.js HTTP/1.1" 304 - "http://localhost:3030/" "Mozilla/5.0 (Windows NT 10.0; Win64; x64) AppleWebKit/537.36 (KHTML, like Gecko) Chrome/64.0.3282.186 Safari/537.36"
::1 - - [05/Mar/2018:18:32:49 +0000] "GET /js/services/auth-service.js HTTP/1.1" 304 - "http://localhost:3030/" "Mozilla/5.0 (Windows NT 10.0; Win64; x64) AppleWebKit/537.36 (KHTML, like Gecko) Chrome/64.0.3282.186 Safari/537.36"
::1 - - [05/Mar/2018:18:32:49 +0000] "GET /js/filters/filter.js HTTP/1.1" 304 - "http://localhost:3030/" "Mozilla/5.0 (Windows NT 10.0; Win64; x64) AppleWebKit/537.36 (KHTML, like Gecko) Chrome/64.0.3282.186 Safari/537.36"
::1 - - [05/Mar/2018:18:32:50 +0000] "GET /templates/mainn.html HTTP/1.1" 304 - "http://localhost:3030/" "Mozilla/5.0 (Windows NT 10.0; Win64; x64) AppleWebKit/537.36 (KHTML, like Gecko) Chrome/64.0.3282.186 Safari/537.36"
::1 - - [05/Mar/2018:18:32:50 +0000] "GET /lib/angular/angular.min.js.map HTTP/1.1" 304 - "-" "Mozilla/5.0 (Windows NT 10.0; Win64; x64) AppleWebKit/537.36 (KHTML, like Gecko) Chrome/64.0.3282.186 Safari/537.36"
::1 - - [05/Mar/2018:18:32:50 +0000] "GET /lib/angular-ui-router/release/angular-ui-router.min.js.map HTTP/1.1" 304 - "-" "Mozilla/5.0 (Windows NT 10.0; Win64; x64) AppleWebKit/537.36 (KHTML, like Gecko) Chrome/64.0.3282.186 Safari/537.36"
::1 - - [05/Mar/2018:18:32:50 +0000] "GET /templates/chat.html HTTP/1.1" 200 606 "http://localhost:3030/" "Mozilla/5.0 (Windows NT 10.0; Win64; x64) AppleWebKit/537.36 (KHTML, like Gecko) Chrome/64.0.3282.186 Safari/537.36"
::1 - - [05/Mar/2018:18:33:28 +0000] "GET / HTTP/1.1" 304 - "http://localhost:3030/" "Mozilla/5.0 (Windows NT 10.0; Win64; x64) AppleWebKit/537.36 (KHTML, like Gecko) Chrome/64.0.3282.186 Safari/537.36"
::1 - - [05/Mar/2018:18:33:28 +0000] "GET /js/app.js HTTP/1.1" 304 - "http://localhost:3030/" "Mozilla/5.0 (Windows NT 10.0; Win64; x64) AppleWebKit/537.36 (KHTML, like Gecko) Chrome/64.0.3282.186 Safari/537.36"
::1 - - [05/Mar/2018:18:33:28 +0000] "GET /lib/angular-ui-notification/dist/angular-ui-notification.css HTTP/1.1" 304 - "http://localhost:3030/" "Mozilla/5.0 (Windows NT 10.0; Win64; x64) AppleWebKit/537.36 (KHTML, like Gecko) Chrome/64.0.3282.186 Safari/537.36"
::1 - - [05/Mar/2018:18:33:28 +0000] "GET /lib/angular/angular.min.js HTTP/1.1" 304 - "http://localhost:3030/" "Mozilla/5.0 (Windows NT 10.0; Win64; x64) AppleWebKit/537.36 (KHTML, like Gecko) Chrome/64.0.3282.186 Safari/537.36"
::1 - - [05/Mar/2018:18:33:28 +0000] "GET /lib/angular-ui-router/release/angular-ui-router.min.js HTTP/1.1" 304 - "http://localhost:3030/" "Mozilla/5.0 (Windows NT 10.0; Win64; x64) AppleWebKit/537.36 (KHTML, like Gecko) Chrome/64.0.3282.186 Safari/537.36"
::1 - - [05/Mar/2018:18:33:28 +0000] "GET /lib/angular-storage/dist/angular-storage.min.js HTTP/1.1" 304 - "http://localhost:3030/" "Mozilla/5.0 (Windows NT 10.0; Win64; x64) AppleWebKit/537.36 (KHTML, like Gecko) Chrome/64.0.3282.186 Safari/537.36"
::1 - - [05/Mar/2018:18:33:28 +0000] "GET /lib/angular-ui-notification/dist/angular-ui-notification.js HTTP/1.1" 304 - "http://localhost:3030/" "Mozilla/5.0 (Windows NT 10.0; Win64; x64) AppleWebKit/537.36 (KHTML, like Gecko) Chrome/64.0.3282.186 Safari/537.36"
::1 - - [05/Mar/2018:18:33:28 +0000] "GET /js/controllers/main-ctrl.js HTTP/1.1" 304 - "http://localhost:3030/" "Mozilla/5.0 (Windows NT 10.0; Win64; x64) AppleWebKit/537.36 (KHTML, like Gecko) Chrome/64.0.3282.186 Safari/537.36"
::1 - - [05/Mar/2018:18:33:28 +0000] "GET /js/controllers/register-ctrl.js HTTP/1.1" 304 - "http://localhost:3030/" "Mozilla/5.0 (Windows NT 10.0; Win64; x64) AppleWebKit/537.36 (KHTML, like Gecko) Chrome/64.0.3282.186 Safari/537.36"
::1 - - [05/Mar/2018:18:33:28 +0000] "GET /js/controllers/login-ctrl.js HTTP/1.1" 304 - "http://localhost:3030/" "Mozilla/5.0 (Windows NT 10.0; Win64; x64) AppleWebKit/537.36 (KHTML, like Gecko) Chrome/64.0.3282.186 Safari/537.36"
::1 - - [05/Mar/2018:18:33:28 +0000] "GET /js/controllers/home-ctrl.js HTTP/1.1" 304 - "http://localhost:3030/" "Mozilla/5.0 (Windows NT 10.0; Win64; x64) AppleWebKit/537.36 (KHTML, like Gecko) Chrome/64.0.3282.186 Safari/537.36"
::1 - - [05/Mar/2018:18:33:28 +0000] "GET /js/controllers/chat-ctrl.js HTTP/1.1" 304 - "http://localhost:3030/" "Mozilla/5.0 (Windows NT 10.0; Win64; x64) AppleWebKit/537.36 (KHTML, like Gecko) Chrome/64.0.3282.186 Safari/537.36"
::1 - - [05/Mar/2018:18:33:28 +0000] "GET /js/services/token-service.js HTTP/1.1" 304 - "http://localhost:3030/" "Mozilla/5.0 (Windows NT 10.0; Win64; x64) AppleWebKit/537.36 (KHTML, like Gecko) Chrome/64.0.3282.186 Safari/537.36"
::1 - - [05/Mar/2018:18:33:28 +0000] "GET /js/services/constant-service.js HTTP/1.1" 304 - "http://localhost:3030/" "Mozilla/5.0 (Windows NT 10.0; Win64; x64) AppleWebKit/537.36 (KHTML, like Gecko) Chrome/64.0.3282.186 Safari/537.36"
::1 - - [05/Mar/2018:18:33:28 +0000] "GET /js/services/http-service.js HTTP/1.1" 304 - "http://localhost:3030/" "Mozilla/5.0 (Windows NT 10.0; Win64; x64) AppleWebKit/537.36 (KHTML, like Gecko) Chrome/64.0.3282.186 Safari/537.36"
::1 - - [05/Mar/2018:18:33:28 +0000] "GET /js/services/api-interceptor-service.js HTTP/1.1" 304 - "http://localhost:3030/" "Mozilla/5.0 (Windows NT 10.0; Win64; x64) AppleWebKit/537.36 (KHTML, like Gecko) Chrome/64.0.3282.186 Safari/537.36"
::1 - - [05/Mar/2018:18:33:28 +0000] "GET /js/services/check-allowed-states-service.js HTTP/1.1" 304 - "http://localhost:3030/" "Mozilla/5.0 (Windows NT 10.0; Win64; x64) AppleWebKit/537.36 (KHTML, like Gecko) Chrome/64.0.3282.186 Safari/537.36"
::1 - - [05/Mar/2018:18:33:28 +0000] "GET /js/services/tabs-service.js HTTP/1.1" 304 - "http://localhost:3030/" "Mozilla/5.0 (Windows NT 10.0; Win64; x64) AppleWebKit/537.36 (KHTML, like Gecko) Chrome/64.0.3282.186 Safari/537.36"
::1 - - [05/Mar/2018:18:33:28 +0000] "GET /js/services/auth-service.js HTTP/1.1" 304 - "http://localhost:3030/" "Mozilla/5.0 (Windows NT 10.0; Win64; x64) AppleWebKit/537.36 (KHTML, like Gecko) Chrome/64.0.3282.186 Safari/537.36"
::1 - - [05/Mar/2018:18:33:28 +0000] "GET /js/filters/filter.js HTTP/1.1" 304 - "http://localhost:3030/" "Mozilla/5.0 (Windows NT 10.0; Win64; x64) AppleWebKit/537.36 (KHTML, like Gecko) Chrome/64.0.3282.186 Safari/537.36"
::1 - - [05/Mar/2018:18:33:28 +0000] "GET /templates/mainn.html HTTP/1.1" 304 - "http://localhost:3030/" "Mozilla/5.0 (Windows NT 10.0; Win64; x64) AppleWebKit/537.36 (KHTML, like Gecko) Chrome/64.0.3282.186 Safari/537.36"
::1 - - [05/Mar/2018:18:33:28 +0000] "GET /lib/angular/angular.min.js.map HTTP/1.1" 304 - "-" "Mozilla/5.0 (Windows NT 10.0; Win64; x64) AppleWebKit/537.36 (KHTML, like Gecko) Chrome/64.0.3282.186 Safari/537.36"
::1 - - [05/Mar/2018:18:33:28 +0000] "GET /lib/angular-ui-router/release/angular-ui-router.min.js.map HTTP/1.1" 304 - "-" "Mozilla/5.0 (Windows NT 10.0; Win64; x64) AppleWebKit/537.36 (KHTML, like Gecko) Chrome/64.0.3282.186 Safari/537.36"
::1 - - [05/Mar/2018:18:33:29 +0000] "GET /templates/chat.html HTTP/1.1" 200 612 "http://localhost:3030/" "Mozilla/5.0 (Windows NT 10.0; Win64; x64) AppleWebKit/537.36 (KHTML, like Gecko) Chrome/64.0.3282.186 Safari/537.36"
::1 - - [05/Mar/2018:18:33:38 +0000] "GET / HTTP/1.1" 304 - "http://localhost:3030/" "Mozilla/5.0 (Windows NT 10.0; Win64; x64) AppleWebKit/537.36 (KHTML, like Gecko) Chrome/64.0.3282.186 Safari/537.36"
::1 - - [05/Mar/2018:18:33:38 +0000] "GET /js/app.js HTTP/1.1" 304 - "http://localhost:3030/" "Mozilla/5.0 (Windows NT 10.0; Win64; x64) AppleWebKit/537.36 (KHTML, like Gecko) Chrome/64.0.3282.186 Safari/537.36"
::1 - - [05/Mar/2018:18:33:38 +0000] "GET /lib/angular-ui-notification/dist/angular-ui-notification.css HTTP/1.1" 304 - "http://localhost:3030/" "Mozilla/5.0 (Windows NT 10.0; Win64; x64) AppleWebKit/537.36 (KHTML, like Gecko) Chrome/64.0.3282.186 Safari/537.36"
::1 - - [05/Mar/2018:18:33:38 +0000] "GET /lib/angular/angular.min.js HTTP/1.1" 304 - "http://localhost:3030/" "Mozilla/5.0 (Windows NT 10.0; Win64; x64) AppleWebKit/537.36 (KHTML, like Gecko) Chrome/64.0.3282.186 Safari/537.36"
::1 - - [05/Mar/2018:18:33:38 +0000] "GET /lib/angular-ui-router/release/angular-ui-router.min.js HTTP/1.1" 304 - "http://localhost:3030/" "Mozilla/5.0 (Windows NT 10.0; Win64; x64) AppleWebKit/537.36 (KHTML, like Gecko) Chrome/64.0.3282.186 Safari/537.36"
::1 - - [05/Mar/2018:18:33:38 +0000] "GET /lib/angular-storage/dist/angular-storage.min.js HTTP/1.1" 304 - "http://localhost:3030/" "Mozilla/5.0 (Windows NT 10.0; Win64; x64) AppleWebKit/537.36 (KHTML, like Gecko) Chrome/64.0.3282.186 Safari/537.36"
::1 - - [05/Mar/2018:18:33:38 +0000] "GET /lib/angular-ui-notification/dist/angular-ui-notification.js HTTP/1.1" 304 - "http://localhost:3030/" "Mozilla/5.0 (Windows NT 10.0; Win64; x64) AppleWebKit/537.36 (KHTML, like Gecko) Chrome/64.0.3282.186 Safari/537.36"
::1 - - [05/Mar/2018:18:33:38 +0000] "GET /js/controllers/main-ctrl.js HTTP/1.1" 304 - "http://localhost:3030/" "Mozilla/5.0 (Windows NT 10.0; Win64; x64) AppleWebKit/537.36 (KHTML, like Gecko) Chrome/64.0.3282.186 Safari/537.36"
::1 - - [05/Mar/2018:18:33:38 +0000] "GET /js/controllers/register-ctrl.js HTTP/1.1" 304 - "http://localhost:3030/" "Mozilla/5.0 (Windows NT 10.0; Win64; x64) AppleWebKit/537.36 (KHTML, like Gecko) Chrome/64.0.3282.186 Safari/537.36"
::1 - - [05/Mar/2018:18:33:38 +0000] "GET /js/controllers/login-ctrl.js HTTP/1.1" 304 - "http://localhost:3030/" "Mozilla/5.0 (Windows NT 10.0; Win64; x64) AppleWebKit/537.36 (KHTML, like Gecko) Chrome/64.0.3282.186 Safari/537.36"
::1 - - [05/Mar/2018:18:33:38 +0000] "GET /js/controllers/home-ctrl.js HTTP/1.1" 304 - "http://localhost:3030/" "Mozilla/5.0 (Windows NT 10.0; Win64; x64) AppleWebKit/537.36 (KHTML, like Gecko) Chrome/64.0.3282.186 Safari/537.36"
::1 - - [05/Mar/2018:18:33:38 +0000] "GET /js/controllers/chat-ctrl.js HTTP/1.1" 304 - "http://localhost:3030/" "Mozilla/5.0 (Windows NT 10.0; Win64; x64) AppleWebKit/537.36 (KHTML, like Gecko) Chrome/64.0.3282.186 Safari/537.36"
::1 - - [05/Mar/2018:18:33:38 +0000] "GET /js/services/http-service.js HTTP/1.1" 304 - "http://localhost:3030/" "Mozilla/5.0 (Windows NT 10.0; Win64; x64) AppleWebKit/537.36 (KHTML, like Gecko) Chrome/64.0.3282.186 Safari/537.36"
::1 - - [05/Mar/2018:18:33:38 +0000] "GET /js/services/token-service.js HTTP/1.1" 304 - "http://localhost:3030/" "Mozilla/5.0 (Windows NT 10.0; Win64; x64) AppleWebKit/537.36 (KHTML, like Gecko) Chrome/64.0.3282.186 Safari/537.36"
::1 - - [05/Mar/2018:18:33:38 +0000] "GET /js/services/constant-service.js HTTP/1.1" 304 - "http://localhost:3030/" "Mozilla/5.0 (Windows NT 10.0; Win64; x64) AppleWebKit/537.36 (KHTML, like Gecko) Chrome/64.0.3282.186 Safari/537.36"
::1 - - [05/Mar/2018:18:33:38 +0000] "GET /js/services/api-interceptor-service.js HTTP/1.1" 304 - "http://localhost:3030/" "Mozilla/5.0 (Windows NT 10.0; Win64; x64) AppleWebKit/537.36 (KHTML, like Gecko) Chrome/64.0.3282.186 Safari/537.36"
::1 - - [05/Mar/2018:18:33:38 +0000] "GET /js/services/check-allowed-states-service.js HTTP/1.1" 304 - "http://localhost:3030/" "Mozilla/5.0 (Windows NT 10.0; Win64; x64) AppleWebKit/537.36 (KHTML, like Gecko) Chrome/64.0.3282.186 Safari/537.36"
::1 - - [05/Mar/2018:18:33:38 +0000] "GET /js/services/tabs-service.js HTTP/1.1" 304 - "http://localhost:3030/" "Mozilla/5.0 (Windows NT 10.0; Win64; x64) AppleWebKit/537.36 (KHTML, like Gecko) Chrome/64.0.3282.186 Safari/537.36"
::1 - - [05/Mar/2018:18:33:38 +0000] "GET /js/services/auth-service.js HTTP/1.1" 304 - "http://localhost:3030/" "Mozilla/5.0 (Windows NT 10.0; Win64; x64) AppleWebKit/537.36 (KHTML, like Gecko) Chrome/64.0.3282.186 Safari/537.36"
::1 - - [05/Mar/2018:18:33:38 +0000] "GET /js/filters/filter.js HTTP/1.1" 304 - "http://localhost:3030/" "Mozilla/5.0 (Windows NT 10.0; Win64; x64) AppleWebKit/537.36 (KHTML, like Gecko) Chrome/64.0.3282.186 Safari/537.36"
::1 - - [05/Mar/2018:18:33:38 +0000] "GET /templates/mainn.html HTTP/1.1" 304 - "http://localhost:3030/" "Mozilla/5.0 (Windows NT 10.0; Win64; x64) AppleWebKit/537.36 (KHTML, like Gecko) Chrome/64.0.3282.186 Safari/537.36"
::1 - - [05/Mar/2018:18:33:38 +0000] "GET /lib/angular/angular.min.js.map HTTP/1.1" 304 - "-" "Mozilla/5.0 (Windows NT 10.0; Win64; x64) AppleWebKit/537.36 (KHTML, like Gecko) Chrome/64.0.3282.186 Safari/537.36"
::1 - - [05/Mar/2018:18:33:38 +0000] "GET /lib/angular-ui-router/release/angular-ui-router.min.js.map HTTP/1.1" 304 - "-" "Mozilla/5.0 (Windows NT 10.0; Win64; x64) AppleWebKit/537.36 (KHTML, like Gecko) Chrome/64.0.3282.186 Safari/537.36"
::1 - - [05/Mar/2018:18:33:38 +0000] "GET /templates/chat.html HTTP/1.1" 304 - "http://localhost:3030/" "Mozilla/5.0 (Windows NT 10.0; Win64; x64) AppleWebKit/537.36 (KHTML, like Gecko) Chrome/64.0.3282.186 Safari/537.36"
::1 - - [05/Mar/2018:18:33:40 +0000] "GET / HTTP/1.1" 304 - "http://localhost:3030/" "Mozilla/5.0 (Windows NT 10.0; Win64; x64) AppleWebKit/537.36 (KHTML, like Gecko) Chrome/64.0.3282.186 Safari/537.36"
::1 - - [05/Mar/2018:18:33:40 +0000] "GET /js/app.js HTTP/1.1" 304 - "http://localhost:3030/" "Mozilla/5.0 (Windows NT 10.0; Win64; x64) AppleWebKit/537.36 (KHTML, like Gecko) Chrome/64.0.3282.186 Safari/537.36"
::1 - - [05/Mar/2018:18:33:40 +0000] "GET /lib/angular-ui-notification/dist/angular-ui-notification.css HTTP/1.1" 304 - "http://localhost:3030/" "Mozilla/5.0 (Windows NT 10.0; Win64; x64) AppleWebKit/537.36 (KHTML, like Gecko) Chrome/64.0.3282.186 Safari/537.36"
::1 - - [05/Mar/2018:18:33:40 +0000] "GET /lib/angular/angular.min.js HTTP/1.1" 304 - "http://localhost:3030/" "Mozilla/5.0 (Windows NT 10.0; Win64; x64) AppleWebKit/537.36 (KHTML, like Gecko) Chrome/64.0.3282.186 Safari/537.36"
::1 - - [05/Mar/2018:18:33:40 +0000] "GET /lib/angular-ui-router/release/angular-ui-router.min.js HTTP/1.1" 304 - "http://localhost:3030/" "Mozilla/5.0 (Windows NT 10.0; Win64; x64) AppleWebKit/537.36 (KHTML, like Gecko) Chrome/64.0.3282.186 Safari/537.36"
::1 - - [05/Mar/2018:18:33:40 +0000] "GET /lib/angular-storage/dist/angular-storage.min.js HTTP/1.1" 304 - "http://localhost:3030/" "Mozilla/5.0 (Windows NT 10.0; Win64; x64) AppleWebKit/537.36 (KHTML, like Gecko) Chrome/64.0.3282.186 Safari/537.36"
::1 - - [05/Mar/2018:18:33:40 +0000] "GET /lib/angular-ui-notification/dist/angular-ui-notification.js HTTP/1.1" 304 - "http://localhost:3030/" "Mozilla/5.0 (Windows NT 10.0; Win64; x64) AppleWebKit/537.36 (KHTML, like Gecko) Chrome/64.0.3282.186 Safari/537.36"
::1 - - [05/Mar/2018:18:33:40 +0000] "GET /js/controllers/main-ctrl.js HTTP/1.1" 304 - "http://localhost:3030/" "Mozilla/5.0 (Windows NT 10.0; Win64; x64) AppleWebKit/537.36 (KHTML, like Gecko) Chrome/64.0.3282.186 Safari/537.36"
::1 - - [05/Mar/2018:18:33:40 +0000] "GET /js/controllers/register-ctrl.js HTTP/1.1" 304 - "http://localhost:3030/" "Mozilla/5.0 (Windows NT 10.0; Win64; x64) AppleWebKit/537.36 (KHTML, like Gecko) Chrome/64.0.3282.186 Safari/537.36"
::1 - - [05/Mar/2018:18:33:40 +0000] "GET /js/controllers/login-ctrl.js HTTP/1.1" 304 - "http://localhost:3030/" "Mozilla/5.0 (Windows NT 10.0; Win64; x64) AppleWebKit/537.36 (KHTML, like Gecko) Chrome/64.0.3282.186 Safari/537.36"
::1 - - [05/Mar/2018:18:33:40 +0000] "GET /js/controllers/home-ctrl.js HTTP/1.1" 304 - "http://localhost:3030/" "Mozilla/5.0 (Windows NT 10.0; Win64; x64) AppleWebKit/537.36 (KHTML, like Gecko) Chrome/64.0.3282.186 Safari/537.36"
::1 - - [05/Mar/2018:18:33:40 +0000] "GET /js/services/token-service.js HTTP/1.1" 304 - "http://localhost:3030/" "Mozilla/5.0 (Windows NT 10.0; Win64; x64) AppleWebKit/537.36 (KHTML, like Gecko) Chrome/64.0.3282.186 Safari/537.36"
::1 - - [05/Mar/2018:18:33:40 +0000] "GET /js/controllers/chat-ctrl.js HTTP/1.1" 304 - "http://localhost:3030/" "Mozilla/5.0 (Windows NT 10.0; Win64; x64) AppleWebKit/537.36 (KHTML, like Gecko) Chrome/64.0.3282.186 Safari/537.36"
::1 - - [05/Mar/2018:18:33:40 +0000] "GET /js/services/http-service.js HTTP/1.1" 304 - "http://localhost:3030/" "Mozilla/5.0 (Windows NT 10.0; Win64; x64) AppleWebKit/537.36 (KHTML, like Gecko) Chrome/64.0.3282.186 Safari/537.36"
::1 - - [05/Mar/2018:18:33:40 +0000] "GET /js/services/constant-service.js HTTP/1.1" 304 - "http://localhost:3030/" "Mozilla/5.0 (Windows NT 10.0; Win64; x64) AppleWebKit/537.36 (KHTML, like Gecko) Chrome/64.0.3282.186 Safari/537.36"
::1 - - [05/Mar/2018:18:33:40 +0000] "GET /js/services/api-interceptor-service.js HTTP/1.1" 304 - "http://localhost:3030/" "Mozilla/5.0 (Windows NT 10.0; Win64; x64) AppleWebKit/537.36 (KHTML, like Gecko) Chrome/64.0.3282.186 Safari/537.36"
::1 - - [05/Mar/2018:18:33:40 +0000] "GET /js/services/check-allowed-states-service.js HTTP/1.1" 304 - "http://localhost:3030/" "Mozilla/5.0 (Windows NT 10.0; Win64; x64) AppleWebKit/537.36 (KHTML, like Gecko) Chrome/64.0.3282.186 Safari/537.36"
::1 - - [05/Mar/2018:18:33:40 +0000] "GET /js/services/tabs-service.js HTTP/1.1" 304 - "http://localhost:3030/" "Mozilla/5.0 (Windows NT 10.0; Win64; x64) AppleWebKit/537.36 (KHTML, like Gecko) Chrome/64.0.3282.186 Safari/537.36"
::1 - - [05/Mar/2018:18:33:40 +0000] "GET /js/services/auth-service.js HTTP/1.1" 304 - "http://localhost:3030/" "Mozilla/5.0 (Windows NT 10.0; Win64; x64) AppleWebKit/537.36 (KHTML, like Gecko) Chrome/64.0.3282.186 Safari/537.36"
::1 - - [05/Mar/2018:18:33:40 +0000] "GET /js/filters/filter.js HTTP/1.1" 304 - "http://localhost:3030/" "Mozilla/5.0 (Windows NT 10.0; Win64; x64) AppleWebKit/537.36 (KHTML, like Gecko) Chrome/64.0.3282.186 Safari/537.36"
::1 - - [05/Mar/2018:18:33:40 +0000] "GET /templates/mainn.html HTTP/1.1" 304 - "http://localhost:3030/" "Mozilla/5.0 (Windows NT 10.0; Win64; x64) AppleWebKit/537.36 (KHTML, like Gecko) Chrome/64.0.3282.186 Safari/537.36"
::1 - - [05/Mar/2018:18:33:40 +0000] "GET /lib/angular/angular.min.js.map HTTP/1.1" 304 - "-" "Mozilla/5.0 (Windows NT 10.0; Win64; x64) AppleWebKit/537.36 (KHTML, like Gecko) Chrome/64.0.3282.186 Safari/537.36"
::1 - - [05/Mar/2018:18:33:40 +0000] "GET /lib/angular-ui-router/release/angular-ui-router.min.js.map HTTP/1.1" 304 - "-" "Mozilla/5.0 (Windows NT 10.0; Win64; x64) AppleWebKit/537.36 (KHTML, like Gecko) Chrome/64.0.3282.186 Safari/537.36"
::1 - - [05/Mar/2018:18:33:40 +0000] "GET /templates/chat.html HTTP/1.1" 304 - "http://localhost:3030/" "Mozilla/5.0 (Windows NT 10.0; Win64; x64) AppleWebKit/537.36 (KHTML, like Gecko) Chrome/64.0.3282.186 Safari/537.36"
::1 - - [05/Mar/2018:18:33:58 +0000] "GET / HTTP/1.1" 304 - "http://localhost:3030/" "Mozilla/5.0 (Windows NT 10.0; Win64; x64) AppleWebKit/537.36 (KHTML, like Gecko) Chrome/64.0.3282.186 Safari/537.36"
::1 - - [05/Mar/2018:18:33:58 +0000] "GET /js/app.js HTTP/1.1" 304 - "http://localhost:3030/" "Mozilla/5.0 (Windows NT 10.0; Win64; x64) AppleWebKit/537.36 (KHTML, like Gecko) Chrome/64.0.3282.186 Safari/537.36"
::1 - - [05/Mar/2018:18:33:58 +0000] "GET /lib/angular-ui-notification/dist/angular-ui-notification.css HTTP/1.1" 304 - "http://localhost:3030/" "Mozilla/5.0 (Windows NT 10.0; Win64; x64) AppleWebKit/537.36 (KHTML, like Gecko) Chrome/64.0.3282.186 Safari/537.36"
::ffff:127.0.0.1 - - [05/Mar/2018:18:33:58 +0000] "GET /lib/angular/angular.min.js HTTP/1.1" 304 - "http://localhost:3030/" "Mozilla/5.0 (Windows NT 10.0; Win64; x64) AppleWebKit/537.36 (KHTML, like Gecko) Chrome/64.0.3282.186 Safari/537.36"
::1 - - [05/Mar/2018:18:33:58 +0000] "GET /lib/angular-ui-router/release/angular-ui-router.min.js HTTP/1.1" 304 - "http://localhost:3030/" "Mozilla/5.0 (Windows NT 10.0; Win64; x64) AppleWebKit/537.36 (KHTML, like Gecko) Chrome/64.0.3282.186 Safari/537.36"
::1 - - [05/Mar/2018:18:33:58 +0000] "GET /lib/angular-ui-notification/dist/angular-ui-notification.js HTTP/1.1" 304 - "http://localhost:3030/" "Mozilla/5.0 (Windows NT 10.0; Win64; x64) AppleWebKit/537.36 (KHTML, like Gecko) Chrome/64.0.3282.186 Safari/537.36"
::1 - - [05/Mar/2018:18:33:58 +0000] "GET /js/controllers/main-ctrl.js HTTP/1.1" 304 - "http://localhost:3030/" "Mozilla/5.0 (Windows NT 10.0; Win64; x64) AppleWebKit/537.36 (KHTML, like Gecko) Chrome/64.0.3282.186 Safari/537.36"
::1 - - [05/Mar/2018:18:33:58 +0000] "GET /js/controllers/register-ctrl.js HTTP/1.1" 304 - "http://localhost:3030/" "Mozilla/5.0 (Windows NT 10.0; Win64; x64) AppleWebKit/537.36 (KHTML, like Gecko) Chrome/64.0.3282.186 Safari/537.36"
::ffff:127.0.0.1 - - [05/Mar/2018:18:33:58 +0000] "GET /js/controllers/login-ctrl.js HTTP/1.1" 304 - "http://localhost:3030/" "Mozilla/5.0 (Windows NT 10.0; Win64; x64) AppleWebKit/537.36 (KHTML, like Gecko) Chrome/64.0.3282.186 Safari/537.36"
::1 - - [05/Mar/2018:18:33:58 +0000] "GET /js/controllers/home-ctrl.js HTTP/1.1" 304 - "http://localhost:3030/" "Mozilla/5.0 (Windows NT 10.0; Win64; x64) AppleWebKit/537.36 (KHTML, like Gecko) Chrome/64.0.3282.186 Safari/537.36"
::1 - - [05/Mar/2018:18:33:58 +0000] "GET /js/services/token-service.js HTTP/1.1" 304 - "http://localhost:3030/" "Mozilla/5.0 (Windows NT 10.0; Win64; x64) AppleWebKit/537.36 (KHTML, like Gecko) Chrome/64.0.3282.186 Safari/537.36"
::1 - - [05/Mar/2018:18:33:58 +0000] "GET /js/services/http-service.js HTTP/1.1" 304 - "http://localhost:3030/" "Mozilla/5.0 (Windows NT 10.0; Win64; x64) AppleWebKit/537.36 (KHTML, like Gecko) Chrome/64.0.3282.186 Safari/537.36"
::1 - - [05/Mar/2018:18:33:58 +0000] "GET /lib/angular-storage/dist/angular-storage.min.js HTTP/1.1" 304 - "http://localhost:3030/" "Mozilla/5.0 (Windows NT 10.0; Win64; x64) AppleWebKit/537.36 (KHTML, like Gecko) Chrome/64.0.3282.186 Safari/537.36"
::1 - - [05/Mar/2018:18:33:58 +0000] "GET /js/controllers/chat-ctrl.js HTTP/1.1" 200 458 "http://localhost:3030/" "Mozilla/5.0 (Windows NT 10.0; Win64; x64) AppleWebKit/537.36 (KHTML, like Gecko) Chrome/64.0.3282.186 Safari/537.36"
::ffff:127.0.0.1 - - [05/Mar/2018:18:33:58 +0000] "GET /js/services/constant-service.js HTTP/1.1" 304 - "http://localhost:3030/" "Mozilla/5.0 (Windows NT 10.0; Win64; x64) AppleWebKit/537.36 (KHTML, like Gecko) Chrome/64.0.3282.186 Safari/537.36"
::1 - - [05/Mar/2018:18:33:58 +0000] "GET /js/services/api-interceptor-service.js HTTP/1.1" 304 - "http://localhost:3030/" "Mozilla/5.0 (Windows NT 10.0; Win64; x64) AppleWebKit/537.36 (KHTML, like Gecko) Chrome/64.0.3282.186 Safari/537.36"
::1 - - [05/Mar/2018:18:33:58 +0000] "GET /js/services/check-allowed-states-service.js HTTP/1.1" 304 - "http://localhost:3030/" "Mozilla/5.0 (Windows NT 10.0; Win64; x64) AppleWebKit/537.36 (KHTML, like Gecko) Chrome/64.0.3282.186 Safari/537.36"
::1 - - [05/Mar/2018:18:33:58 +0000] "GET /js/services/tabs-service.js HTTP/1.1" 304 - "http://localhost:3030/" "Mozilla/5.0 (Windows NT 10.0; Win64; x64) AppleWebKit/537.36 (KHTML, like Gecko) Chrome/64.0.3282.186 Safari/537.36"
::1 - - [05/Mar/2018:18:33:58 +0000] "GET /js/services/auth-service.js HTTP/1.1" 304 - "http://localhost:3030/" "Mozilla/5.0 (Windows NT 10.0; Win64; x64) AppleWebKit/537.36 (KHTML, like Gecko) Chrome/64.0.3282.186 Safari/537.36"
::1 - - [05/Mar/2018:18:33:58 +0000] "GET /js/filters/filter.js HTTP/1.1" 304 - "http://localhost:3030/" "Mozilla/5.0 (Windows NT 10.0; Win64; x64) AppleWebKit/537.36 (KHTML, like Gecko) Chrome/64.0.3282.186 Safari/537.36"
::1 - - [05/Mar/2018:18:33:58 +0000] "GET /templates/mainn.html HTTP/1.1" 304 - "http://localhost:3030/" "Mozilla/5.0 (Windows NT 10.0; Win64; x64) AppleWebKit/537.36 (KHTML, like Gecko) Chrome/64.0.3282.186 Safari/537.36"
::1 - - [05/Mar/2018:18:33:58 +0000] "GET /lib/angular/angular.min.js.map HTTP/1.1" 304 - "-" "Mozilla/5.0 (Windows NT 10.0; Win64; x64) AppleWebKit/537.36 (KHTML, like Gecko) Chrome/64.0.3282.186 Safari/537.36"
::1 - - [05/Mar/2018:18:33:58 +0000] "GET /lib/angular-ui-router/release/angular-ui-router.min.js.map HTTP/1.1" 304 - "-" "Mozilla/5.0 (Windows NT 10.0; Win64; x64) AppleWebKit/537.36 (KHTML, like Gecko) Chrome/64.0.3282.186 Safari/537.36"
::1 - - [05/Mar/2018:18:33:59 +0000] "GET /templates/chat.html HTTP/1.1" 304 - "http://localhost:3030/" "Mozilla/5.0 (Windows NT 10.0; Win64; x64) AppleWebKit/537.36 (KHTML, like Gecko) Chrome/64.0.3282.186 Safari/537.36"
::1 - - [05/Mar/2018:18:34:16 +0000] "GET / HTTP/1.1" 304 - "http://localhost:3030/" "Mozilla/5.0 (Windows NT 10.0; Win64; x64) AppleWebKit/537.36 (KHTML, like Gecko) Chrome/64.0.3282.186 Safari/537.36"
::1 - - [05/Mar/2018:18:34:16 +0000] "GET /js/app.js HTTP/1.1" 304 - "http://localhost:3030/" "Mozilla/5.0 (Windows NT 10.0; Win64; x64) AppleWebKit/537.36 (KHTML, like Gecko) Chrome/64.0.3282.186 Safari/537.36"
::1 - - [05/Mar/2018:18:34:16 +0000] "GET /lib/angular-ui-notification/dist/angular-ui-notification.css HTTP/1.1" 304 - "http://localhost:3030/" "Mozilla/5.0 (Windows NT 10.0; Win64; x64) AppleWebKit/537.36 (KHTML, like Gecko) Chrome/64.0.3282.186 Safari/537.36"
::1 - - [05/Mar/2018:18:34:16 +0000] "GET /lib/angular/angular.min.js HTTP/1.1" 304 - "http://localhost:3030/" "Mozilla/5.0 (Windows NT 10.0; Win64; x64) AppleWebKit/537.36 (KHTML, like Gecko) Chrome/64.0.3282.186 Safari/537.36"
::1 - - [05/Mar/2018:18:34:16 +0000] "GET /lib/angular-ui-router/release/angular-ui-router.min.js HTTP/1.1" 304 - "http://localhost:3030/" "Mozilla/5.0 (Windows NT 10.0; Win64; x64) AppleWebKit/537.36 (KHTML, like Gecko) Chrome/64.0.3282.186 Safari/537.36"
::1 - - [05/Mar/2018:18:34:16 +0000] "GET /lib/angular-storage/dist/angular-storage.min.js HTTP/1.1" 304 - "http://localhost:3030/" "Mozilla/5.0 (Windows NT 10.0; Win64; x64) AppleWebKit/537.36 (KHTML, like Gecko) Chrome/64.0.3282.186 Safari/537.36"
::1 - - [05/Mar/2018:18:34:16 +0000] "GET /lib/angular-ui-notification/dist/angular-ui-notification.js HTTP/1.1" 304 - "http://localhost:3030/" "Mozilla/5.0 (Windows NT 10.0; Win64; x64) AppleWebKit/537.36 (KHTML, like Gecko) Chrome/64.0.3282.186 Safari/537.36"
::1 - - [05/Mar/2018:18:34:16 +0000] "GET /js/controllers/main-ctrl.js HTTP/1.1" 304 - "http://localhost:3030/" "Mozilla/5.0 (Windows NT 10.0; Win64; x64) AppleWebKit/537.36 (KHTML, like Gecko) Chrome/64.0.3282.186 Safari/537.36"
::1 - - [05/Mar/2018:18:34:16 +0000] "GET /js/controllers/register-ctrl.js HTTP/1.1" 304 - "http://localhost:3030/" "Mozilla/5.0 (Windows NT 10.0; Win64; x64) AppleWebKit/537.36 (KHTML, like Gecko) Chrome/64.0.3282.186 Safari/537.36"
::1 - - [05/Mar/2018:18:34:16 +0000] "GET /js/controllers/login-ctrl.js HTTP/1.1" 304 - "http://localhost:3030/" "Mozilla/5.0 (Windows NT 10.0; Win64; x64) AppleWebKit/537.36 (KHTML, like Gecko) Chrome/64.0.3282.186 Safari/537.36"
::1 - - [05/Mar/2018:18:34:16 +0000] "GET /js/controllers/home-ctrl.js HTTP/1.1" 304 - "http://localhost:3030/" "Mozilla/5.0 (Windows NT 10.0; Win64; x64) AppleWebKit/537.36 (KHTML, like Gecko) Chrome/64.0.3282.186 Safari/537.36"
::1 - - [05/Mar/2018:18:34:16 +0000] "GET /js/controllers/chat-ctrl.js HTTP/1.1" 304 - "http://localhost:3030/" "Mozilla/5.0 (Windows NT 10.0; Win64; x64) AppleWebKit/537.36 (KHTML, like Gecko) Chrome/64.0.3282.186 Safari/537.36"
::1 - - [05/Mar/2018:18:34:16 +0000] "GET /js/services/token-service.js HTTP/1.1" 304 - "http://localhost:3030/" "Mozilla/5.0 (Windows NT 10.0; Win64; x64) AppleWebKit/537.36 (KHTML, like Gecko) Chrome/64.0.3282.186 Safari/537.36"
::1 - - [05/Mar/2018:18:34:16 +0000] "GET /js/services/http-service.js HTTP/1.1" 304 - "http://localhost:3030/" "Mozilla/5.0 (Windows NT 10.0; Win64; x64) AppleWebKit/537.36 (KHTML, like Gecko) Chrome/64.0.3282.186 Safari/537.36"
::1 - - [05/Mar/2018:18:34:16 +0000] "GET /js/services/constant-service.js HTTP/1.1" 304 - "http://localhost:3030/" "Mozilla/5.0 (Windows NT 10.0; Win64; x64) AppleWebKit/537.36 (KHTML, like Gecko) Chrome/64.0.3282.186 Safari/537.36"
::1 - - [05/Mar/2018:18:34:16 +0000] "GET /js/services/api-interceptor-service.js HTTP/1.1" 304 - "http://localhost:3030/" "Mozilla/5.0 (Windows NT 10.0; Win64; x64) AppleWebKit/537.36 (KHTML, like Gecko) Chrome/64.0.3282.186 Safari/537.36"
::1 - - [05/Mar/2018:18:34:16 +0000] "GET /js/services/check-allowed-states-service.js HTTP/1.1" 304 - "http://localhost:3030/" "Mozilla/5.0 (Windows NT 10.0; Win64; x64) AppleWebKit/537.36 (KHTML, like Gecko) Chrome/64.0.3282.186 Safari/537.36"
::1 - - [05/Mar/2018:18:34:16 +0000] "GET /js/services/tabs-service.js HTTP/1.1" 304 - "http://localhost:3030/" "Mozilla/5.0 (Windows NT 10.0; Win64; x64) AppleWebKit/537.36 (KHTML, like Gecko) Chrome/64.0.3282.186 Safari/537.36"
::1 - - [05/Mar/2018:18:34:16 +0000] "GET /js/services/auth-service.js HTTP/1.1" 304 - "http://localhost:3030/" "Mozilla/5.0 (Windows NT 10.0; Win64; x64) AppleWebKit/537.36 (KHTML, like Gecko) Chrome/64.0.3282.186 Safari/537.36"
::1 - - [05/Mar/2018:18:34:16 +0000] "GET /js/filters/filter.js HTTP/1.1" 304 - "http://localhost:3030/" "Mozilla/5.0 (Windows NT 10.0; Win64; x64) AppleWebKit/537.36 (KHTML, like Gecko) Chrome/64.0.3282.186 Safari/537.36"
::1 - - [05/Mar/2018:18:34:16 +0000] "GET /templates/mainn.html HTTP/1.1" 304 - "http://localhost:3030/" "Mozilla/5.0 (Windows NT 10.0; Win64; x64) AppleWebKit/537.36 (KHTML, like Gecko) Chrome/64.0.3282.186 Safari/537.36"
::1 - - [05/Mar/2018:18:34:16 +0000] "GET /lib/angular/angular.min.js.map HTTP/1.1" 304 - "-" "Mozilla/5.0 (Windows NT 10.0; Win64; x64) AppleWebKit/537.36 (KHTML, like Gecko) Chrome/64.0.3282.186 Safari/537.36"
::1 - - [05/Mar/2018:18:34:16 +0000] "GET /lib/angular-ui-router/release/angular-ui-router.min.js.map HTTP/1.1" 304 - "-" "Mozilla/5.0 (Windows NT 10.0; Win64; x64) AppleWebKit/537.36 (KHTML, like Gecko) Chrome/64.0.3282.186 Safari/537.36"
::1 - - [05/Mar/2018:18:34:17 +0000] "GET /templates/chat.html HTTP/1.1" 304 - "http://localhost:3030/" "Mozilla/5.0 (Windows NT 10.0; Win64; x64) AppleWebKit/537.36 (KHTML, like Gecko) Chrome/64.0.3282.186 Safari/537.36"
::1 - - [07/Mar/2018:10:30:29 +0000] "OPTIONS /login HTTP/1.1" 200 4 "-" "Mozilla/5.0 (Windows NT 10.0; Win64; x64) AppleWebKit/537.36 (KHTML, like Gecko) Chrome/64.0.3282.186 Safari/537.36"
::1 - - [07/Mar/2018:10:30:30 +0000] "POST /login HTTP/1.1" 200 207 "http://localhost:4200/" "Mozilla/5.0 (Windows NT 10.0; Win64; x64) AppleWebKit/537.36 (KHTML, like Gecko) Chrome/64.0.3282.186 Safari/537.36"
::1 - - [07/Mar/2018:10:30:49 +0000] "OPTIONS /login HTTP/1.1" 200 4 "-" "Mozilla/5.0 (Windows NT 10.0; Win64; x64) AppleWebKit/537.36 (KHTML, like Gecko) Chrome/64.0.3282.186 Safari/537.36"
::1 - - [07/Mar/2018:10:30:50 +0000] "POST /login HTTP/1.1" 200 207 "http://localhost:4200/" "Mozilla/5.0 (Windows NT 10.0; Win64; x64) AppleWebKit/537.36 (KHTML, like Gecko) Chrome/64.0.3282.186 Safari/537.36"
::1 - - [07/Mar/2018:10:34:42 +0000] "OPTIONS /login HTTP/1.1" 200 4 "-" "Mozilla/5.0 (Windows NT 10.0; Win64; x64) AppleWebKit/537.36 (KHTML, like Gecko) Chrome/64.0.3282.186 Safari/537.36"
::1 - - [07/Mar/2018:10:34:42 +0000] "POST /login HTTP/1.1" 200 207 "http://localhost:4200/" "Mozilla/5.0 (Windows NT 10.0; Win64; x64) AppleWebKit/537.36 (KHTML, like Gecko) Chrome/64.0.3282.186 Safari/537.36"
::1 - - [07/Mar/2018:13:00:41 +0000] "GET / HTTP/1.1" 200 2444 "-" "Mozilla/5.0 (Windows NT 10.0; Win64; x64) AppleWebKit/537.36 (KHTML, like Gecko) Chrome/64.0.3282.186 Safari/537.36"
::1 - - [07/Mar/2018:13:00:41 +0000] "GET /lib/angular-ui-notification/dist/angular-ui-notification.css HTTP/1.1" 200 1517 "http://localhost:3030/" "Mozilla/5.0 (Windows NT 10.0; Win64; x64) AppleWebKit/537.36 (KHTML, like Gecko) Chrome/64.0.3282.186 Safari/537.36"
::1 - - [07/Mar/2018:13:00:41 +0000] "GET /lib/angular-storage/dist/angular-storage.min.js HTTP/1.1" 200 2823 "http://localhost:3030/" "Mozilla/5.0 (Windows NT 10.0; Win64; x64) AppleWebKit/537.36 (KHTML, like Gecko) Chrome/64.0.3282.186 Safari/537.36"
::1 - - [07/Mar/2018:13:00:41 +0000] "GET /js/app.js HTTP/1.1" 200 3442 "http://localhost:3030/" "Mozilla/5.0 (Windows NT 10.0; Win64; x64) AppleWebKit/537.36 (KHTML, like Gecko) Chrome/64.0.3282.186 Safari/537.36"
::1 - - [07/Mar/2018:13:00:41 +0000] "GET /lib/angular-ui-notification/dist/angular-ui-notification.js HTTP/1.1" 200 10745 "http://localhost:3030/" "Mozilla/5.0 (Windows NT 10.0; Win64; x64) AppleWebKit/537.36 (KHTML, like Gecko) Chrome/64.0.3282.186 Safari/537.36"
::1 - - [07/Mar/2018:13:00:41 +0000] "GET /js/controllers/main-ctrl.js HTTP/1.1" 200 720 "http://localhost:3030/" "Mozilla/5.0 (Windows NT 10.0; Win64; x64) AppleWebKit/537.36 (KHTML, like Gecko) Chrome/64.0.3282.186 Safari/537.36"
::1 - - [07/Mar/2018:13:00:41 +0000] "GET /js/controllers/register-ctrl.js HTTP/1.1" 200 414 "http://localhost:3030/" "Mozilla/5.0 (Windows NT 10.0; Win64; x64) AppleWebKit/537.36 (KHTML, like Gecko) Chrome/64.0.3282.186 Safari/537.36"
::1 - - [07/Mar/2018:13:00:41 +0000] "GET /js/controllers/login-ctrl.js HTTP/1.1" 200 1847 "http://localhost:3030/" "Mozilla/5.0 (Windows NT 10.0; Win64; x64) AppleWebKit/537.36 (KHTML, like Gecko) Chrome/64.0.3282.186 Safari/537.36"
::1 - - [07/Mar/2018:13:00:41 +0000] "GET /js/controllers/chat-ctrl.js HTTP/1.1" 200 458 "http://localhost:3030/" "Mozilla/5.0 (Windows NT 10.0; Win64; x64) AppleWebKit/537.36 (KHTML, like Gecko) Chrome/64.0.3282.186 Safari/537.36"
::1 - - [07/Mar/2018:13:00:41 +0000] "GET /js/controllers/home-ctrl.js HTTP/1.1" 200 1467 "http://localhost:3030/" "Mozilla/5.0 (Windows NT 10.0; Win64; x64) AppleWebKit/537.36 (KHTML, like Gecko) Chrome/64.0.3282.186 Safari/537.36"
::1 - - [07/Mar/2018:13:00:41 +0000] "GET /js/services/http-service.js HTTP/1.1" 200 441 "http://localhost:3030/" "Mozilla/5.0 (Windows NT 10.0; Win64; x64) AppleWebKit/537.36 (KHTML, like Gecko) Chrome/64.0.3282.186 Safari/537.36"
::1 - - [07/Mar/2018:13:00:41 +0000] "GET /js/services/token-service.js HTTP/1.1" 200 778 "http://localhost:3030/" "Mozilla/5.0 (Windows NT 10.0; Win64; x64) AppleWebKit/537.36 (KHTML, like Gecko) Chrome/64.0.3282.186 Safari/537.36"
::1 - - [07/Mar/2018:13:00:41 +0000] "GET /js/services/constant-service.js HTTP/1.1" 200 1283 "http://localhost:3030/" "Mozilla/5.0 (Windows NT 10.0; Win64; x64) AppleWebKit/537.36 (KHTML, like Gecko) Chrome/64.0.3282.186 Safari/537.36"
::1 - - [07/Mar/2018:13:00:41 +0000] "GET /js/services/api-interceptor-service.js HTTP/1.1" 200 1028 "http://localhost:3030/" "Mozilla/5.0 (Windows NT 10.0; Win64; x64) AppleWebKit/537.36 (KHTML, like Gecko) Chrome/64.0.3282.186 Safari/537.36"
::1 - - [07/Mar/2018:13:00:41 +0000] "GET /js/services/tabs-service.js HTTP/1.1" 200 755 "http://localhost:3030/" "Mozilla/5.0 (Windows NT 10.0; Win64; x64) AppleWebKit/537.36 (KHTML, like Gecko) Chrome/64.0.3282.186 Safari/537.36"
::1 - - [07/Mar/2018:13:00:41 +0000] "GET /js/services/check-allowed-states-service.js HTTP/1.1" 200 571 "http://localhost:3030/" "Mozilla/5.0 (Windows NT 10.0; Win64; x64) AppleWebKit/537.36 (KHTML, like Gecko) Chrome/64.0.3282.186 Safari/537.36"
::1 - - [07/Mar/2018:13:00:41 +0000] "GET /js/filters/filter.js HTTP/1.1" 200 200 "http://localhost:3030/" "Mozilla/5.0 (Windows NT 10.0; Win64; x64) AppleWebKit/537.36 (KHTML, like Gecko) Chrome/64.0.3282.186 Safari/537.36"
::1 - - [07/Mar/2018:13:00:41 +0000] "GET /js/services/auth-service.js HTTP/1.1" 200 518 "http://localhost:3030/" "Mozilla/5.0 (Windows NT 10.0; Win64; x64) AppleWebKit/537.36 (KHTML, like Gecko) Chrome/64.0.3282.186 Safari/537.36"
::1 - - [07/Mar/2018:13:00:41 +0000] "GET /lib/angular-ui-router/release/angular-ui-router.min.js HTTP/1.1" 200 110683 "http://localhost:3030/" "Mozilla/5.0 (Windows NT 10.0; Win64; x64) AppleWebKit/537.36 (KHTML, like Gecko) Chrome/64.0.3282.186 Safari/537.36"
::1 - - [07/Mar/2018:13:00:41 +0000] "GET /lib/angular/angular.min.js HTTP/1.1" 200 169920 "http://localhost:3030/" "Mozilla/5.0 (Windows NT 10.0; Win64; x64) AppleWebKit/537.36 (KHTML, like Gecko) Chrome/64.0.3282.186 Safari/537.36"
::1 - - [07/Mar/2018:13:00:42 +0000] "GET /templates/mainn.html HTTP/1.1" 200 785 "http://localhost:3030/" "Mozilla/5.0 (Windows NT 10.0; Win64; x64) AppleWebKit/537.36 (KHTML, like Gecko) Chrome/64.0.3282.186 Safari/537.36"
::1 - - [07/Mar/2018:13:00:42 +0000] "GET /templates/login.html HTTP/1.1" 200 661 "http://localhost:3030/" "Mozilla/5.0 (Windows NT 10.0; Win64; x64) AppleWebKit/537.36 (KHTML, like Gecko) Chrome/64.0.3282.186 Safari/537.36"
::1 - - [07/Mar/2018:13:00:42 +0000] "GET /favicon.ico HTTP/1.1" 404 150 "http://localhost:3030/" "Mozilla/5.0 (Windows NT 10.0; Win64; x64) AppleWebKit/537.36 (KHTML, like Gecko) Chrome/64.0.3282.186 Safari/537.36"
::1 - - [07/Mar/2018:13:00:53 +0000] "POST /login HTTP/1.1" 200 53 "http://localhost:3030/" "Mozilla/5.0 (Windows NT 10.0; Win64; x64) AppleWebKit/537.36 (KHTML, like Gecko) Chrome/64.0.3282.186 Safari/537.36"
::1 - - [07/Mar/2018:13:01:00 +0000] "POST /login HTTP/1.1" 200 207 "http://localhost:3030/" "Mozilla/5.0 (Windows NT 10.0; Win64; x64) AppleWebKit/537.36 (KHTML, like Gecko) Chrome/64.0.3282.186 Safari/537.36"
::1 - - [07/Mar/2018:13:01:02 +0000] "GET /templates/home.html HTTP/1.1" 200 481 "http://localhost:3030/" "Mozilla/5.0 (Windows NT 10.0; Win64; x64) AppleWebKit/537.36 (KHTML, like Gecko) Chrome/64.0.3282.186 Safari/537.36"
::1 - - [07/Mar/2018:13:01:02 +0000] "GET /app HTTP/1.1" 200 361 "http://localhost:3030/" "Mozilla/5.0 (Windows NT 10.0; Win64; x64) AppleWebKit/537.36 (KHTML, like Gecko) Chrome/64.0.3282.186 Safari/537.36"
::1 - - [07/Mar/2018:13:01:11 +0000] "GET /lib/angular-ui-notification/dist/angular-ui-notification.css HTTP/1.1" 304 - "http://localhost:3030/" "Mozilla/5.0 (Windows NT 10.0; Win64; x64) AppleWebKit/537.36 (KHTML, like Gecko) Chrome/64.0.3282.186 Safari/537.36"
::1 - - [07/Mar/2018:13:01:11 +0000] "GET /lib/angular-ui-router/release/angular-ui-router.min.js.map HTTP/1.1" 200 240235 "-" "Mozilla/5.0 (Windows NT 10.0; Win64; x64) AppleWebKit/537.36 (KHTML, like Gecko) Chrome/64.0.3282.186 Safari/537.36"
::1 - - [07/Mar/2018:13:01:11 +0000] "GET /lib/angular/angular.min.js.map HTTP/1.1" 200 453136 "-" "Mozilla/5.0 (Windows NT 10.0; Win64; x64) AppleWebKit/537.36 (KHTML, like Gecko) Chrome/64.0.3282.186 Safari/537.36"
::1 - - [07/Mar/2018:13:01:19 +0000] "GET / HTTP/1.1" 304 - "-" "Mozilla/5.0 (Windows NT 10.0; Win64; x64) AppleWebKit/537.36 (KHTML, like Gecko) Chrome/64.0.3282.186 Safari/537.36"
::1 - - [07/Mar/2018:13:01:19 +0000] "GET /lib/angular-ui-notification/dist/angular-ui-notification.css HTTP/1.1" 304 - "http://localhost:3030/" "Mozilla/5.0 (Windows NT 10.0; Win64; x64) AppleWebKit/537.36 (KHTML, like Gecko) Chrome/64.0.3282.186 Safari/537.36"
::1 - - [07/Mar/2018:13:01:19 +0000] "GET /lib/angular/angular.min.js HTTP/1.1" 304 - "http://localhost:3030/" "Mozilla/5.0 (Windows NT 10.0; Win64; x64) AppleWebKit/537.36 (KHTML, like Gecko) Chrome/64.0.3282.186 Safari/537.36"
::1 - - [07/Mar/2018:13:01:19 +0000] "GET /lib/angular-ui-router/release/angular-ui-router.min.js HTTP/1.1" 304 - "http://localhost:3030/" "Mozilla/5.0 (Windows NT 10.0; Win64; x64) AppleWebKit/537.36 (KHTML, like Gecko) Chrome/64.0.3282.186 Safari/537.36"
::1 - - [07/Mar/2018:13:01:19 +0000] "GET /lib/angular-storage/dist/angular-storage.min.js HTTP/1.1" 304 - "http://localhost:3030/" "Mozilla/5.0 (Windows NT 10.0; Win64; x64) AppleWebKit/537.36 (KHTML, like Gecko) Chrome/64.0.3282.186 Safari/537.36"
::1 - - [07/Mar/2018:13:01:19 +0000] "GET /lib/angular-ui-notification/dist/angular-ui-notification.js HTTP/1.1" 304 - "http://localhost:3030/" "Mozilla/5.0 (Windows NT 10.0; Win64; x64) AppleWebKit/537.36 (KHTML, like Gecko) Chrome/64.0.3282.186 Safari/537.36"
::1 - - [07/Mar/2018:13:01:19 +0000] "GET /js/app.js HTTP/1.1" 304 - "http://localhost:3030/" "Mozilla/5.0 (Windows NT 10.0; Win64; x64) AppleWebKit/537.36 (KHTML, like Gecko) Chrome/64.0.3282.186 Safari/537.36"
::1 - - [07/Mar/2018:13:01:19 +0000] "GET /js/controllers/main-ctrl.js HTTP/1.1" 304 - "http://localhost:3030/" "Mozilla/5.0 (Windows NT 10.0; Win64; x64) AppleWebKit/537.36 (KHTML, like Gecko) Chrome/64.0.3282.186 Safari/537.36"
::1 - - [07/Mar/2018:13:01:19 +0000] "GET /js/controllers/register-ctrl.js HTTP/1.1" 304 - "http://localhost:3030/" "Mozilla/5.0 (Windows NT 10.0; Win64; x64) AppleWebKit/537.36 (KHTML, like Gecko) Chrome/64.0.3282.186 Safari/537.36"
::1 - - [07/Mar/2018:13:01:19 +0000] "GET /js/controllers/login-ctrl.js HTTP/1.1" 304 - "http://localhost:3030/" "Mozilla/5.0 (Windows NT 10.0; Win64; x64) AppleWebKit/537.36 (KHTML, like Gecko) Chrome/64.0.3282.186 Safari/537.36"
::1 - - [07/Mar/2018:13:01:19 +0000] "GET /js/controllers/home-ctrl.js HTTP/1.1" 304 - "http://localhost:3030/" "Mozilla/5.0 (Windows NT 10.0; Win64; x64) AppleWebKit/537.36 (KHTML, like Gecko) Chrome/64.0.3282.186 Safari/537.36"
::1 - - [07/Mar/2018:13:01:19 +0000] "GET /js/controllers/chat-ctrl.js HTTP/1.1" 304 - "http://localhost:3030/" "Mozilla/5.0 (Windows NT 10.0; Win64; x64) AppleWebKit/537.36 (KHTML, like Gecko) Chrome/64.0.3282.186 Safari/537.36"
::1 - - [07/Mar/2018:13:01:19 +0000] "GET /js/services/token-service.js HTTP/1.1" 304 - "http://localhost:3030/" "Mozilla/5.0 (Windows NT 10.0; Win64; x64) AppleWebKit/537.36 (KHTML, like Gecko) Chrome/64.0.3282.186 Safari/537.36"
::1 - - [07/Mar/2018:13:01:19 +0000] "GET /js/services/http-service.js HTTP/1.1" 304 - "http://localhost:3030/" "Mozilla/5.0 (Windows NT 10.0; Win64; x64) AppleWebKit/537.36 (KHTML, like Gecko) Chrome/64.0.3282.186 Safari/537.36"
::1 - - [07/Mar/2018:13:01:19 +0000] "GET /js/services/constant-service.js HTTP/1.1" 304 - "http://localhost:3030/" "Mozilla/5.0 (Windows NT 10.0; Win64; x64) AppleWebKit/537.36 (KHTML, like Gecko) Chrome/64.0.3282.186 Safari/537.36"
::1 - - [07/Mar/2018:13:01:19 +0000] "GET /js/services/api-interceptor-service.js HTTP/1.1" 304 - "http://localhost:3030/" "Mozilla/5.0 (Windows NT 10.0; Win64; x64) AppleWebKit/537.36 (KHTML, like Gecko) Chrome/64.0.3282.186 Safari/537.36"
::1 - - [07/Mar/2018:13:01:19 +0000] "GET /js/services/check-allowed-states-service.js HTTP/1.1" 304 - "http://localhost:3030/" "Mozilla/5.0 (Windows NT 10.0; Win64; x64) AppleWebKit/537.36 (KHTML, like Gecko) Chrome/64.0.3282.186 Safari/537.36"
::1 - - [07/Mar/2018:13:01:19 +0000] "GET /js/services/tabs-service.js HTTP/1.1" 304 - "http://localhost:3030/" "Mozilla/5.0 (Windows NT 10.0; Win64; x64) AppleWebKit/537.36 (KHTML, like Gecko) Chrome/64.0.3282.186 Safari/537.36"
::1 - - [07/Mar/2018:13:01:19 +0000] "GET /js/services/auth-service.js HTTP/1.1" 304 - "http://localhost:3030/" "Mozilla/5.0 (Windows NT 10.0; Win64; x64) AppleWebKit/537.36 (KHTML, like Gecko) Chrome/64.0.3282.186 Safari/537.36"
::1 - - [07/Mar/2018:13:01:19 +0000] "GET /js/filters/filter.js HTTP/1.1" 304 - "http://localhost:3030/" "Mozilla/5.0 (Windows NT 10.0; Win64; x64) AppleWebKit/537.36 (KHTML, like Gecko) Chrome/64.0.3282.186 Safari/537.36"
::1 - - [07/Mar/2018:13:01:19 +0000] "GET /lib/angular/angular.min.js.map HTTP/1.1" 304 - "-" "Mozilla/5.0 (Windows NT 10.0; Win64; x64) AppleWebKit/537.36 (KHTML, like Gecko) Chrome/64.0.3282.186 Safari/537.36"
::1 - - [07/Mar/2018:13:01:19 +0000] "GET /lib/angular-ui-router/release/angular-ui-router.min.js.map HTTP/1.1" 304 - "-" "Mozilla/5.0 (Windows NT 10.0; Win64; x64) AppleWebKit/537.36 (KHTML, like Gecko) Chrome/64.0.3282.186 Safari/537.36"
::1 - - [07/Mar/2018:13:01:19 +0000] "GET /templates/mainn.html HTTP/1.1" 304 - "http://localhost:3030/" "Mozilla/5.0 (Windows NT 10.0; Win64; x64) AppleWebKit/537.36 (KHTML, like Gecko) Chrome/64.0.3282.186 Safari/537.36"
::1 - - [07/Mar/2018:13:01:20 +0000] "GET /templates/home.html HTTP/1.1" 304 - "http://localhost:3030/" "Mozilla/5.0 (Windows NT 10.0; Win64; x64) AppleWebKit/537.36 (KHTML, like Gecko) Chrome/64.0.3282.186 Safari/537.36"
::1 - - [07/Mar/2018:13:01:20 +0000] "GET /app HTTP/1.1" 304 - "http://localhost:3030/" "Mozilla/5.0 (Windows NT 10.0; Win64; x64) AppleWebKit/537.36 (KHTML, like Gecko) Chrome/64.0.3282.186 Safari/537.36"
::1 - - [07/Mar/2018:16:43:04 +0000] "OPTIONS /login HTTP/1.1" 200 4 "-" "Mozilla/5.0 (Windows NT 10.0; Win64; x64) AppleWebKit/537.36 (KHTML, like Gecko) Chrome/64.0.3282.186 Safari/537.36"
::1 - - [07/Mar/2018:16:43:04 +0000] "POST /login HTTP/1.1" 200 207 "http://localhost:4200/" "Mozilla/5.0 (Windows NT 10.0; Win64; x64) AppleWebKit/537.36 (KHTML, like Gecko) Chrome/64.0.3282.186 Safari/537.36"
::1 - - [07/Mar/2018:16:44:39 +0000] "OPTIONS /login HTTP/1.1" 200 4 "-" "Mozilla/5.0 (Windows NT 10.0; Win64; x64) AppleWebKit/537.36 (KHTML, like Gecko) Chrome/64.0.3282.186 Safari/537.36"
::1 - - [07/Mar/2018:16:44:39 +0000] "POST /login HTTP/1.1" 200 207 "http://localhost:4200/" "Mozilla/5.0 (Windows NT 10.0; Win64; x64) AppleWebKit/537.36 (KHTML, like Gecko) Chrome/64.0.3282.186 Safari/537.36"
::1 - - [07/Mar/2018:16:45:25 +0000] "OPTIONS /login HTTP/1.1" 200 4 "-" "Mozilla/5.0 (Windows NT 10.0; Win64; x64) AppleWebKit/537.36 (KHTML, like Gecko) Chrome/64.0.3282.186 Safari/537.36"
::1 - - [07/Mar/2018:16:45:26 +0000] "POST /login HTTP/1.1" 200 207 "http://localhost:4200/" "Mozilla/5.0 (Windows NT 10.0; Win64; x64) AppleWebKit/537.36 (KHTML, like Gecko) Chrome/64.0.3282.186 Safari/537.36"
::1 - - [07/Mar/2018:16:46:13 +0000] "OPTIONS /login HTTP/1.1" 200 4 "-" "Mozilla/5.0 (Windows NT 10.0; Win64; x64) AppleWebKit/537.36 (KHTML, like Gecko) Chrome/64.0.3282.186 Safari/537.36"
::1 - - [07/Mar/2018:16:46:13 +0000] "POST /login HTTP/1.1" 200 207 "http://localhost:4200/" "Mozilla/5.0 (Windows NT 10.0; Win64; x64) AppleWebKit/537.36 (KHTML, like Gecko) Chrome/64.0.3282.186 Safari/537.36"
